[0.318s] Invoking command in '/home/ubuntu/pibot_ws/src/pibot_py_examples': PYTHONPATH=/home/ubuntu/pibot_ws/build/pibot_py_examples/prefix_override:/usr/lib/python3/dist-packages/colcon_core/task/python/colcon_distutils_commands:/home/ubuntu/pibot_ws/install/pibot_py_examples/lib/python3.10/site-packages:${PYTHONPATH} /usr/bin/python3 -W ignore:setup.py install is deprecated -W ignore:easy_install command is deprecated setup.py egg_info --egg-base ../../build/pibot_py_examples build --build-base /home/ubuntu/pibot_ws/build/pibot_py_examples/build install --record /home/ubuntu/pibot_ws/build/pibot_py_examples/install.log --single-version-externally-managed install_data
[0.426s] running egg_info
[0.427s] writing ../../build/pibot_py_examples/pibot_py_examples.egg-info/PKG-INFO
[0.427s] writing dependency_links to ../../build/pibot_py_examples/pibot_py_examples.egg-info/dependency_links.txt
[0.427s] writing entry points to ../../build/pibot_py_examples/pibot_py_examples.egg-info/entry_points.txt
[0.427s] writing requirements to ../../build/pibot_py_examples/pibot_py_examples.egg-info/requires.txt
[0.427s] writing top-level names to ../../build/pibot_py_examples/pibot_py_examples.egg-info/top_level.txt
[0.428s] reading manifest file '../../build/pibot_py_examples/pibot_py_examples.egg-info/SOURCES.txt'
[0.429s] writing manifest file '../../build/pibot_py_examples/pibot_py_examples.egg-info/SOURCES.txt'
[0.429s] running build
[0.429s] running build_py
[0.429s] running install
[0.429s] running install_lib
[0.430s] running install_data
[0.430s] running install_egg_info
[0.431s] removing '/home/ubuntu/pibot_ws/install/pibot_py_examples/lib/python3.10/site-packages/pibot_py_examples-0.0.0-py3.10.egg-info' (and everything under it)
[0.431s] Copying ../../build/pibot_py_examples/pibot_py_examples.egg-info to /home/ubuntu/pibot_ws/install/pibot_py_examples/lib/python3.10/site-packages/pibot_py_examples-0.0.0-py3.10.egg-info
[0.432s] running install_scripts
[0.443s] Installing simple_publisher script to /home/ubuntu/pibot_ws/install/pibot_py_examples/lib/pibot_py_examples
[0.444s] writing list of installed files to '/home/ubuntu/pibot_ws/build/pibot_py_examples/install.log'
[0.456s] Invoked command in '/home/ubuntu/pibot_ws/src/pibot_py_examples' returned '0': PYTHONPATH=/home/ubuntu/pibot_ws/build/pibot_py_examples/prefix_override:/usr/lib/python3/dist-packages/colcon_core/task/python/colcon_distutils_commands:/home/ubuntu/pibot_ws/install/pibot_py_examples/lib/python3.10/site-packages:${PYTHONPATH} /usr/bin/python3 -W ignore:setup.py install is deprecated -W ignore:easy_install command is deprecated setup.py egg_info --egg-base ../../build/pibot_py_examples build --build-base /home/ubuntu/pibot_ws/build/pibot_py_examples/build install --record /home/ubuntu/pibot_ws/build/pibot_py_examples/install.log --single-version-externally-managed install_data
