[0.058s] DEBUG:colcon:Command line arguments: ['/usr/bin/colcon', 'build']
[0.058s] DEBUG:colcon:Parsed command line arguments: Namespace(log_base=None, log_level=None, verb_name='build', build_base='build', install_base='install', merge_install=False, symlink_install=False, test_result_base=None, continue_on_error=False, executor='parallel', parallel_workers=8, event_handlers=None, ignore_user_meta=False, metas=['./colcon.meta'], base_paths=['.'], packages_ignore=None, packages_ignore_regex=None, paths=None, packages_up_to=None, packages_up_to_regex=None, packages_above=None, packages_above_and_dependencies=None, packages_above_depth=None, packages_select_by_dep=None, packages_skip_by_dep=None, packages_skip_up_to=None, packages_select_build_failed=False, packages_skip_build_finished=False, packages_select_test_failures=False, packages_skip_test_passed=False, packages_select=None, packages_skip=None, packages_select_regex=None, packages_skip_regex=None, packages_start=None, packages_end=None, allow_overriding=[], cmake_args=None, cmake_target=None, cmake_target_skip_unavailable=False, cmake_clean_cache=False, cmake_clean_first=False, cmake_force_configure=False, ament_cmake_args=None, catkin_cmake_args=None, catkin_skip_building_tests=False, mixin_files=None, mixin=None, verb_parser=<colcon_mixin.mixin.mixin_argument.MixinArgumentDecorator object at 0xffff987f63b0>, verb_extension=<colcon_core.verb.build.BuildVerb object at 0xffff987f5d50>, main=<bound method BuildVerb.main of <colcon_core.verb.build.BuildVerb object at 0xffff987f5d50>>, mixin_verb=('build',))
[0.135s] Level 1:colcon.colcon_core.package_discovery:discover_packages(colcon_meta) check parameters
[0.135s] Level 1:colcon.colcon_core.package_discovery:discover_packages(recursive) check parameters
[0.135s] Level 1:colcon.colcon_core.package_discovery:discover_packages(ignore) check parameters
[0.135s] Level 1:colcon.colcon_core.package_discovery:discover_packages(path) check parameters
[0.135s] Level 1:colcon.colcon_core.package_discovery:discover_packages(colcon_meta) discover
[0.135s] Level 1:colcon.colcon_core.package_discovery:discover_packages(recursive) discover
[0.135s] INFO:colcon.colcon_core.package_discovery:Crawling recursively for packages in '/home/ubuntu/pibot_ws'
[0.135s] Level 1:colcon.colcon_core.package_identification:_identify(.) by extensions ['ignore', 'ignore_ament_install']
[0.136s] Level 1:colcon.colcon_core.package_identification:_identify(.) by extension 'ignore'
[0.136s] Level 1:colcon.colcon_core.package_identification:_identify(.) by extension 'ignore_ament_install'
[0.136s] Level 1:colcon.colcon_core.package_identification:_identify(.) by extensions ['colcon_pkg']
[0.136s] Level 1:colcon.colcon_core.package_identification:_identify(.) by extension 'colcon_pkg'
[0.136s] Level 1:colcon.colcon_core.package_identification:_identify(.) by extensions ['colcon_meta']
[0.136s] Level 1:colcon.colcon_core.package_identification:_identify(.) by extension 'colcon_meta'
[0.136s] Level 1:colcon.colcon_core.package_identification:_identify(.) by extensions ['ros']
[0.136s] Level 1:colcon.colcon_core.package_identification:_identify(.) by extension 'ros'
[0.142s] Level 1:colcon.colcon_core.package_identification:_identify(.) by extensions ['cmake', 'python']
[0.142s] Level 1:colcon.colcon_core.package_identification:_identify(.) by extension 'cmake'
[0.142s] Level 1:colcon.colcon_core.package_identification:_identify(.) by extension 'python'
[0.142s] Level 1:colcon.colcon_core.package_identification:_identify(.) by extensions ['python_setup_py']
[0.142s] Level 1:colcon.colcon_core.package_identification:_identify(.) by extension 'python_setup_py'
[0.142s] Level 1:colcon.colcon_core.package_identification:_identify(build) by extensions ['ignore', 'ignore_ament_install']
[0.142s] Level 1:colcon.colcon_core.package_identification:_identify(build) by extension 'ignore'
[0.142s] Level 1:colcon.colcon_core.package_identification:_identify(build) ignored
[0.143s] Level 1:colcon.colcon_core.package_identification:_identify(install) by extensions ['ignore', 'ignore_ament_install']
[0.143s] Level 1:colcon.colcon_core.package_identification:_identify(install) by extension 'ignore'
[0.143s] Level 1:colcon.colcon_core.package_identification:_identify(install) ignored
[0.143s] Level 1:colcon.colcon_core.package_identification:_identify(log) by extensions ['ignore', 'ignore_ament_install']
[0.143s] Level 1:colcon.colcon_core.package_identification:_identify(log) by extension 'ignore'
[0.143s] Level 1:colcon.colcon_core.package_identification:_identify(log) ignored
[0.143s] Level 1:colcon.colcon_core.package_identification:_identify(src) by extensions ['ignore', 'ignore_ament_install']
[0.143s] Level 1:colcon.colcon_core.package_identification:_identify(src) by extension 'ignore'
[0.143s] Level 1:colcon.colcon_core.package_identification:_identify(src) by extension 'ignore_ament_install'
[0.143s] Level 1:colcon.colcon_core.package_identification:_identify(src) by extensions ['colcon_pkg']
[0.143s] Level 1:colcon.colcon_core.package_identification:_identify(src) by extension 'colcon_pkg'
[0.143s] Level 1:colcon.colcon_core.package_identification:_identify(src) by extensions ['colcon_meta']
[0.143s] Level 1:colcon.colcon_core.package_identification:_identify(src) by extension 'colcon_meta'
[0.143s] Level 1:colcon.colcon_core.package_identification:_identify(src) by extensions ['ros']
[0.143s] Level 1:colcon.colcon_core.package_identification:_identify(src) by extension 'ros'
[0.143s] Level 1:colcon.colcon_core.package_identification:_identify(src) by extensions ['cmake', 'python']
[0.143s] Level 1:colcon.colcon_core.package_identification:_identify(src) by extension 'cmake'
[0.143s] Level 1:colcon.colcon_core.package_identification:_identify(src) by extension 'python'
[0.143s] Level 1:colcon.colcon_core.package_identification:_identify(src) by extensions ['python_setup_py']
[0.143s] Level 1:colcon.colcon_core.package_identification:_identify(src) by extension 'python_setup_py'
[0.143s] Level 1:colcon.colcon_core.package_identification:_identify(src/pibot_cpp_examples) by extensions ['ignore', 'ignore_ament_install']
[0.143s] Level 1:colcon.colcon_core.package_identification:_identify(src/pibot_cpp_examples) by extension 'ignore'
[0.143s] Level 1:colcon.colcon_core.package_identification:_identify(src/pibot_cpp_examples) by extension 'ignore_ament_install'
[0.143s] Level 1:colcon.colcon_core.package_identification:_identify(src/pibot_cpp_examples) by extensions ['colcon_pkg']
[0.143s] Level 1:colcon.colcon_core.package_identification:_identify(src/pibot_cpp_examples) by extension 'colcon_pkg'
[0.143s] Level 1:colcon.colcon_core.package_identification:_identify(src/pibot_cpp_examples) by extensions ['colcon_meta']
[0.143s] Level 1:colcon.colcon_core.package_identification:_identify(src/pibot_cpp_examples) by extension 'colcon_meta'
[0.143s] Level 1:colcon.colcon_core.package_identification:_identify(src/pibot_cpp_examples) by extensions ['ros']
[0.143s] Level 1:colcon.colcon_core.package_identification:_identify(src/pibot_cpp_examples) by extension 'ros'
[0.144s] DEBUG:colcon.colcon_core.package_identification:Package 'src/pibot_cpp_examples' with type 'ros.ament_cmake' and name 'pibot_cpp_examples'
[0.144s] Level 1:colcon.colcon_core.package_identification:_identify(src/pibot_description) by extensions ['ignore', 'ignore_ament_install']
[0.144s] Level 1:colcon.colcon_core.package_identification:_identify(src/pibot_description) by extension 'ignore'
[0.144s] Level 1:colcon.colcon_core.package_identification:_identify(src/pibot_description) by extension 'ignore_ament_install'
[0.144s] Level 1:colcon.colcon_core.package_identification:_identify(src/pibot_description) by extensions ['colcon_pkg']
[0.144s] Level 1:colcon.colcon_core.package_identification:_identify(src/pibot_description) by extension 'colcon_pkg'
[0.144s] Level 1:colcon.colcon_core.package_identification:_identify(src/pibot_description) by extensions ['colcon_meta']
[0.144s] Level 1:colcon.colcon_core.package_identification:_identify(src/pibot_description) by extension 'colcon_meta'
[0.144s] Level 1:colcon.colcon_core.package_identification:_identify(src/pibot_description) by extensions ['ros']
[0.144s] Level 1:colcon.colcon_core.package_identification:_identify(src/pibot_description) by extension 'ros'
[0.145s] DEBUG:colcon.colcon_core.package_identification:Package 'src/pibot_description' with type 'ros.ament_cmake' and name 'pibot_description'
[0.145s] Level 1:colcon.colcon_core.package_identification:_identify(src/pibot_py_examples) by extensions ['ignore', 'ignore_ament_install']
[0.145s] Level 1:colcon.colcon_core.package_identification:_identify(src/pibot_py_examples) by extension 'ignore'
[0.145s] Level 1:colcon.colcon_core.package_identification:_identify(src/pibot_py_examples) by extension 'ignore_ament_install'
[0.145s] Level 1:colcon.colcon_core.package_identification:_identify(src/pibot_py_examples) by extensions ['colcon_pkg']
[0.145s] Level 1:colcon.colcon_core.package_identification:_identify(src/pibot_py_examples) by extension 'colcon_pkg'
[0.145s] Level 1:colcon.colcon_core.package_identification:_identify(src/pibot_py_examples) by extensions ['colcon_meta']
[0.145s] Level 1:colcon.colcon_core.package_identification:_identify(src/pibot_py_examples) by extension 'colcon_meta'
[0.145s] Level 1:colcon.colcon_core.package_identification:_identify(src/pibot_py_examples) by extensions ['ros']
[0.145s] Level 1:colcon.colcon_core.package_identification:_identify(src/pibot_py_examples) by extension 'ros'
[0.145s] DEBUG:colcon.colcon_core.package_identification:Package 'src/pibot_py_examples' with type 'ros.ament_python' and name 'pibot_py_examples'
[0.145s] Level 1:colcon.colcon_core.package_discovery:discover_packages(recursive) using defaults
[0.145s] Level 1:colcon.colcon_core.package_discovery:discover_packages(ignore) discover
[0.145s] Level 1:colcon.colcon_core.package_discovery:discover_packages(ignore) using defaults
[0.145s] Level 1:colcon.colcon_core.package_discovery:discover_packages(path) discover
[0.145s] Level 1:colcon.colcon_core.package_discovery:discover_packages(path) using defaults
[0.159s] Level 1:colcon.colcon_core.package_discovery:discover_packages(prefix_path) check parameters
[0.159s] Level 1:colcon.colcon_core.package_discovery:discover_packages(prefix_path) discover
[0.160s] DEBUG:colcon.colcon_installed_package_information.package_discovery:Found 3 installed packages in /home/ubuntu/pibot_ws/install
[0.161s] DEBUG:colcon.colcon_installed_package_information.package_discovery:Found 356 installed packages in /opt/ros/humble
[0.162s] Level 1:colcon.colcon_core.package_discovery:discover_packages(prefix_path) using defaults
[0.183s] Level 5:colcon.colcon_core.verb:set package 'pibot_cpp_examples' build argument 'cmake_args' from command line to 'None'
[0.183s] Level 5:colcon.colcon_core.verb:set package 'pibot_cpp_examples' build argument 'cmake_target' from command line to 'None'
[0.183s] Level 5:colcon.colcon_core.verb:set package 'pibot_cpp_examples' build argument 'cmake_target_skip_unavailable' from command line to 'False'
[0.183s] Level 5:colcon.colcon_core.verb:set package 'pibot_cpp_examples' build argument 'cmake_clean_cache' from command line to 'False'
[0.183s] Level 5:colcon.colcon_core.verb:set package 'pibot_cpp_examples' build argument 'cmake_clean_first' from command line to 'False'
[0.183s] Level 5:colcon.colcon_core.verb:set package 'pibot_cpp_examples' build argument 'cmake_force_configure' from command line to 'False'
[0.183s] Level 5:colcon.colcon_core.verb:set package 'pibot_cpp_examples' build argument 'ament_cmake_args' from command line to 'None'
[0.183s] Level 5:colcon.colcon_core.verb:set package 'pibot_cpp_examples' build argument 'catkin_cmake_args' from command line to 'None'
[0.183s] Level 5:colcon.colcon_core.verb:set package 'pibot_cpp_examples' build argument 'catkin_skip_building_tests' from command line to 'False'
[0.183s] DEBUG:colcon.colcon_core.verb:Building package 'pibot_cpp_examples' with the following arguments: {'ament_cmake_args': None, 'build_base': '/home/ubuntu/pibot_ws/build/pibot_cpp_examples', 'catkin_cmake_args': None, 'catkin_skip_building_tests': False, 'cmake_args': None, 'cmake_clean_cache': False, 'cmake_clean_first': False, 'cmake_force_configure': False, 'cmake_target': None, 'cmake_target_skip_unavailable': False, 'install_base': '/home/ubuntu/pibot_ws/install/pibot_cpp_examples', 'merge_install': False, 'path': '/home/ubuntu/pibot_ws/src/pibot_cpp_examples', 'symlink_install': False, 'test_result_base': None}
[0.183s] Level 5:colcon.colcon_core.verb:set package 'pibot_description' build argument 'cmake_args' from command line to 'None'
[0.183s] Level 5:colcon.colcon_core.verb:set package 'pibot_description' build argument 'cmake_target' from command line to 'None'
[0.183s] Level 5:colcon.colcon_core.verb:set package 'pibot_description' build argument 'cmake_target_skip_unavailable' from command line to 'False'
[0.183s] Level 5:colcon.colcon_core.verb:set package 'pibot_description' build argument 'cmake_clean_cache' from command line to 'False'
[0.183s] Level 5:colcon.colcon_core.verb:set package 'pibot_description' build argument 'cmake_clean_first' from command line to 'False'
[0.183s] Level 5:colcon.colcon_core.verb:set package 'pibot_description' build argument 'cmake_force_configure' from command line to 'False'
[0.183s] Level 5:colcon.colcon_core.verb:set package 'pibot_description' build argument 'ament_cmake_args' from command line to 'None'
[0.183s] Level 5:colcon.colcon_core.verb:set package 'pibot_description' build argument 'catkin_cmake_args' from command line to 'None'
[0.183s] Level 5:colcon.colcon_core.verb:set package 'pibot_description' build argument 'catkin_skip_building_tests' from command line to 'False'
[0.183s] DEBUG:colcon.colcon_core.verb:Building package 'pibot_description' with the following arguments: {'ament_cmake_args': None, 'build_base': '/home/ubuntu/pibot_ws/build/pibot_description', 'catkin_cmake_args': None, 'catkin_skip_building_tests': False, 'cmake_args': None, 'cmake_clean_cache': False, 'cmake_clean_first': False, 'cmake_force_configure': False, 'cmake_target': None, 'cmake_target_skip_unavailable': False, 'install_base': '/home/ubuntu/pibot_ws/install/pibot_description', 'merge_install': False, 'path': '/home/ubuntu/pibot_ws/src/pibot_description', 'symlink_install': False, 'test_result_base': None}
[0.183s] Level 5:colcon.colcon_core.verb:set package 'pibot_py_examples' build argument 'cmake_args' from command line to 'None'
[0.183s] Level 5:colcon.colcon_core.verb:set package 'pibot_py_examples' build argument 'cmake_target' from command line to 'None'
[0.183s] Level 5:colcon.colcon_core.verb:set package 'pibot_py_examples' build argument 'cmake_target_skip_unavailable' from command line to 'False'
[0.183s] Level 5:colcon.colcon_core.verb:set package 'pibot_py_examples' build argument 'cmake_clean_cache' from command line to 'False'
[0.183s] Level 5:colcon.colcon_core.verb:set package 'pibot_py_examples' build argument 'cmake_clean_first' from command line to 'False'
[0.183s] Level 5:colcon.colcon_core.verb:set package 'pibot_py_examples' build argument 'cmake_force_configure' from command line to 'False'
[0.183s] Level 5:colcon.colcon_core.verb:set package 'pibot_py_examples' build argument 'ament_cmake_args' from command line to 'None'
[0.183s] Level 5:colcon.colcon_core.verb:set package 'pibot_py_examples' build argument 'catkin_cmake_args' from command line to 'None'
[0.183s] Level 5:colcon.colcon_core.verb:set package 'pibot_py_examples' build argument 'catkin_skip_building_tests' from command line to 'False'
[0.183s] DEBUG:colcon.colcon_core.verb:Building package 'pibot_py_examples' with the following arguments: {'ament_cmake_args': None, 'build_base': '/home/ubuntu/pibot_ws/build/pibot_py_examples', 'catkin_cmake_args': None, 'catkin_skip_building_tests': False, 'cmake_args': None, 'cmake_clean_cache': False, 'cmake_clean_first': False, 'cmake_force_configure': False, 'cmake_target': None, 'cmake_target_skip_unavailable': False, 'install_base': '/home/ubuntu/pibot_ws/install/pibot_py_examples', 'merge_install': False, 'path': '/home/ubuntu/pibot_ws/src/pibot_py_examples', 'symlink_install': False, 'test_result_base': None}
[0.183s] INFO:colcon.colcon_core.executor:Executing jobs using 'parallel' executor
[0.184s] DEBUG:colcon.colcon_parallel_executor.executor.parallel:run_until_complete
[0.184s] INFO:colcon.colcon_ros.task.ament_cmake.build:Building ROS package in '/home/ubuntu/pibot_ws/src/pibot_cpp_examples' with build type 'ament_cmake'
[0.184s] INFO:colcon.colcon_cmake.task.cmake.build:Building CMake package in '/home/ubuntu/pibot_ws/src/pibot_cpp_examples'
[0.185s] INFO:colcon.colcon_core.plugin_system:Skipping extension 'colcon_core.shell.bat': Not used on non-Windows systems
[0.185s] INFO:colcon.colcon_core.shell:Skip shell extension 'powershell' for command environment: Not usable outside of PowerShell
[0.185s] DEBUG:colcon.colcon_core.shell:Skip shell extension 'dsv' for command environment
[0.187s] INFO:colcon.colcon_ros.task.ament_cmake.build:Building ROS package in '/home/ubuntu/pibot_ws/src/pibot_description' with build type 'ament_cmake'
[0.187s] INFO:colcon.colcon_cmake.task.cmake.build:Building CMake package in '/home/ubuntu/pibot_ws/src/pibot_description'
[0.187s] INFO:colcon.colcon_core.shell:Skip shell extension 'powershell' for command environment: Not usable outside of PowerShell
[0.187s] DEBUG:colcon.colcon_core.shell:Skip shell extension 'dsv' for command environment
[0.189s] INFO:colcon.colcon_ros.task.ament_python.build:Building ROS package in '/home/ubuntu/pibot_ws/src/pibot_py_examples' with build type 'ament_python'
[0.189s] Level 1:colcon.colcon_core.shell:create_environment_hook('pibot_py_examples', 'ament_prefix_path')
[0.189s] INFO:colcon.colcon_core.shell:Creating environment hook '/home/ubuntu/pibot_ws/install/pibot_py_examples/share/pibot_py_examples/hook/ament_prefix_path.ps1'
[0.189s] INFO:colcon.colcon_core.shell:Creating environment descriptor '/home/ubuntu/pibot_ws/install/pibot_py_examples/share/pibot_py_examples/hook/ament_prefix_path.dsv'
[0.190s] INFO:colcon.colcon_core.shell:Creating environment hook '/home/ubuntu/pibot_ws/install/pibot_py_examples/share/pibot_py_examples/hook/ament_prefix_path.sh'
[0.190s] INFO:colcon.colcon_core.shell:Skip shell extension 'powershell' for command environment: Not usable outside of PowerShell
[0.190s] DEBUG:colcon.colcon_core.shell:Skip shell extension 'dsv' for command environment
[0.194s] DEBUG:colcon.colcon_core.event_handler.log_command:Invoking command in '/home/ubuntu/pibot_ws/build/pibot_cpp_examples': CMAKE_PREFIX_PATH=${CMAKE_PREFIX_PATH}:/home/ubuntu/pibot_ws/install/pibot_py_examples:/home/ubuntu/pibot_ws/install/pibot_descripition:/opt/ros/humble /usr/bin/cmake --build /home/ubuntu/pibot_ws/build/pibot_cpp_examples -- -j8 -l8
[0.198s] DEBUG:colcon.colcon_core.event_handler.log_command:Invoking command in '/home/ubuntu/pibot_ws/build/pibot_description': CMAKE_PREFIX_PATH=${CMAKE_PREFIX_PATH}:/home/ubuntu/pibot_ws/install/pibot_py_examples:/home/ubuntu/pibot_ws/install/pibot_descripition:/opt/ros/humble /usr/bin/cmake --build /home/ubuntu/pibot_ws/build/pibot_description -- -j8 -l8
[0.310s] INFO:colcon.colcon_core.task.python.build:Building Python package in '/home/ubuntu/pibot_ws/src/pibot_py_examples'
[0.311s] INFO:colcon.colcon_core.shell:Skip shell extension 'powershell' for command environment: Not usable outside of PowerShell
[0.311s] DEBUG:colcon.colcon_core.shell:Skip shell extension 'dsv' for command environment
[0.313s] DEBUG:colcon.colcon_core.event_handler.log_command:Invoked command in '/home/ubuntu/pibot_ws/build/pibot_cpp_examples' returned '2': CMAKE_PREFIX_PATH=${CMAKE_PREFIX_PATH}:/home/ubuntu/pibot_ws/install/pibot_py_examples:/home/ubuntu/pibot_ws/install/pibot_descripition:/opt/ros/humble /usr/bin/cmake --build /home/ubuntu/pibot_ws/build/pibot_cpp_examples -- -j8 -l8
[0.313s] Level 1:colcon.colcon_core.environment:create_environment_scripts_only(pibot_cpp_examples)
[0.314s] Level 1:colcon.colcon_core.environment:checking '/home/ubuntu/pibot_ws/install/pibot_cpp_examples' for CMake module files
[0.315s] Level 1:colcon.colcon_core.environment:checking '/home/ubuntu/pibot_ws/install/pibot_cpp_examples' for CMake config files
[0.315s] Level 1:colcon.colcon_core.shell:create_environment_hook('pibot_cpp_examples', 'cmake_prefix_path')
[0.315s] INFO:colcon.colcon_core.shell:Creating environment hook '/home/ubuntu/pibot_ws/install/pibot_cpp_examples/share/pibot_cpp_examples/hook/cmake_prefix_path.ps1'
[0.315s] INFO:colcon.colcon_core.shell:Creating environment descriptor '/home/ubuntu/pibot_ws/install/pibot_cpp_examples/share/pibot_cpp_examples/hook/cmake_prefix_path.dsv'
[0.315s] INFO:colcon.colcon_core.shell:Creating environment hook '/home/ubuntu/pibot_ws/install/pibot_cpp_examples/share/pibot_cpp_examples/hook/cmake_prefix_path.sh'
[0.316s] Level 1:colcon.colcon_core.environment:checking '/home/ubuntu/pibot_ws/install/pibot_cpp_examples/bin'
[0.316s] Level 1:colcon.colcon_core.environment:checking '/home/ubuntu/pibot_ws/install/pibot_cpp_examples/lib/pkgconfig/pibot_cpp_examples.pc'
[0.316s] Level 1:colcon.colcon_core.environment:checking '/home/ubuntu/pibot_ws/install/pibot_cpp_examples/lib/python3.10/site-packages'
[0.316s] Level 1:colcon.colcon_core.environment:checking '/home/ubuntu/pibot_ws/install/pibot_cpp_examples/bin'
[0.316s] INFO:colcon.colcon_core.shell:Creating package script '/home/ubuntu/pibot_ws/install/pibot_cpp_examples/share/pibot_cpp_examples/package.ps1'
[0.317s] INFO:colcon.colcon_core.shell:Creating package descriptor '/home/ubuntu/pibot_ws/install/pibot_cpp_examples/share/pibot_cpp_examples/package.dsv'
[0.317s] INFO:colcon.colcon_core.shell:Creating package script '/home/ubuntu/pibot_ws/install/pibot_cpp_examples/share/pibot_cpp_examples/package.sh'
[0.317s] INFO:colcon.colcon_core.shell:Creating package script '/home/ubuntu/pibot_ws/install/pibot_cpp_examples/share/pibot_cpp_examples/package.bash'
[0.318s] INFO:colcon.colcon_core.shell:Creating package script '/home/ubuntu/pibot_ws/install/pibot_cpp_examples/share/pibot_cpp_examples/package.zsh'
[0.318s] Level 1:colcon.colcon_core.environment:create_file_with_runtime_dependencies(/home/ubuntu/pibot_ws/install/pibot_cpp_examples/share/colcon-core/packages/pibot_cpp_examples)
[0.329s] DEBUG:colcon.colcon_parallel_executor.executor.parallel:closing loop
[0.329s] DEBUG:colcon.colcon_parallel_executor.executor.parallel:loop closed
[0.329s] DEBUG:colcon.colcon_parallel_executor.executor.parallel:run_until_complete finished with '2'
[0.329s] DEBUG:colcon.colcon_core.event_reactor:joining thread
[0.331s] INFO:colcon.colcon_core.plugin_system:Skipping extension 'colcon_notification.desktop_notification.terminal_notifier': Not used on non-Darwin systems
[0.331s] INFO:colcon.colcon_core.plugin_system:Skipping extension 'colcon_notification.desktop_notification.win32': Not used on non-Windows systems
[0.331s] INFO:colcon.colcon_notification.desktop_notification:Sending desktop notification using 'notify2'
[0.342s] DEBUG:colcon.colcon_core.event_reactor:joined thread
[0.342s] INFO:colcon.colcon_core.shell:Creating prefix script '/home/ubuntu/pibot_ws/install/local_setup.ps1'
[0.343s] INFO:colcon.colcon_core.shell:Creating prefix util module '/home/ubuntu/pibot_ws/install/_local_setup_util_ps1.py'
[0.344s] INFO:colcon.colcon_core.shell:Creating prefix chain script '/home/ubuntu/pibot_ws/install/setup.ps1'
[0.345s] INFO:colcon.colcon_core.shell:Creating prefix script '/home/ubuntu/pibot_ws/install/local_setup.sh'
[0.345s] INFO:colcon.colcon_core.shell:Creating prefix util module '/home/ubuntu/pibot_ws/install/_local_setup_util_sh.py'
[0.346s] INFO:colcon.colcon_core.shell:Creating prefix chain script '/home/ubuntu/pibot_ws/install/setup.sh'
[0.347s] INFO:colcon.colcon_core.shell:Creating prefix script '/home/ubuntu/pibot_ws/install/local_setup.bash'
[0.347s] INFO:colcon.colcon_core.shell:Creating prefix chain script '/home/ubuntu/pibot_ws/install/setup.bash'
[0.348s] INFO:colcon.colcon_core.shell:Creating prefix script '/home/ubuntu/pibot_ws/install/local_setup.zsh'
[0.348s] INFO:colcon.colcon_core.shell:Creating prefix chain script '/home/ubuntu/pibot_ws/install/setup.zsh'
