[0.008s] Invoking command in '/home/ubuntu/Pibot_ROS2_workspace/build/pibot_description': /usr/bin/cmake /home/ubuntu/Pibot_ROS2_workspace/src/pibot_description -DCMAKE_INSTALL_PREFIX=/home/ubuntu/Pibot_ROS2_workspace/install/pibot_description
[0.016s] -- Found ament_cmake: 1.3.11 (/opt/ros/humble/share/ament_cmake/cmake)
[0.089s] -- Found ament_lint_auto: 0.12.12 (/opt/ros/humble/share/ament_lint_auto/cmake)
[0.090s] [0mCMake Error: File /home/ubuntu/Pibot_ROS2_workspace/src/pibot_description/package.xml does not exist.[0m
[0.090s] [31mCMake Error at /opt/ros/humble/share/ament_cmake_core/cmake/core/stamp.cmake:24 (configure_file):
[0.090s]   configure_file Problem configuring file
[0.090s] Call Stack (most recent call first):
[0.090s]   /opt/ros/humble/share/ament_cmake_core/cmake/core/ament_package_xml.cmake:73 (stamp)
[0.090s]   /opt/ros/humble/share/ament_cmake_core/cmake/core/ament_package_xml.cmake:49 (_ament_package_xml)
[0.090s]   /opt/ros/humble/share/ament_lint_auto/cmake/ament_lint_auto_find_test_dependencies.cmake:31 (ament_package_xml)
[0.090s]   CMakeLists.txt:22 (ament_lint_auto_find_test_dependencies)
[0.090s] 
[0.090s] [0m
[0.090s] [0mCMake Error: File /home/ubuntu/Pibot_ROS2_workspace/src/pibot_description/package.xml does not exist.[0m
[0.090s] [31mCMake Error at /opt/ros/humble/share/ament_cmake_core/cmake/core/stamp.cmake:24 (configure_file):
[0.090s]   configure_file Problem configuring file
[0.090s] Call Stack (most recent call first):
[0.090s]   /opt/ros/humble/share/ament_cmake_core/cmake/core/ament_package_xml.cmake:73 (stamp)
[0.090s]   /opt/ros/humble/share/ament_cmake_core/cmake/core/ament_package_xml.cmake:49 (_ament_package_xml)
[0.090s]   /opt/ros/humble/share/ament_cmake_core/cmake/core/ament_package.cmake:63 (ament_package_xml)
[0.090s]   CMakeLists.txt:25 (ament_package)
[0.090s] 
[0.090s] [0m
[0.091s] -- Configuring incomplete, errors occurred!
[0.091s] See also "/home/ubuntu/Pibot_ROS2_workspace/build/pibot_description/CMakeFiles/CMakeOutput.log".
[0.134s] Invoked command in '/home/ubuntu/Pibot_ROS2_workspace/build/pibot_description' returned '1': /usr/bin/cmake /home/ubuntu/Pibot_ROS2_workspace/src/pibot_description -DCMAKE_INSTALL_PREFIX=/home/ubuntu/Pibot_ROS2_workspace/install/pibot_description
