[0.009s] Invoking command in '/home/ubuntu/Pibot_ROS2_workspace/build/pibot_controller': CMAKE_PREFIX_PATH=/opt/ros/humble /usr/bin/cmake /home/ubuntu/Pibot_ROS2_workspace/src/pibot_controller -DCMAKE_INSTALL_PREFIX=/home/ubuntu/Pibot_ROS2_workspace/install/pibot_controller
[0.087s] -- The C compiler identification is GNU 11.4.0
[0.158s] -- The CXX compiler identification is GNU 11.4.0
[0.163s] -- Detecting C compiler ABI info
[0.201s] -- Detecting C compiler ABI info - done
[0.204s] -- Check for working C compiler: /usr/bin/cc - skipped
[0.205s] -- Detecting C compile features
[0.206s] -- Detecting C compile features - done
[0.207s] -- Detecting CXX compiler ABI info
[0.246s] -- Detecting CXX compiler ABI info - done
[0.249s] -- Check for working CXX compiler: /usr/bin/c++ - skipped
[0.250s] -- Detecting CXX compile features
[0.250s] -- Detecting CXX compile features - done
[0.254s] -- Found ament_cmake: 1.3.11 (/opt/ros/humble/share/ament_cmake/cmake)
[0.325s] -- Found Python3: /usr/bin/python3 (found version "3.10.12") found components: Interpreter 
[0.370s] -- Found ament_lint_auto: 0.12.12 (/opt/ros/humble/share/ament_lint_auto/cmake)
[0.408s] -- Added test 'lint_cmake' to check CMake code style
[0.409s] -- Added test 'xmllint' to check XML markup files
[0.409s] -- Configuring done
[0.411s] -- Generating done
[0.412s] -- Build files have been written to: /home/ubuntu/Pibot_ROS2_workspace/build/pibot_controller
[0.414s] Invoked command in '/home/ubuntu/Pibot_ROS2_workspace/build/pibot_controller' returned '0': CMAKE_PREFIX_PATH=/opt/ros/humble /usr/bin/cmake /home/ubuntu/Pibot_ROS2_workspace/src/pibot_controller -DCMAKE_INSTALL_PREFIX=/home/ubuntu/Pibot_ROS2_workspace/install/pibot_controller
[0.415s] Invoking command in '/home/ubuntu/Pibot_ROS2_workspace/build/pibot_controller': CMAKE_PREFIX_PATH=/opt/ros/humble /usr/bin/cmake --build /home/ubuntu/Pibot_ROS2_workspace/build/pibot_controller -- -j8 -l8
[0.430s] Invoked command in '/home/ubuntu/Pibot_ROS2_workspace/build/pibot_controller' returned '0': CMAKE_PREFIX_PATH=/opt/ros/humble /usr/bin/cmake --build /home/ubuntu/Pibot_ROS2_workspace/build/pibot_controller -- -j8 -l8
[0.431s] Invoking command in '/home/ubuntu/Pibot_ROS2_workspace/build/pibot_controller': CMAKE_PREFIX_PATH=/opt/ros/humble /usr/bin/cmake --install /home/ubuntu/Pibot_ROS2_workspace/build/pibot_controller
[0.434s] -- Install configuration: ""
[0.434s] -- Installing: /home/ubuntu/Pibot_ROS2_workspace/install/pibot_controller/share/ament_index/resource_index/package_run_dependencies/pibot_controller
[0.434s] -- Installing: /home/ubuntu/Pibot_ROS2_workspace/install/pibot_controller/share/ament_index/resource_index/parent_prefix_path/pibot_controller
[0.434s] -- Installing: /home/ubuntu/Pibot_ROS2_workspace/install/pibot_controller/share/pibot_controller/environment/ament_prefix_path.sh
[0.434s] -- Installing: /home/ubuntu/Pibot_ROS2_workspace/install/pibot_controller/share/pibot_controller/environment/ament_prefix_path.dsv
[0.434s] -- Installing: /home/ubuntu/Pibot_ROS2_workspace/install/pibot_controller/share/pibot_controller/environment/path.sh
[0.435s] -- Installing: /home/ubuntu/Pibot_ROS2_workspace/install/pibot_controller/share/pibot_controller/environment/path.dsv
[0.435s] -- Installing: /home/ubuntu/Pibot_ROS2_workspace/install/pibot_controller/share/pibot_controller/local_setup.bash
[0.435s] -- Installing: /home/ubuntu/Pibot_ROS2_workspace/install/pibot_controller/share/pibot_controller/local_setup.sh
[0.435s] -- Installing: /home/ubuntu/Pibot_ROS2_workspace/install/pibot_controller/share/pibot_controller/local_setup.zsh
[0.435s] -- Installing: /home/ubuntu/Pibot_ROS2_workspace/install/pibot_controller/share/pibot_controller/local_setup.dsv
[0.435s] -- Installing: /home/ubuntu/Pibot_ROS2_workspace/install/pibot_controller/share/pibot_controller/package.dsv
[0.435s] -- Installing: /home/ubuntu/Pibot_ROS2_workspace/install/pibot_controller/share/ament_index/resource_index/packages/pibot_controller
[0.435s] -- Installing: /home/ubuntu/Pibot_ROS2_workspace/install/pibot_controller/share/pibot_controller/cmake/pibot_controllerConfig.cmake
[0.435s] -- Installing: /home/ubuntu/Pibot_ROS2_workspace/install/pibot_controller/share/pibot_controller/cmake/pibot_controllerConfig-version.cmake
[0.435s] -- Installing: /home/ubuntu/Pibot_ROS2_workspace/install/pibot_controller/share/pibot_controller/package.xml
[0.436s] Invoked command in '/home/ubuntu/Pibot_ROS2_workspace/build/pibot_controller' returned '0': CMAKE_PREFIX_PATH=/opt/ros/humble /usr/bin/cmake --install /home/ubuntu/Pibot_ROS2_workspace/build/pibot_controller
