[0.010s] Invoking command in '/home/ubuntu/Pibot_ROS2_workspace/build/pibot_controller': CMAKE_PREFIX_PATH=${CMAKE_PREFIX_PATH}:/home/ubuntu/Pibot_ROS2_workspace/install/pibot_py_examples:/opt/ros/humble /usr/bin/cmake --build /home/ubuntu/Pibot_ROS2_workspace/build/pibot_controller -- -j8 -l8
[0.136s] Invoked command in '/home/ubuntu/Pibot_ROS2_workspace/build/pibot_controller' returned '0': CMAKE_PREFIX_PATH=${CMAKE_PREFIX_PATH}:/home/ubuntu/Pibot_ROS2_workspace/install/pibot_py_examples:/opt/ros/humble /usr/bin/cmake --build /home/ubuntu/Pibot_ROS2_workspace/build/pibot_controller -- -j8 -l8
[0.137s] Invoking command in '/home/ubuntu/Pibot_ROS2_workspace/build/pibot_controller': CMAKE_PREFIX_PATH=${CMAKE_PREFIX_PATH}:/home/ubuntu/Pibot_ROS2_workspace/install/pibot_py_examples:/opt/ros/humble /usr/bin/cmake --install /home/ubuntu/Pibot_ROS2_workspace/build/pibot_controller
[0.144s] -- Install configuration: ""
[0.145s] -- Up-to-date: /home/ubuntu/Pibot_ROS2_workspace/install/pibot_controller/share/pibot_controller/launch
[0.145s] -- Up-to-date: /home/ubuntu/Pibot_ROS2_workspace/install/pibot_controller/share/pibot_controller/launch/controller.launch.py
[0.145s] -- Up-to-date: /home/ubuntu/Pibot_ROS2_workspace/install/pibot_controller/share/pibot_controller/config
[0.145s] -- Up-to-date: /home/ubuntu/Pibot_ROS2_workspace/install/pibot_controller/share/pibot_controller/config/pibot_controllers.yaml
[0.145s] -- Up-to-date: /home/ubuntu/Pibot_ROS2_workspace/install/pibot_controller/share/ament_index/resource_index/package_run_dependencies/pibot_controller
[0.145s] -- Up-to-date: /home/ubuntu/Pibot_ROS2_workspace/install/pibot_controller/share/ament_index/resource_index/parent_prefix_path/pibot_controller
[0.145s] -- Up-to-date: /home/ubuntu/Pibot_ROS2_workspace/install/pibot_controller/share/pibot_controller/environment/ament_prefix_path.sh
[0.145s] -- Up-to-date: /home/ubuntu/Pibot_ROS2_workspace/install/pibot_controller/share/pibot_controller/environment/ament_prefix_path.dsv
[0.145s] -- Up-to-date: /home/ubuntu/Pibot_ROS2_workspace/install/pibot_controller/share/pibot_controller/environment/path.sh
[0.145s] -- Up-to-date: /home/ubuntu/Pibot_ROS2_workspace/install/pibot_controller/share/pibot_controller/environment/path.dsv
[0.145s] -- Up-to-date: /home/ubuntu/Pibot_ROS2_workspace/install/pibot_controller/share/pibot_controller/local_setup.bash
[0.145s] -- Up-to-date: /home/ubuntu/Pibot_ROS2_workspace/install/pibot_controller/share/pibot_controller/local_setup.sh
[0.145s] -- Up-to-date: /home/ubuntu/Pibot_ROS2_workspace/install/pibot_controller/share/pibot_controller/local_setup.zsh
[0.145s] -- Up-to-date: /home/ubuntu/Pibot_ROS2_workspace/install/pibot_controller/share/pibot_controller/local_setup.dsv
[0.145s] -- Up-to-date: /home/ubuntu/Pibot_ROS2_workspace/install/pibot_controller/share/pibot_controller/package.dsv
[0.145s] -- Up-to-date: /home/ubuntu/Pibot_ROS2_workspace/install/pibot_controller/share/ament_index/resource_index/packages/pibot_controller
[0.145s] -- Up-to-date: /home/ubuntu/Pibot_ROS2_workspace/install/pibot_controller/share/pibot_controller/cmake/pibot_controllerConfig.cmake
[0.145s] -- Up-to-date: /home/ubuntu/Pibot_ROS2_workspace/install/pibot_controller/share/pibot_controller/cmake/pibot_controllerConfig-version.cmake
[0.145s] -- Up-to-date: /home/ubuntu/Pibot_ROS2_workspace/install/pibot_controller/share/pibot_controller/package.xml
[0.152s] Invoked command in '/home/ubuntu/Pibot_ROS2_workspace/build/pibot_controller' returned '0': CMAKE_PREFIX_PATH=${CMAKE_PREFIX_PATH}:/home/ubuntu/Pibot_ROS2_workspace/install/pibot_py_examples:/opt/ros/humble /usr/bin/cmake --install /home/ubuntu/Pibot_ROS2_workspace/build/pibot_controller
