running egg_info
creating ../build/pibot_descripition/pibot_descripition.egg-info
writing ../build/pibot_descripition/pibot_descripition.egg-info/PKG-INFO
writing dependency_links to ../build/pibot_descripition/pibot_descripition.egg-info/dependency_links.txt
writing entry points to ../build/pibot_descripition/pibot_descripition.egg-info/entry_points.txt
writing requirements to ../build/pibot_descripition/pibot_descripition.egg-info/requires.txt
writing top-level names to ../build/pibot_descripition/pibot_descripition.egg-info/top_level.txt
writing manifest file '../build/pibot_descripition/pibot_descripition.egg-info/SOURCES.txt'
reading manifest file '../build/pibot_descripition/pibot_descripition.egg-info/SOURCES.txt'
writing manifest file '../build/pibot_descripition/pibot_descripition.egg-info/SOURCES.txt'
running build
running build_py
creating /home/ubuntu/pibot_ws/build/pibot_descripition/build
creating /home/ubuntu/pibot_ws/build/pibot_descripition/build/lib
creating /home/ubuntu/pibot_ws/build/pibot_descripition/build/lib/pibot_descripition
copying pibot_descripition/__init__.py -> /home/ubuntu/pibot_ws/build/pibot_descripition/build/lib/pibot_descripition
running install
running install_lib
creating /home/ubuntu/pibot_ws/install/pibot_descripition/lib/python3.10/site-packages/pibot_descripition
copying /home/ubuntu/pibot_ws/build/pibot_descripition/build/lib/pibot_descripition/__init__.py -> /home/ubuntu/pibot_ws/install/pibot_descripition/lib/python3.10/site-packages/pibot_descripition
byte-compiling /home/ubuntu/pibot_ws/install/pibot_descripition/lib/python3.10/site-packages/pibot_descripition/__init__.py to __init__.cpython-310.pyc
running install_data
creating /home/ubuntu/pibot_ws/install/pibot_descripition/share/ament_index
creating /home/ubuntu/pibot_ws/install/pibot_descripition/share/ament_index/resource_index
creating /home/ubuntu/pibot_ws/install/pibot_descripition/share/ament_index/resource_index/packages
copying resource/pibot_descripition -> /home/ubuntu/pibot_ws/install/pibot_descripition/share/ament_index/resource_index/packages
copying package.xml -> /home/ubuntu/pibot_ws/install/pibot_descripition/share/pibot_descripition
running install_egg_info
Copying ../build/pibot_descripition/pibot_descripition.egg-info to /home/ubuntu/pibot_ws/install/pibot_descripition/lib/python3.10/site-packages/pibot_descripition-0.0.0-py3.10.egg-info
running install_scripts
writing list of installed files to '/home/ubuntu/pibot_ws/build/pibot_descripition/install.log'
