[0.493s] Invoking command in '/home/ubuntu/pibot_ws/pibot_descripition': PYTHONPATH=/home/ubuntu/pibot_ws/build/pibot_descripition/prefix_override:/usr/lib/python3/dist-packages/colcon_core/task/python/colcon_distutils_commands:/home/ubuntu/pibot_ws/install/pibot_descripition/lib/python3.10/site-packages:${PYTHONPATH} /usr/bin/python3 -W ignore:setup.py install is deprecated -W ignore:easy_install command is deprecated setup.py egg_info --egg-base ../build/pibot_descripition build --build-base /home/ubuntu/pibot_ws/build/pibot_descripition/build install --record /home/ubuntu/pibot_ws/build/pibot_descripition/install.log --single-version-externally-managed install_data
[0.610s] running egg_info
[0.610s] creating ../build/pibot_descripition/pibot_descripition.egg-info
[0.610s] writing ../build/pibot_descripition/pibot_descripition.egg-info/PKG-INFO
[0.610s] writing dependency_links to ../build/pibot_descripition/pibot_descripition.egg-info/dependency_links.txt
[0.611s] writing entry points to ../build/pibot_descripition/pibot_descripition.egg-info/entry_points.txt
[0.611s] writing requirements to ../build/pibot_descripition/pibot_descripition.egg-info/requires.txt
[0.611s] writing top-level names to ../build/pibot_descripition/pibot_descripition.egg-info/top_level.txt
[0.611s] writing manifest file '../build/pibot_descripition/pibot_descripition.egg-info/SOURCES.txt'
[0.613s] reading manifest file '../build/pibot_descripition/pibot_descripition.egg-info/SOURCES.txt'
[0.614s] writing manifest file '../build/pibot_descripition/pibot_descripition.egg-info/SOURCES.txt'
[0.614s] running build
[0.614s] running build_py
[0.614s] creating /home/ubuntu/pibot_ws/build/pibot_descripition/build
[0.614s] creating /home/ubuntu/pibot_ws/build/pibot_descripition/build/lib
[0.614s] creating /home/ubuntu/pibot_ws/build/pibot_descripition/build/lib/pibot_descripition
[0.614s] copying pibot_descripition/__init__.py -> /home/ubuntu/pibot_ws/build/pibot_descripition/build/lib/pibot_descripition
[0.614s] running install
[0.614s] running install_lib
[0.614s] creating /home/ubuntu/pibot_ws/install/pibot_descripition/lib/python3.10/site-packages/pibot_descripition
[0.615s] copying /home/ubuntu/pibot_ws/build/pibot_descripition/build/lib/pibot_descripition/__init__.py -> /home/ubuntu/pibot_ws/install/pibot_descripition/lib/python3.10/site-packages/pibot_descripition
[0.615s] byte-compiling /home/ubuntu/pibot_ws/install/pibot_descripition/lib/python3.10/site-packages/pibot_descripition/__init__.py to __init__.cpython-310.pyc
[0.615s] running install_data
[0.615s] creating /home/ubuntu/pibot_ws/install/pibot_descripition/share/ament_index
[0.615s] creating /home/ubuntu/pibot_ws/install/pibot_descripition/share/ament_index/resource_index
[0.615s] creating /home/ubuntu/pibot_ws/install/pibot_descripition/share/ament_index/resource_index/packages
[0.615s] copying resource/pibot_descripition -> /home/ubuntu/pibot_ws/install/pibot_descripition/share/ament_index/resource_index/packages
[0.616s] copying package.xml -> /home/ubuntu/pibot_ws/install/pibot_descripition/share/pibot_descripition
[0.616s] running install_egg_info
[0.616s] Copying ../build/pibot_descripition/pibot_descripition.egg-info to /home/ubuntu/pibot_ws/install/pibot_descripition/lib/python3.10/site-packages/pibot_descripition-0.0.0-py3.10.egg-info
[0.617s] running install_scripts
[0.626s] writing list of installed files to '/home/ubuntu/pibot_ws/build/pibot_descripition/install.log'
[0.640s] Invoked command in '/home/ubuntu/pibot_ws/pibot_descripition' returned '0': PYTHONPATH=/home/ubuntu/pibot_ws/build/pibot_descripition/prefix_override:/usr/lib/python3/dist-packages/colcon_core/task/python/colcon_distutils_commands:/home/ubuntu/pibot_ws/install/pibot_descripition/lib/python3.10/site-packages:${PYTHONPATH} /usr/bin/python3 -W ignore:setup.py install is deprecated -W ignore:easy_install command is deprecated setup.py egg_info --egg-base ../build/pibot_descripition build --build-base /home/ubuntu/pibot_ws/build/pibot_descripition/build install --record /home/ubuntu/pibot_ws/build/pibot_descripition/install.log --single-version-externally-managed install_data
