[0.093s] DEBUG:colcon:Command line arguments: ['/usr/bin/colcon', 'build']
[0.093s] DEBUG:colcon:Parsed command line arguments: Namespace(log_base=None, log_level=None, verb_name='build', build_base='build', install_base='install', merge_install=False, symlink_install=False, test_result_base=None, continue_on_error=False, executor='parallel', parallel_workers=8, event_handlers=None, ignore_user_meta=False, metas=['./colcon.meta'], base_paths=['.'], packages_ignore=None, packages_ignore_regex=None, paths=None, packages_up_to=None, packages_up_to_regex=None, packages_above=None, packages_above_and_dependencies=None, packages_above_depth=None, packages_select_by_dep=None, packages_skip_by_dep=None, packages_skip_up_to=None, packages_select_build_failed=False, packages_skip_build_finished=False, packages_select_test_failures=False, packages_skip_test_passed=False, packages_select=None, packages_skip=None, packages_select_regex=None, packages_skip_regex=None, packages_start=None, packages_end=None, allow_overriding=[], cmake_args=None, cmake_target=None, cmake_target_skip_unavailable=False, cmake_clean_cache=False, cmake_clean_first=False, cmake_force_configure=False, ament_cmake_args=None, catkin_cmake_args=None, catkin_skip_building_tests=False, mixin_files=None, mixin=None, verb_parser=<colcon_mixin.mixin.mixin_argument.MixinArgumentDecorator object at 0xffff9b92a140>, verb_extension=<colcon_core.verb.build.BuildVerb object at 0xffff9b929ae0>, main=<bound method BuildVerb.main of <colcon_core.verb.build.BuildVerb object at 0xffff9b929ae0>>, mixin_verb=('build',))
[0.209s] Level 1:colcon.colcon_core.package_discovery:discover_packages(colcon_meta) check parameters
[0.209s] Level 1:colcon.colcon_core.package_discovery:discover_packages(recursive) check parameters
[0.209s] Level 1:colcon.colcon_core.package_discovery:discover_packages(ignore) check parameters
[0.209s] Level 1:colcon.colcon_core.package_discovery:discover_packages(path) check parameters
[0.209s] Level 1:colcon.colcon_core.package_discovery:discover_packages(colcon_meta) discover
[0.209s] Level 1:colcon.colcon_core.package_discovery:discover_packages(recursive) discover
[0.209s] INFO:colcon.colcon_core.package_discovery:Crawling recursively for packages in '/home/ubuntu/pibot_ws'
[0.209s] Level 1:colcon.colcon_core.package_identification:_identify(.) by extensions ['ignore', 'ignore_ament_install']
[0.209s] Level 1:colcon.colcon_core.package_identification:_identify(.) by extension 'ignore'
[0.209s] Level 1:colcon.colcon_core.package_identification:_identify(.) by extension 'ignore_ament_install'
[0.209s] Level 1:colcon.colcon_core.package_identification:_identify(.) by extensions ['colcon_pkg']
[0.209s] Level 1:colcon.colcon_core.package_identification:_identify(.) by extension 'colcon_pkg'
[0.209s] Level 1:colcon.colcon_core.package_identification:_identify(.) by extensions ['colcon_meta']
[0.209s] Level 1:colcon.colcon_core.package_identification:_identify(.) by extension 'colcon_meta'
[0.209s] Level 1:colcon.colcon_core.package_identification:_identify(.) by extensions ['ros']
[0.209s] Level 1:colcon.colcon_core.package_identification:_identify(.) by extension 'ros'
[0.214s] Level 1:colcon.colcon_core.package_identification:_identify(.) by extensions ['cmake', 'python']
[0.214s] Level 1:colcon.colcon_core.package_identification:_identify(.) by extension 'cmake'
[0.214s] Level 1:colcon.colcon_core.package_identification:_identify(.) by extension 'python'
[0.215s] Level 1:colcon.colcon_core.package_identification:_identify(.) by extensions ['python_setup_py']
[0.215s] Level 1:colcon.colcon_core.package_identification:_identify(.) by extension 'python_setup_py'
[0.215s] Level 1:colcon.colcon_core.package_identification:_identify(build) by extensions ['ignore', 'ignore_ament_install']
[0.215s] Level 1:colcon.colcon_core.package_identification:_identify(build) by extension 'ignore'
[0.215s] Level 1:colcon.colcon_core.package_identification:_identify(build) ignored
[0.215s] Level 1:colcon.colcon_core.package_identification:_identify(install) by extensions ['ignore', 'ignore_ament_install']
[0.215s] Level 1:colcon.colcon_core.package_identification:_identify(install) by extension 'ignore'
[0.215s] Level 1:colcon.colcon_core.package_identification:_identify(install) ignored
[0.215s] Level 1:colcon.colcon_core.package_identification:_identify(log) by extensions ['ignore', 'ignore_ament_install']
[0.215s] Level 1:colcon.colcon_core.package_identification:_identify(log) by extension 'ignore'
[0.215s] Level 1:colcon.colcon_core.package_identification:_identify(log) ignored
[0.215s] Level 1:colcon.colcon_core.package_identification:_identify(pibot_cpp_examples) by extensions ['ignore', 'ignore_ament_install']
[0.215s] Level 1:colcon.colcon_core.package_identification:_identify(pibot_cpp_examples) by extension 'ignore'
[0.215s] Level 1:colcon.colcon_core.package_identification:_identify(pibot_cpp_examples) by extension 'ignore_ament_install'
[0.215s] Level 1:colcon.colcon_core.package_identification:_identify(pibot_cpp_examples) by extensions ['colcon_pkg']
[0.215s] Level 1:colcon.colcon_core.package_identification:_identify(pibot_cpp_examples) by extension 'colcon_pkg'
[0.215s] Level 1:colcon.colcon_core.package_identification:_identify(pibot_cpp_examples) by extensions ['colcon_meta']
[0.215s] Level 1:colcon.colcon_core.package_identification:_identify(pibot_cpp_examples) by extension 'colcon_meta'
[0.215s] Level 1:colcon.colcon_core.package_identification:_identify(pibot_cpp_examples) by extensions ['ros']
[0.215s] Level 1:colcon.colcon_core.package_identification:_identify(pibot_cpp_examples) by extension 'ros'
[0.217s] DEBUG:colcon.colcon_core.package_identification:Package 'pibot_cpp_examples' with type 'ros.ament_cmake' and name 'pibot_cpp_examples'
[0.217s] Level 1:colcon.colcon_core.package_identification:_identify(pibot_descripition) by extensions ['ignore', 'ignore_ament_install']
[0.217s] Level 1:colcon.colcon_core.package_identification:_identify(pibot_descripition) by extension 'ignore'
[0.217s] Level 1:colcon.colcon_core.package_identification:_identify(pibot_descripition) by extension 'ignore_ament_install'
[0.217s] Level 1:colcon.colcon_core.package_identification:_identify(pibot_descripition) by extensions ['colcon_pkg']
[0.217s] Level 1:colcon.colcon_core.package_identification:_identify(pibot_descripition) by extension 'colcon_pkg'
[0.217s] Level 1:colcon.colcon_core.package_identification:_identify(pibot_descripition) by extensions ['colcon_meta']
[0.217s] Level 1:colcon.colcon_core.package_identification:_identify(pibot_descripition) by extension 'colcon_meta'
[0.217s] Level 1:colcon.colcon_core.package_identification:_identify(pibot_descripition) by extensions ['ros']
[0.217s] Level 1:colcon.colcon_core.package_identification:_identify(pibot_descripition) by extension 'ros'
[0.217s] DEBUG:colcon.colcon_core.package_identification:Package 'pibot_descripition' with type 'ros.ament_python' and name 'pibot_descripition'
[0.217s] Level 1:colcon.colcon_core.package_identification:_identify(pibot_py_examples) by extensions ['ignore', 'ignore_ament_install']
[0.217s] Level 1:colcon.colcon_core.package_identification:_identify(pibot_py_examples) by extension 'ignore'
[0.217s] Level 1:colcon.colcon_core.package_identification:_identify(pibot_py_examples) by extension 'ignore_ament_install'
[0.217s] Level 1:colcon.colcon_core.package_identification:_identify(pibot_py_examples) by extensions ['colcon_pkg']
[0.217s] Level 1:colcon.colcon_core.package_identification:_identify(pibot_py_examples) by extension 'colcon_pkg'
[0.217s] Level 1:colcon.colcon_core.package_identification:_identify(pibot_py_examples) by extensions ['colcon_meta']
[0.217s] Level 1:colcon.colcon_core.package_identification:_identify(pibot_py_examples) by extension 'colcon_meta'
[0.217s] Level 1:colcon.colcon_core.package_identification:_identify(pibot_py_examples) by extensions ['ros']
[0.217s] Level 1:colcon.colcon_core.package_identification:_identify(pibot_py_examples) by extension 'ros'
[0.218s] DEBUG:colcon.colcon_core.package_identification:Package 'pibot_py_examples' with type 'ros.ament_python' and name 'pibot_py_examples'
[0.218s] Level 1:colcon.colcon_core.package_identification:_identify(src) by extensions ['ignore', 'ignore_ament_install']
[0.218s] Level 1:colcon.colcon_core.package_identification:_identify(src) by extension 'ignore'
[0.218s] Level 1:colcon.colcon_core.package_identification:_identify(src) by extension 'ignore_ament_install'
[0.218s] Level 1:colcon.colcon_core.package_identification:_identify(src) by extensions ['colcon_pkg']
[0.218s] Level 1:colcon.colcon_core.package_identification:_identify(src) by extension 'colcon_pkg'
[0.218s] Level 1:colcon.colcon_core.package_identification:_identify(src) by extensions ['colcon_meta']
[0.218s] Level 1:colcon.colcon_core.package_identification:_identify(src) by extension 'colcon_meta'
[0.218s] Level 1:colcon.colcon_core.package_identification:_identify(src) by extensions ['ros']
[0.218s] Level 1:colcon.colcon_core.package_identification:_identify(src) by extension 'ros'
[0.218s] Level 1:colcon.colcon_core.package_identification:_identify(src) by extensions ['cmake', 'python']
[0.218s] Level 1:colcon.colcon_core.package_identification:_identify(src) by extension 'cmake'
[0.218s] Level 1:colcon.colcon_core.package_identification:_identify(src) by extension 'python'
[0.218s] Level 1:colcon.colcon_core.package_identification:_identify(src) by extensions ['python_setup_py']
[0.218s] Level 1:colcon.colcon_core.package_identification:_identify(src) by extension 'python_setup_py'
[0.218s] Level 1:colcon.colcon_core.package_discovery:discover_packages(recursive) using defaults
[0.218s] Level 1:colcon.colcon_core.package_discovery:discover_packages(ignore) discover
[0.218s] Level 1:colcon.colcon_core.package_discovery:discover_packages(ignore) using defaults
[0.218s] Level 1:colcon.colcon_core.package_discovery:discover_packages(path) discover
[0.218s] Level 1:colcon.colcon_core.package_discovery:discover_packages(path) using defaults
[0.236s] Level 1:colcon.colcon_core.package_discovery:discover_packages(prefix_path) check parameters
[0.236s] Level 1:colcon.colcon_core.package_discovery:discover_packages(prefix_path) discover
[0.238s] DEBUG:colcon.colcon_installed_package_information.package_discovery:Found 2 installed packages in /home/ubuntu/pibot_ws/install
[0.238s] DEBUG:colcon.colcon_installed_package_information.package_discovery:Found 356 installed packages in /opt/ros/humble
[0.239s] Level 1:colcon.colcon_core.package_discovery:discover_packages(prefix_path) using defaults
[0.263s] Level 5:colcon.colcon_core.verb:set package 'pibot_cpp_examples' build argument 'cmake_args' from command line to 'None'
[0.263s] Level 5:colcon.colcon_core.verb:set package 'pibot_cpp_examples' build argument 'cmake_target' from command line to 'None'
[0.263s] Level 5:colcon.colcon_core.verb:set package 'pibot_cpp_examples' build argument 'cmake_target_skip_unavailable' from command line to 'False'
[0.263s] Level 5:colcon.colcon_core.verb:set package 'pibot_cpp_examples' build argument 'cmake_clean_cache' from command line to 'False'
[0.263s] Level 5:colcon.colcon_core.verb:set package 'pibot_cpp_examples' build argument 'cmake_clean_first' from command line to 'False'
[0.263s] Level 5:colcon.colcon_core.verb:set package 'pibot_cpp_examples' build argument 'cmake_force_configure' from command line to 'False'
[0.263s] Level 5:colcon.colcon_core.verb:set package 'pibot_cpp_examples' build argument 'ament_cmake_args' from command line to 'None'
[0.263s] Level 5:colcon.colcon_core.verb:set package 'pibot_cpp_examples' build argument 'catkin_cmake_args' from command line to 'None'
[0.263s] Level 5:colcon.colcon_core.verb:set package 'pibot_cpp_examples' build argument 'catkin_skip_building_tests' from command line to 'False'
[0.263s] DEBUG:colcon.colcon_core.verb:Building package 'pibot_cpp_examples' with the following arguments: {'ament_cmake_args': None, 'build_base': '/home/ubuntu/pibot_ws/build/pibot_cpp_examples', 'catkin_cmake_args': None, 'catkin_skip_building_tests': False, 'cmake_args': None, 'cmake_clean_cache': False, 'cmake_clean_first': False, 'cmake_force_configure': False, 'cmake_target': None, 'cmake_target_skip_unavailable': False, 'install_base': '/home/ubuntu/pibot_ws/install/pibot_cpp_examples', 'merge_install': False, 'path': '/home/ubuntu/pibot_ws/pibot_cpp_examples', 'symlink_install': False, 'test_result_base': None}
[0.264s] Level 5:colcon.colcon_core.verb:set package 'pibot_descripition' build argument 'cmake_args' from command line to 'None'
[0.264s] Level 5:colcon.colcon_core.verb:set package 'pibot_descripition' build argument 'cmake_target' from command line to 'None'
[0.264s] Level 5:colcon.colcon_core.verb:set package 'pibot_descripition' build argument 'cmake_target_skip_unavailable' from command line to 'False'
[0.264s] Level 5:colcon.colcon_core.verb:set package 'pibot_descripition' build argument 'cmake_clean_cache' from command line to 'False'
[0.264s] Level 5:colcon.colcon_core.verb:set package 'pibot_descripition' build argument 'cmake_clean_first' from command line to 'False'
[0.264s] Level 5:colcon.colcon_core.verb:set package 'pibot_descripition' build argument 'cmake_force_configure' from command line to 'False'
[0.264s] Level 5:colcon.colcon_core.verb:set package 'pibot_descripition' build argument 'ament_cmake_args' from command line to 'None'
[0.264s] Level 5:colcon.colcon_core.verb:set package 'pibot_descripition' build argument 'catkin_cmake_args' from command line to 'None'
[0.264s] Level 5:colcon.colcon_core.verb:set package 'pibot_descripition' build argument 'catkin_skip_building_tests' from command line to 'False'
[0.264s] DEBUG:colcon.colcon_core.verb:Building package 'pibot_descripition' with the following arguments: {'ament_cmake_args': None, 'build_base': '/home/ubuntu/pibot_ws/build/pibot_descripition', 'catkin_cmake_args': None, 'catkin_skip_building_tests': False, 'cmake_args': None, 'cmake_clean_cache': False, 'cmake_clean_first': False, 'cmake_force_configure': False, 'cmake_target': None, 'cmake_target_skip_unavailable': False, 'install_base': '/home/ubuntu/pibot_ws/install/pibot_descripition', 'merge_install': False, 'path': '/home/ubuntu/pibot_ws/pibot_descripition', 'symlink_install': False, 'test_result_base': None}
[0.264s] Level 5:colcon.colcon_core.verb:set package 'pibot_py_examples' build argument 'cmake_args' from command line to 'None'
[0.264s] Level 5:colcon.colcon_core.verb:set package 'pibot_py_examples' build argument 'cmake_target' from command line to 'None'
[0.264s] Level 5:colcon.colcon_core.verb:set package 'pibot_py_examples' build argument 'cmake_target_skip_unavailable' from command line to 'False'
[0.264s] Level 5:colcon.colcon_core.verb:set package 'pibot_py_examples' build argument 'cmake_clean_cache' from command line to 'False'
[0.264s] Level 5:colcon.colcon_core.verb:set package 'pibot_py_examples' build argument 'cmake_clean_first' from command line to 'False'
[0.264s] Level 5:colcon.colcon_core.verb:set package 'pibot_py_examples' build argument 'cmake_force_configure' from command line to 'False'
[0.264s] Level 5:colcon.colcon_core.verb:set package 'pibot_py_examples' build argument 'ament_cmake_args' from command line to 'None'
[0.264s] Level 5:colcon.colcon_core.verb:set package 'pibot_py_examples' build argument 'catkin_cmake_args' from command line to 'None'
[0.264s] Level 5:colcon.colcon_core.verb:set package 'pibot_py_examples' build argument 'catkin_skip_building_tests' from command line to 'False'
[0.264s] DEBUG:colcon.colcon_core.verb:Building package 'pibot_py_examples' with the following arguments: {'ament_cmake_args': None, 'build_base': '/home/ubuntu/pibot_ws/build/pibot_py_examples', 'catkin_cmake_args': None, 'catkin_skip_building_tests': False, 'cmake_args': None, 'cmake_clean_cache': False, 'cmake_clean_first': False, 'cmake_force_configure': False, 'cmake_target': None, 'cmake_target_skip_unavailable': False, 'install_base': '/home/ubuntu/pibot_ws/install/pibot_py_examples', 'merge_install': False, 'path': '/home/ubuntu/pibot_ws/pibot_py_examples', 'symlink_install': False, 'test_result_base': None}
[0.264s] INFO:colcon.colcon_core.executor:Executing jobs using 'parallel' executor
[0.265s] DEBUG:colcon.colcon_parallel_executor.executor.parallel:run_until_complete
[0.265s] INFO:colcon.colcon_ros.task.ament_cmake.build:Building ROS package in '/home/ubuntu/pibot_ws/pibot_cpp_examples' with build type 'ament_cmake'
[0.265s] INFO:colcon.colcon_cmake.task.cmake.build:Building CMake package in '/home/ubuntu/pibot_ws/pibot_cpp_examples'
[0.268s] INFO:colcon.colcon_core.plugin_system:Skipping extension 'colcon_core.shell.bat': Not used on non-Windows systems
[0.268s] INFO:colcon.colcon_core.shell:Skip shell extension 'powershell' for command environment: Not usable outside of PowerShell
[0.268s] DEBUG:colcon.colcon_core.shell:Skip shell extension 'dsv' for command environment
[0.270s] INFO:colcon.colcon_ros.task.ament_python.build:Building ROS package in '/home/ubuntu/pibot_ws/pibot_descripition' with build type 'ament_python'
[0.270s] Level 1:colcon.colcon_core.shell:create_environment_hook('pibot_descripition', 'ament_prefix_path')
[0.270s] INFO:colcon.colcon_core.shell:Creating environment hook '/home/ubuntu/pibot_ws/install/pibot_descripition/share/pibot_descripition/hook/ament_prefix_path.ps1'
[0.271s] INFO:colcon.colcon_core.shell:Creating environment descriptor '/home/ubuntu/pibot_ws/install/pibot_descripition/share/pibot_descripition/hook/ament_prefix_path.dsv'
[0.271s] INFO:colcon.colcon_core.shell:Creating environment hook '/home/ubuntu/pibot_ws/install/pibot_descripition/share/pibot_descripition/hook/ament_prefix_path.sh'
[0.271s] INFO:colcon.colcon_core.shell:Skip shell extension 'powershell' for command environment: Not usable outside of PowerShell
[0.271s] DEBUG:colcon.colcon_core.shell:Skip shell extension 'dsv' for command environment
[0.273s] INFO:colcon.colcon_ros.task.ament_python.build:Building ROS package in '/home/ubuntu/pibot_ws/pibot_py_examples' with build type 'ament_python'
[0.273s] Level 1:colcon.colcon_core.shell:create_environment_hook('pibot_py_examples', 'ament_prefix_path')
[0.273s] INFO:colcon.colcon_core.shell:Creating environment hook '/home/ubuntu/pibot_ws/install/pibot_py_examples/share/pibot_py_examples/hook/ament_prefix_path.ps1'
[0.273s] INFO:colcon.colcon_core.shell:Creating environment descriptor '/home/ubuntu/pibot_ws/install/pibot_py_examples/share/pibot_py_examples/hook/ament_prefix_path.dsv'
[0.273s] INFO:colcon.colcon_core.shell:Creating environment hook '/home/ubuntu/pibot_ws/install/pibot_py_examples/share/pibot_py_examples/hook/ament_prefix_path.sh'
[0.274s] INFO:colcon.colcon_core.shell:Skip shell extension 'powershell' for command environment: Not usable outside of PowerShell
[0.274s] DEBUG:colcon.colcon_core.shell:Skip shell extension 'dsv' for command environment
[0.277s] DEBUG:colcon.colcon_core.event_handler.log_command:Invoking command in '/home/ubuntu/pibot_ws/build/pibot_cpp_examples': CMAKE_PREFIX_PATH=${CMAKE_PREFIX_PATH}:/home/ubuntu/pibot_ws/install/pibot_py_examples:/opt/ros/humble /usr/bin/cmake --build /home/ubuntu/pibot_ws/build/pibot_cpp_examples -- -j8 -l8
[0.408s] INFO:colcon.colcon_core.task.python.build:Building Python package in '/home/ubuntu/pibot_ws/pibot_descripition'
[0.408s] INFO:colcon.colcon_core.shell:Skip shell extension 'powershell' for command environment: Not usable outside of PowerShell
[0.408s] DEBUG:colcon.colcon_core.shell:Skip shell extension 'dsv' for command environment
[0.411s] DEBUG:colcon.colcon_core.event_handler.log_command:Invoked command in '/home/ubuntu/pibot_ws/build/pibot_cpp_examples' returned '0': CMAKE_PREFIX_PATH=${CMAKE_PREFIX_PATH}:/home/ubuntu/pibot_ws/install/pibot_py_examples:/opt/ros/humble /usr/bin/cmake --build /home/ubuntu/pibot_ws/build/pibot_cpp_examples -- -j8 -l8
[0.416s] DEBUG:colcon.colcon_core.event_handler.log_command:Invoking command in '/home/ubuntu/pibot_ws/build/pibot_cpp_examples': CMAKE_PREFIX_PATH=${CMAKE_PREFIX_PATH}:/home/ubuntu/pibot_ws/install/pibot_py_examples:/opt/ros/humble /usr/bin/cmake --install /home/ubuntu/pibot_ws/build/pibot_cpp_examples
[0.531s] INFO:colcon.colcon_core.task.python.build:Building Python package in '/home/ubuntu/pibot_ws/pibot_py_examples'
[0.531s] INFO:colcon.colcon_core.shell:Skip shell extension 'powershell' for command environment: Not usable outside of PowerShell
[0.531s] DEBUG:colcon.colcon_core.shell:Skip shell extension 'dsv' for command environment
[0.536s] Level 1:colcon.colcon_core.environment:create_environment_scripts_only(pibot_cpp_examples)
[0.537s] DEBUG:colcon.colcon_core.event_handler.log_command:Invoked command in '/home/ubuntu/pibot_ws/build/pibot_cpp_examples' returned '0': CMAKE_PREFIX_PATH=${CMAKE_PREFIX_PATH}:/home/ubuntu/pibot_ws/install/pibot_py_examples:/opt/ros/humble /usr/bin/cmake --install /home/ubuntu/pibot_ws/build/pibot_cpp_examples
[0.540s] Level 1:colcon.colcon_core.environment:checking '/home/ubuntu/pibot_ws/install/pibot_cpp_examples' for CMake module files
[0.541s] Level 1:colcon.colcon_core.environment:checking '/home/ubuntu/pibot_ws/install/pibot_cpp_examples' for CMake config files
[0.541s] Level 1:colcon.colcon_core.shell:create_environment_hook('pibot_cpp_examples', 'cmake_prefix_path')
[0.541s] INFO:colcon.colcon_core.shell:Creating environment hook '/home/ubuntu/pibot_ws/install/pibot_cpp_examples/share/pibot_cpp_examples/hook/cmake_prefix_path.ps1'
[0.541s] INFO:colcon.colcon_core.shell:Creating environment descriptor '/home/ubuntu/pibot_ws/install/pibot_cpp_examples/share/pibot_cpp_examples/hook/cmake_prefix_path.dsv'
[0.541s] INFO:colcon.colcon_core.shell:Creating environment hook '/home/ubuntu/pibot_ws/install/pibot_cpp_examples/share/pibot_cpp_examples/hook/cmake_prefix_path.sh'
[0.541s] Level 1:colcon.colcon_core.environment:checking '/home/ubuntu/pibot_ws/install/pibot_cpp_examples/bin'
[0.541s] Level 1:colcon.colcon_core.environment:checking '/home/ubuntu/pibot_ws/install/pibot_cpp_examples/lib/pkgconfig/pibot_cpp_examples.pc'
[0.542s] Level 1:colcon.colcon_core.environment:checking '/home/ubuntu/pibot_ws/install/pibot_cpp_examples/lib/python3.10/site-packages'
[0.542s] Level 1:colcon.colcon_core.environment:checking '/home/ubuntu/pibot_ws/install/pibot_cpp_examples/bin'
[0.542s] INFO:colcon.colcon_core.shell:Creating package script '/home/ubuntu/pibot_ws/install/pibot_cpp_examples/share/pibot_cpp_examples/package.ps1'
[0.542s] INFO:colcon.colcon_core.shell:Creating package descriptor '/home/ubuntu/pibot_ws/install/pibot_cpp_examples/share/pibot_cpp_examples/package.dsv'
[0.543s] INFO:colcon.colcon_core.shell:Creating package script '/home/ubuntu/pibot_ws/install/pibot_cpp_examples/share/pibot_cpp_examples/package.sh'
[0.543s] INFO:colcon.colcon_core.shell:Creating package script '/home/ubuntu/pibot_ws/install/pibot_cpp_examples/share/pibot_cpp_examples/package.bash'
[0.544s] INFO:colcon.colcon_core.shell:Creating package script '/home/ubuntu/pibot_ws/install/pibot_cpp_examples/share/pibot_cpp_examples/package.zsh'
[0.544s] Level 1:colcon.colcon_core.environment:create_file_with_runtime_dependencies(/home/ubuntu/pibot_ws/install/pibot_cpp_examples/share/colcon-core/packages/pibot_cpp_examples)
[0.544s] Level 1:colcon.colcon_core.environment:create_environment_scripts_only(pibot_cpp_examples)
[0.545s] Level 1:colcon.colcon_core.environment:checking '/home/ubuntu/pibot_ws/install/pibot_cpp_examples' for CMake module files
[0.545s] Level 1:colcon.colcon_core.environment:checking '/home/ubuntu/pibot_ws/install/pibot_cpp_examples' for CMake config files
[0.545s] Level 1:colcon.colcon_core.shell:create_environment_hook('pibot_cpp_examples', 'cmake_prefix_path')
[0.545s] INFO:colcon.colcon_core.shell:Creating environment hook '/home/ubuntu/pibot_ws/install/pibot_cpp_examples/share/pibot_cpp_examples/hook/cmake_prefix_path.ps1'
[0.545s] INFO:colcon.colcon_core.shell:Creating environment descriptor '/home/ubuntu/pibot_ws/install/pibot_cpp_examples/share/pibot_cpp_examples/hook/cmake_prefix_path.dsv'
[0.545s] INFO:colcon.colcon_core.shell:Creating environment hook '/home/ubuntu/pibot_ws/install/pibot_cpp_examples/share/pibot_cpp_examples/hook/cmake_prefix_path.sh'
[0.545s] Level 1:colcon.colcon_core.environment:checking '/home/ubuntu/pibot_ws/install/pibot_cpp_examples/bin'
[0.545s] Level 1:colcon.colcon_core.environment:checking '/home/ubuntu/pibot_ws/install/pibot_cpp_examples/lib/pkgconfig/pibot_cpp_examples.pc'
[0.546s] Level 1:colcon.colcon_core.environment:checking '/home/ubuntu/pibot_ws/install/pibot_cpp_examples/lib/python3.10/site-packages'
[0.546s] Level 1:colcon.colcon_core.environment:checking '/home/ubuntu/pibot_ws/install/pibot_cpp_examples/bin'
[0.546s] INFO:colcon.colcon_core.shell:Creating package script '/home/ubuntu/pibot_ws/install/pibot_cpp_examples/share/pibot_cpp_examples/package.ps1'
[0.546s] INFO:colcon.colcon_core.shell:Creating package descriptor '/home/ubuntu/pibot_ws/install/pibot_cpp_examples/share/pibot_cpp_examples/package.dsv'
[0.546s] INFO:colcon.colcon_core.shell:Creating package script '/home/ubuntu/pibot_ws/install/pibot_cpp_examples/share/pibot_cpp_examples/package.sh'
[0.546s] INFO:colcon.colcon_core.shell:Creating package script '/home/ubuntu/pibot_ws/install/pibot_cpp_examples/share/pibot_cpp_examples/package.bash'
[0.546s] INFO:colcon.colcon_core.shell:Creating package script '/home/ubuntu/pibot_ws/install/pibot_cpp_examples/share/pibot_cpp_examples/package.zsh'
[0.546s] Level 1:colcon.colcon_core.environment:create_file_with_runtime_dependencies(/home/ubuntu/pibot_ws/install/pibot_cpp_examples/share/colcon-core/packages/pibot_cpp_examples)
[0.763s] DEBUG:colcon.colcon_core.event_handler.log_command:Invoking command in '/home/ubuntu/pibot_ws/pibot_py_examples': PYTHONPATH=/home/ubuntu/pibot_ws/build/pibot_py_examples/prefix_override:/usr/lib/python3/dist-packages/colcon_core/task/python/colcon_distutils_commands:/home/ubuntu/pibot_ws/install/pibot_py_examples/lib/python3.10/site-packages:${PYTHONPATH} /usr/bin/python3 -W ignore:setup.py install is deprecated -W ignore:easy_install command is deprecated setup.py egg_info --egg-base ../build/pibot_py_examples build --build-base /home/ubuntu/pibot_ws/build/pibot_py_examples/build install --record /home/ubuntu/pibot_ws/build/pibot_py_examples/install.log --single-version-externally-managed install_data
[0.763s] DEBUG:colcon.colcon_core.event_handler.log_command:Invoking command in '/home/ubuntu/pibot_ws/pibot_descripition': PYTHONPATH=/home/ubuntu/pibot_ws/build/pibot_descripition/prefix_override:/usr/lib/python3/dist-packages/colcon_core/task/python/colcon_distutils_commands:/home/ubuntu/pibot_ws/install/pibot_descripition/lib/python3.10/site-packages:${PYTHONPATH} /usr/bin/python3 -W ignore:setup.py install is deprecated -W ignore:easy_install command is deprecated setup.py egg_info --egg-base ../build/pibot_descripition build --build-base /home/ubuntu/pibot_ws/build/pibot_descripition/build install --record /home/ubuntu/pibot_ws/build/pibot_descripition/install.log --single-version-externally-managed install_data
[0.910s] Level 1:colcon.colcon_core.environment:checking '/home/ubuntu/pibot_ws/install/pibot_descripition' for CMake module files
[0.910s] DEBUG:colcon.colcon_core.event_handler.log_command:Invoked command in '/home/ubuntu/pibot_ws/pibot_descripition' returned '0': PYTHONPATH=/home/ubuntu/pibot_ws/build/pibot_descripition/prefix_override:/usr/lib/python3/dist-packages/colcon_core/task/python/colcon_distutils_commands:/home/ubuntu/pibot_ws/install/pibot_descripition/lib/python3.10/site-packages:${PYTHONPATH} /usr/bin/python3 -W ignore:setup.py install is deprecated -W ignore:easy_install command is deprecated setup.py egg_info --egg-base ../build/pibot_descripition build --build-base /home/ubuntu/pibot_ws/build/pibot_descripition/build install --record /home/ubuntu/pibot_ws/build/pibot_descripition/install.log --single-version-externally-managed install_data
[0.911s] Level 1:colcon.colcon_core.environment:checking '/home/ubuntu/pibot_ws/install/pibot_descripition' for CMake config files
[0.911s] Level 1:colcon.colcon_core.environment:checking '/home/ubuntu/pibot_ws/install/pibot_descripition/lib'
[0.911s] Level 1:colcon.colcon_core.environment:checking '/home/ubuntu/pibot_ws/install/pibot_descripition/bin'
[0.911s] Level 1:colcon.colcon_core.environment:checking '/home/ubuntu/pibot_ws/install/pibot_descripition/lib/pkgconfig/pibot_descripition.pc'
[0.911s] Level 1:colcon.colcon_core.environment:checking '/home/ubuntu/pibot_ws/install/pibot_descripition/lib/python3.10/site-packages'
[0.911s] Level 1:colcon.colcon_core.shell:create_environment_hook('pibot_descripition', 'pythonpath')
[0.911s] INFO:colcon.colcon_core.shell:Creating environment hook '/home/ubuntu/pibot_ws/install/pibot_descripition/share/pibot_descripition/hook/pythonpath.ps1'
[0.911s] INFO:colcon.colcon_core.shell:Creating environment descriptor '/home/ubuntu/pibot_ws/install/pibot_descripition/share/pibot_descripition/hook/pythonpath.dsv'
[0.912s] INFO:colcon.colcon_core.shell:Creating environment hook '/home/ubuntu/pibot_ws/install/pibot_descripition/share/pibot_descripition/hook/pythonpath.sh'
[0.912s] Level 1:colcon.colcon_core.environment:checking '/home/ubuntu/pibot_ws/install/pibot_descripition/bin'
[0.912s] Level 1:colcon.colcon_core.environment:create_environment_scripts_only(pibot_descripition)
[0.912s] INFO:colcon.colcon_core.shell:Creating package script '/home/ubuntu/pibot_ws/install/pibot_descripition/share/pibot_descripition/package.ps1'
[0.912s] INFO:colcon.colcon_core.shell:Creating package descriptor '/home/ubuntu/pibot_ws/install/pibot_descripition/share/pibot_descripition/package.dsv'
[0.912s] INFO:colcon.colcon_core.shell:Creating package script '/home/ubuntu/pibot_ws/install/pibot_descripition/share/pibot_descripition/package.sh'
[0.912s] INFO:colcon.colcon_core.shell:Creating package script '/home/ubuntu/pibot_ws/install/pibot_descripition/share/pibot_descripition/package.bash'
[0.913s] INFO:colcon.colcon_core.shell:Creating package script '/home/ubuntu/pibot_ws/install/pibot_descripition/share/pibot_descripition/package.zsh'
[0.913s] Level 1:colcon.colcon_core.environment:create_file_with_runtime_dependencies(/home/ubuntu/pibot_ws/install/pibot_descripition/share/colcon-core/packages/pibot_descripition)
[0.914s] Level 1:colcon.colcon_core.environment:checking '/home/ubuntu/pibot_ws/install/pibot_py_examples' for CMake module files
[0.914s] DEBUG:colcon.colcon_core.event_handler.log_command:Invoked command in '/home/ubuntu/pibot_ws/pibot_py_examples' returned '0': PYTHONPATH=/home/ubuntu/pibot_ws/build/pibot_py_examples/prefix_override:/usr/lib/python3/dist-packages/colcon_core/task/python/colcon_distutils_commands:/home/ubuntu/pibot_ws/install/pibot_py_examples/lib/python3.10/site-packages:${PYTHONPATH} /usr/bin/python3 -W ignore:setup.py install is deprecated -W ignore:easy_install command is deprecated setup.py egg_info --egg-base ../build/pibot_py_examples build --build-base /home/ubuntu/pibot_ws/build/pibot_py_examples/build install --record /home/ubuntu/pibot_ws/build/pibot_py_examples/install.log --single-version-externally-managed install_data
[0.914s] Level 1:colcon.colcon_core.environment:checking '/home/ubuntu/pibot_ws/install/pibot_py_examples' for CMake config files
[0.914s] Level 1:colcon.colcon_core.environment:checking '/home/ubuntu/pibot_ws/install/pibot_py_examples/lib'
[0.914s] Level 1:colcon.colcon_core.environment:checking '/home/ubuntu/pibot_ws/install/pibot_py_examples/bin'
[0.914s] Level 1:colcon.colcon_core.environment:checking '/home/ubuntu/pibot_ws/install/pibot_py_examples/lib/pkgconfig/pibot_py_examples.pc'
[0.914s] Level 1:colcon.colcon_core.environment:checking '/home/ubuntu/pibot_ws/install/pibot_py_examples/lib/python3.10/site-packages'
[0.914s] Level 1:colcon.colcon_core.shell:create_environment_hook('pibot_py_examples', 'pythonpath')
[0.914s] INFO:colcon.colcon_core.shell:Creating environment hook '/home/ubuntu/pibot_ws/install/pibot_py_examples/share/pibot_py_examples/hook/pythonpath.ps1'
[0.915s] INFO:colcon.colcon_core.shell:Creating environment descriptor '/home/ubuntu/pibot_ws/install/pibot_py_examples/share/pibot_py_examples/hook/pythonpath.dsv'
[0.915s] INFO:colcon.colcon_core.shell:Creating environment hook '/home/ubuntu/pibot_ws/install/pibot_py_examples/share/pibot_py_examples/hook/pythonpath.sh'
[0.915s] Level 1:colcon.colcon_core.environment:checking '/home/ubuntu/pibot_ws/install/pibot_py_examples/bin'
[0.915s] Level 1:colcon.colcon_core.environment:create_environment_scripts_only(pibot_py_examples)
[0.915s] INFO:colcon.colcon_core.shell:Creating package script '/home/ubuntu/pibot_ws/install/pibot_py_examples/share/pibot_py_examples/package.ps1'
[0.915s] INFO:colcon.colcon_core.shell:Creating package descriptor '/home/ubuntu/pibot_ws/install/pibot_py_examples/share/pibot_py_examples/package.dsv'
[0.915s] INFO:colcon.colcon_core.shell:Creating package script '/home/ubuntu/pibot_ws/install/pibot_py_examples/share/pibot_py_examples/package.sh'
[0.916s] INFO:colcon.colcon_core.shell:Creating package script '/home/ubuntu/pibot_ws/install/pibot_py_examples/share/pibot_py_examples/package.bash'
[0.916s] INFO:colcon.colcon_core.shell:Creating package script '/home/ubuntu/pibot_ws/install/pibot_py_examples/share/pibot_py_examples/package.zsh'
[0.916s] Level 1:colcon.colcon_core.environment:create_file_with_runtime_dependencies(/home/ubuntu/pibot_ws/install/pibot_py_examples/share/colcon-core/packages/pibot_py_examples)
[0.916s] DEBUG:colcon.colcon_parallel_executor.executor.parallel:closing loop
[0.916s] DEBUG:colcon.colcon_parallel_executor.executor.parallel:loop closed
[0.916s] DEBUG:colcon.colcon_parallel_executor.executor.parallel:run_until_complete finished with '0'
[0.916s] DEBUG:colcon.colcon_core.event_reactor:joining thread
[0.920s] INFO:colcon.colcon_core.plugin_system:Skipping extension 'colcon_notification.desktop_notification.terminal_notifier': Not used on non-Darwin systems
[0.920s] INFO:colcon.colcon_core.plugin_system:Skipping extension 'colcon_notification.desktop_notification.win32': Not used on non-Windows systems
[0.920s] INFO:colcon.colcon_notification.desktop_notification:Sending desktop notification using 'notify2'
[0.999s] DEBUG:colcon.colcon_core.event_reactor:joined thread
[1.000s] INFO:colcon.colcon_core.shell:Creating prefix script '/home/ubuntu/pibot_ws/install/local_setup.ps1'
[1.000s] INFO:colcon.colcon_core.shell:Creating prefix util module '/home/ubuntu/pibot_ws/install/_local_setup_util_ps1.py'
[1.001s] INFO:colcon.colcon_core.shell:Creating prefix chain script '/home/ubuntu/pibot_ws/install/setup.ps1'
[1.002s] INFO:colcon.colcon_core.shell:Creating prefix script '/home/ubuntu/pibot_ws/install/local_setup.sh'
[1.002s] INFO:colcon.colcon_core.shell:Creating prefix util module '/home/ubuntu/pibot_ws/install/_local_setup_util_sh.py'
[1.003s] INFO:colcon.colcon_core.shell:Creating prefix chain script '/home/ubuntu/pibot_ws/install/setup.sh'
[1.003s] INFO:colcon.colcon_core.shell:Creating prefix script '/home/ubuntu/pibot_ws/install/local_setup.bash'
[1.003s] INFO:colcon.colcon_core.shell:Creating prefix chain script '/home/ubuntu/pibot_ws/install/setup.bash'
[1.004s] INFO:colcon.colcon_core.shell:Creating prefix script '/home/ubuntu/pibot_ws/install/local_setup.zsh'
[1.004s] INFO:colcon.colcon_core.shell:Creating prefix chain script '/home/ubuntu/pibot_ws/install/setup.zsh'
