[0.012s] Invoking command in '/home/ubuntu/pibot_ws/build/pibot_cpp_examples': CMAKE_PREFIX_PATH=/opt/ros/humble /usr/bin/cmake /home/ubuntu/pibot_ws/pibot_cpp_examples -DCMAKE_INSTALL_PREFIX=/home/ubuntu/pibot_ws/install/pibot_cpp_examples
[0.163s] -- The C compiler identification is GNU 11.4.0
[0.243s] -- The CXX compiler identification is GNU 11.4.0
[0.250s] -- Detecting C compiler ABI info
[0.292s] -- Detecting C compiler ABI info - done
[0.296s] -- Check for working C compiler: /usr/bin/cc - skipped
[0.296s] -- Detecting C compile features
[0.297s] -- Detecting C compile features - done
[0.299s] -- Detecting CXX compiler ABI info
[0.350s] -- Detecting CXX compiler ABI info - done
[0.355s] -- Check for working CXX compiler: /usr/bin/c++ - skipped
[0.355s] -- Detecting CXX compile features
[0.355s] -- Detecting CXX compile features - done
[0.371s] -- Found ament_cmake: 1.3.11 (/opt/ros/humble/share/ament_cmake/cmake)
[0.464s] -- Found Python3: /usr/bin/python3 (found version "3.10.12") found components: Interpreter 
[0.526s] -- Found ament_lint_auto: 0.12.12 (/opt/ros/humble/share/ament_lint_auto/cmake)
[0.572s] -- Added test 'lint_cmake' to check CMake code style
[0.573s] -- Added test 'xmllint' to check XML markup files
[0.574s] -- Configuring done
[0.576s] -- Generating done
[0.578s] -- Build files have been written to: /home/ubuntu/pibot_ws/build/pibot_cpp_examples
[0.580s] Invoked command in '/home/ubuntu/pibot_ws/build/pibot_cpp_examples' returned '0': CMAKE_PREFIX_PATH=/opt/ros/humble /usr/bin/cmake /home/ubuntu/pibot_ws/pibot_cpp_examples -DCMAKE_INSTALL_PREFIX=/home/ubuntu/pibot_ws/install/pibot_cpp_examples
[0.581s] Invoking command in '/home/ubuntu/pibot_ws/build/pibot_cpp_examples': CMAKE_PREFIX_PATH=/opt/ros/humble /usr/bin/cmake --build /home/ubuntu/pibot_ws/build/pibot_cpp_examples -- -j8 -l8
[0.606s] Invoked command in '/home/ubuntu/pibot_ws/build/pibot_cpp_examples' returned '0': CMAKE_PREFIX_PATH=/opt/ros/humble /usr/bin/cmake --build /home/ubuntu/pibot_ws/build/pibot_cpp_examples -- -j8 -l8
[0.611s] Invoking command in '/home/ubuntu/pibot_ws/build/pibot_cpp_examples': CMAKE_PREFIX_PATH=/opt/ros/humble /usr/bin/cmake --install /home/ubuntu/pibot_ws/build/pibot_cpp_examples
[0.614s] -- Install configuration: ""
[0.614s] -- Installing: /home/ubuntu/pibot_ws/install/pibot_cpp_examples/share/ament_index/resource_index/package_run_dependencies/pibot_cpp_examples
[0.614s] -- Installing: /home/ubuntu/pibot_ws/install/pibot_cpp_examples/share/ament_index/resource_index/parent_prefix_path/pibot_cpp_examples
[0.614s] -- Installing: /home/ubuntu/pibot_ws/install/pibot_cpp_examples/share/pibot_cpp_examples/environment/ament_prefix_path.sh
[0.614s] -- Installing: /home/ubuntu/pibot_ws/install/pibot_cpp_examples/share/pibot_cpp_examples/environment/ament_prefix_path.dsv
[0.614s] -- Installing: /home/ubuntu/pibot_ws/install/pibot_cpp_examples/share/pibot_cpp_examples/environment/path.sh
[0.614s] -- Installing: /home/ubuntu/pibot_ws/install/pibot_cpp_examples/share/pibot_cpp_examples/environment/path.dsv
[0.615s] -- Installing: /home/ubuntu/pibot_ws/install/pibot_cpp_examples/share/pibot_cpp_examples/local_setup.bash
[0.615s] -- Installing: /home/ubuntu/pibot_ws/install/pibot_cpp_examples/share/pibot_cpp_examples/local_setup.sh
[0.615s] -- Installing: /home/ubuntu/pibot_ws/install/pibot_cpp_examples/share/pibot_cpp_examples/local_setup.zsh
[0.615s] -- Installing: /home/ubuntu/pibot_ws/install/pibot_cpp_examples/share/pibot_cpp_examples/local_setup.dsv
[0.615s] -- Installing: /home/ubuntu/pibot_ws/install/pibot_cpp_examples/share/pibot_cpp_examples/package.dsv
[0.615s] -- Installing: /home/ubuntu/pibot_ws/install/pibot_cpp_examples/share/ament_index/resource_index/packages/pibot_cpp_examples
[0.615s] -- Installing: /home/ubuntu/pibot_ws/install/pibot_cpp_examples/share/pibot_cpp_examples/cmake/pibot_cpp_examplesConfig.cmake
[0.615s] -- Installing: /home/ubuntu/pibot_ws/install/pibot_cpp_examples/share/pibot_cpp_examples/cmake/pibot_cpp_examplesConfig-version.cmake
[0.615s] -- Installing: /home/ubuntu/pibot_ws/install/pibot_cpp_examples/share/pibot_cpp_examples/package.xml
[0.616s] Invoked command in '/home/ubuntu/pibot_ws/build/pibot_cpp_examples' returned '0': CMAKE_PREFIX_PATH=/opt/ros/humble /usr/bin/cmake --install /home/ubuntu/pibot_ws/build/pibot_cpp_examples
