-- Install configuration: ""
-- Up-to-date: /home/ubuntu/Pibot_ROS2_workspace/install/pibot_description/share/pibot_description/launch
-- Up-to-date: /home/ubuntu/Pibot_ROS2_workspace/install/pibot_description/share/pibot_description/launch/display.launch.py
-- Up-to-date: /home/ubuntu/Pibot_ROS2_workspace/install/pibot_description/share/pibot_description/launch/gazebo.launch.py
-- Up-to-date: /home/ubuntu/Pibot_ROS2_workspace/install/pibot_description/share/pibot_description/meshes
-- Installing: /home/ubuntu/Pibot_ROS2_workspace/install/pibot_description/share/pibot_description/meshes/caster_rear_link.STL
-- Installing: /home/ubuntu/Pibot_ROS2_workspace/install/pibot_description/share/pibot_description/meshes/imu_link.STL
-- Installing: /home/ubuntu/Pibot_ROS2_workspace/install/pibot_description/share/pibot_description/meshes/caster_front_link.STL
-- Installing: /home/ubuntu/Pibot_ROS2_workspace/install/pibot_description/share/pibot_description/meshes/wheel_right_link.STL
-- Installing: /home/ubuntu/Pibot_ROS2_workspace/install/pibot_description/share/pibot_description/meshes/wheel_left_link.STL
-- Installing: /home/ubuntu/Pibot_ROS2_workspace/install/pibot_description/share/pibot_description/meshes/base_link.STL
-- Up-to-date: /home/ubuntu/Pibot_ROS2_workspace/install/pibot_description/share/pibot_description/urdf
-- Installing: /home/ubuntu/Pibot_ROS2_workspace/install/pibot_description/share/pibot_description/urdf/pibot_gazebo.xacro
-- Installing: /home/ubuntu/Pibot_ROS2_workspace/install/pibot_description/share/pibot_description/urdf/pibot.urdf.xacro
-- Installing: /home/ubuntu/Pibot_ROS2_workspace/install/pibot_description/share/pibot_description/rviz
-- Installing: /home/ubuntu/Pibot_ROS2_workspace/install/pibot_description/share/pibot_description/rviz/display.rviz
-- Up-to-date: /home/ubuntu/Pibot_ROS2_workspace/install/pibot_description/share/ament_index/resource_index/package_run_dependencies/pibot_description
-- Installing: /home/ubuntu/Pibot_ROS2_workspace/install/pibot_description/share/ament_index/resource_index/parent_prefix_path/pibot_description
-- Up-to-date: /home/ubuntu/Pibot_ROS2_workspace/install/pibot_description/share/pibot_description/environment/ament_prefix_path.sh
-- Installing: /home/ubuntu/Pibot_ROS2_workspace/install/pibot_description/share/pibot_description/environment/ament_prefix_path.dsv
-- Up-to-date: /home/ubuntu/Pibot_ROS2_workspace/install/pibot_description/share/pibot_description/environment/path.sh
-- Installing: /home/ubuntu/Pibot_ROS2_workspace/install/pibot_description/share/pibot_description/environment/path.dsv
-- Up-to-date: /home/ubuntu/Pibot_ROS2_workspace/install/pibot_description/share/pibot_description/local_setup.bash
-- Up-to-date: /home/ubuntu/Pibot_ROS2_workspace/install/pibot_description/share/pibot_description/local_setup.sh
-- Up-to-date: /home/ubuntu/Pibot_ROS2_workspace/install/pibot_description/share/pibot_description/local_setup.zsh
-- Installing: /home/ubuntu/Pibot_ROS2_workspace/install/pibot_description/share/pibot_description/local_setup.dsv
-- Installing: /home/ubuntu/Pibot_ROS2_workspace/install/pibot_description/share/pibot_description/package.dsv
-- Up-to-date: /home/ubuntu/Pibot_ROS2_workspace/install/pibot_description/share/ament_index/resource_index/packages/pibot_description
-- Up-to-date: /home/ubuntu/Pibot_ROS2_workspace/install/pibot_description/share/pibot_description/cmake/pibot_descriptionConfig.cmake
-- Up-to-date: /home/ubuntu/Pibot_ROS2_workspace/install/pibot_description/share/pibot_description/cmake/pibot_descriptionConfig-version.cmake
-- Up-to-date: /home/ubuntu/Pibot_ROS2_workspace/install/pibot_description/share/pibot_description/package.xml
