running egg_info
creating ../build/pibot_py_examples/pibot_py_examples.egg-info
writing ../build/pibot_py_examples/pibot_py_examples.egg-info/PKG-INFO
writing dependency_links to ../build/pibot_py_examples/pibot_py_examples.egg-info/dependency_links.txt
writing entry points to ../build/pibot_py_examples/pibot_py_examples.egg-info/entry_points.txt
writing requirements to ../build/pibot_py_examples/pibot_py_examples.egg-info/requires.txt
writing top-level names to ../build/pibot_py_examples/pibot_py_examples.egg-info/top_level.txt
writing manifest file '../build/pibot_py_examples/pibot_py_examples.egg-info/SOURCES.txt'
reading manifest file '../build/pibot_py_examples/pibot_py_examples.egg-info/SOURCES.txt'
writing manifest file '../build/pibot_py_examples/pibot_py_examples.egg-info/SOURCES.txt'
running build
running build_py
creating /home/ubuntu/pibot_ws/build/pibot_py_examples/build
creating /home/ubuntu/pibot_ws/build/pibot_py_examples/build/lib
creating /home/ubuntu/pibot_ws/build/pibot_py_examples/build/lib/pibot_py_examples
copying pibot_py_examples/__init__.py -> /home/ubuntu/pibot_ws/build/pibot_py_examples/build/lib/pibot_py_examples
running install
running install_lib
creating /home/ubuntu/pibot_ws/install/pibot_py_examples/lib/python3.10/site-packages/pibot_py_examples
copying /home/ubuntu/pibot_ws/build/pibot_py_examples/build/lib/pibot_py_examples/__init__.py -> /home/ubuntu/pibot_ws/install/pibot_py_examples/lib/python3.10/site-packages/pibot_py_examples
byte-compiling /home/ubuntu/pibot_ws/install/pibot_py_examples/lib/python3.10/site-packages/pibot_py_examples/__init__.py to __init__.cpython-310.pyc
running install_data
creating /home/ubuntu/pibot_ws/install/pibot_py_examples/share/ament_index
creating /home/ubuntu/pibot_ws/install/pibot_py_examples/share/ament_index/resource_index
creating /home/ubuntu/pibot_ws/install/pibot_py_examples/share/ament_index/resource_index/packages
copying resource/pibot_py_examples -> /home/ubuntu/pibot_ws/install/pibot_py_examples/share/ament_index/resource_index/packages
copying package.xml -> /home/ubuntu/pibot_ws/install/pibot_py_examples/share/pibot_py_examples
running install_egg_info
Copying ../build/pibot_py_examples/pibot_py_examples.egg-info to /home/ubuntu/pibot_ws/install/pibot_py_examples/lib/python3.10/site-packages/pibot_py_examples-0.0.0-py3.10.egg-info
running install_scripts
writing list of installed files to '/home/ubuntu/pibot_ws/build/pibot_py_examples/install.log'
