[0.438s] Invoking command in '/home/ubuntu/pibot_ws/pibot_py_examples': PYTHONPATH=/home/ubuntu/pibot_ws/build/pibot_py_examples/prefix_override:/usr/lib/python3/dist-packages/colcon_core/task/python/colcon_distutils_commands:/home/ubuntu/pibot_ws/install/pibot_py_examples/lib/python3.10/site-packages:${PYTHONPATH} /usr/bin/python3 -W ignore:setup.py install is deprecated -W ignore:easy_install command is deprecated setup.py egg_info --egg-base ../build/pibot_py_examples build --build-base /home/ubuntu/pibot_ws/build/pibot_py_examples/build install --record /home/ubuntu/pibot_ws/build/pibot_py_examples/install.log --single-version-externally-managed install_data
[0.551s] running egg_info
[0.551s] creating ../build/pibot_py_examples/pibot_py_examples.egg-info
[0.551s] writing ../build/pibot_py_examples/pibot_py_examples.egg-info/PKG-INFO
[0.552s] writing dependency_links to ../build/pibot_py_examples/pibot_py_examples.egg-info/dependency_links.txt
[0.552s] writing entry points to ../build/pibot_py_examples/pibot_py_examples.egg-info/entry_points.txt
[0.552s] writing requirements to ../build/pibot_py_examples/pibot_py_examples.egg-info/requires.txt
[0.552s] writing top-level names to ../build/pibot_py_examples/pibot_py_examples.egg-info/top_level.txt
[0.552s] writing manifest file '../build/pibot_py_examples/pibot_py_examples.egg-info/SOURCES.txt'
[0.553s] reading manifest file '../build/pibot_py_examples/pibot_py_examples.egg-info/SOURCES.txt'
[0.553s] writing manifest file '../build/pibot_py_examples/pibot_py_examples.egg-info/SOURCES.txt'
[0.554s] running build
[0.554s] running build_py
[0.554s] creating /home/ubuntu/pibot_ws/build/pibot_py_examples/build
[0.554s] creating /home/ubuntu/pibot_ws/build/pibot_py_examples/build/lib
[0.554s] creating /home/ubuntu/pibot_ws/build/pibot_py_examples/build/lib/pibot_py_examples
[0.554s] copying pibot_py_examples/__init__.py -> /home/ubuntu/pibot_ws/build/pibot_py_examples/build/lib/pibot_py_examples
[0.554s] running install
[0.554s] running install_lib
[0.554s] creating /home/ubuntu/pibot_ws/install/pibot_py_examples/lib/python3.10/site-packages/pibot_py_examples
[0.555s] copying /home/ubuntu/pibot_ws/build/pibot_py_examples/build/lib/pibot_py_examples/__init__.py -> /home/ubuntu/pibot_ws/install/pibot_py_examples/lib/python3.10/site-packages/pibot_py_examples
[0.555s] byte-compiling /home/ubuntu/pibot_ws/install/pibot_py_examples/lib/python3.10/site-packages/pibot_py_examples/__init__.py to __init__.cpython-310.pyc
[0.555s] running install_data
[0.555s] creating /home/ubuntu/pibot_ws/install/pibot_py_examples/share/ament_index
[0.555s] creating /home/ubuntu/pibot_ws/install/pibot_py_examples/share/ament_index/resource_index
[0.555s] creating /home/ubuntu/pibot_ws/install/pibot_py_examples/share/ament_index/resource_index/packages
[0.555s] copying resource/pibot_py_examples -> /home/ubuntu/pibot_ws/install/pibot_py_examples/share/ament_index/resource_index/packages
[0.555s] copying package.xml -> /home/ubuntu/pibot_ws/install/pibot_py_examples/share/pibot_py_examples
[0.555s] running install_egg_info
[0.556s] Copying ../build/pibot_py_examples/pibot_py_examples.egg-info to /home/ubuntu/pibot_ws/install/pibot_py_examples/lib/python3.10/site-packages/pibot_py_examples-0.0.0-py3.10.egg-info
[0.557s] running install_scripts
[0.575s] writing list of installed files to '/home/ubuntu/pibot_ws/build/pibot_py_examples/install.log'
[0.588s] Invoked command in '/home/ubuntu/pibot_ws/pibot_py_examples' returned '0': PYTHONPATH=/home/ubuntu/pibot_ws/build/pibot_py_examples/prefix_override:/usr/lib/python3/dist-packages/colcon_core/task/python/colcon_distutils_commands:/home/ubuntu/pibot_ws/install/pibot_py_examples/lib/python3.10/site-packages:${PYTHONPATH} /usr/bin/python3 -W ignore:setup.py install is deprecated -W ignore:easy_install command is deprecated setup.py egg_info --egg-base ../build/pibot_py_examples build --build-base /home/ubuntu/pibot_ws/build/pibot_py_examples/build install --record /home/ubuntu/pibot_ws/build/pibot_py_examples/install.log --single-version-externally-managed install_data
