[0.010s] Invoking command in '/home/ubuntu/Pibot_ROS2_workspace/build/pibot_description': CMAKE_PREFIX_PATH=/opt/ros/humble /usr/bin/cmake --build /home/ubuntu/Pibot_ROS2_workspace/build/pibot_description -- -j8 -l8
[0.029s] -- Found ament_cmake: 1.3.11 (/opt/ros/humble/share/ament_cmake/cmake)
[0.101s] -- Found ament_lint_auto: 0.12.12 (/opt/ros/humble/share/ament_lint_auto/cmake)
[0.135s] -- Added test 'flake8' to check Python code syntax and style conventions
[0.135s] -- Added test 'lint_cmake' to check CMake code style
[0.135s] -- Added test 'pep257' to check Python code against some of the docstring style conventions in PEP 257
[0.136s] -- Added test 'xmllint' to check XML markup files
[0.136s] -- Configuring done
[0.139s] -- Generating done
[0.140s] -- Build files have been written to: /home/ubuntu/Pibot_ROS2_workspace/build/pibot_description
[0.150s] Invoked command in '/home/ubuntu/Pibot_ROS2_workspace/build/pibot_description' returned '0': CMAKE_PREFIX_PATH=/opt/ros/humble /usr/bin/cmake --build /home/ubuntu/Pibot_ROS2_workspace/build/pibot_description -- -j8 -l8
[0.155s] Invoking command in '/home/ubuntu/Pibot_ROS2_workspace/build/pibot_description': CMAKE_PREFIX_PATH=/opt/ros/humble /usr/bin/cmake --install /home/ubuntu/Pibot_ROS2_workspace/build/pibot_description
[0.158s] -- Install configuration: ""
[0.158s] -- Installing: /home/ubuntu/Pibot_ROS2_workspace/install/pibot_description/share/ament_index/resource_index/package_run_dependencies/pibot_description
[0.159s] -- Up-to-date: /home/ubuntu/Pibot_ROS2_workspace/install/pibot_description/share/ament_index/resource_index/parent_prefix_path/pibot_description
[0.159s] -- Up-to-date: /home/ubuntu/Pibot_ROS2_workspace/install/pibot_description/share/pibot_description/environment/ament_prefix_path.sh
[0.159s] -- Installing: /home/ubuntu/Pibot_ROS2_workspace/install/pibot_description/share/pibot_description/environment/ament_prefix_path.dsv
[0.159s] -- Up-to-date: /home/ubuntu/Pibot_ROS2_workspace/install/pibot_description/share/pibot_description/environment/path.sh
[0.159s] -- Installing: /home/ubuntu/Pibot_ROS2_workspace/install/pibot_description/share/pibot_description/environment/path.dsv
[0.159s] -- Up-to-date: /home/ubuntu/Pibot_ROS2_workspace/install/pibot_description/share/pibot_description/local_setup.bash
[0.160s] -- Up-to-date: /home/ubuntu/Pibot_ROS2_workspace/install/pibot_description/share/pibot_description/local_setup.sh
[0.160s] -- Up-to-date: /home/ubuntu/Pibot_ROS2_workspace/install/pibot_description/share/pibot_description/local_setup.zsh
[0.160s] -- Installing: /home/ubuntu/Pibot_ROS2_workspace/install/pibot_description/share/pibot_description/local_setup.dsv
[0.160s] -- Installing: /home/ubuntu/Pibot_ROS2_workspace/install/pibot_description/share/pibot_description/package.dsv
[0.160s] -- Up-to-date: /home/ubuntu/Pibot_ROS2_workspace/install/pibot_description/share/ament_index/resource_index/packages/pibot_description
[0.160s] -- Up-to-date: /home/ubuntu/Pibot_ROS2_workspace/install/pibot_description/share/pibot_description/cmake/pibot_descriptionConfig.cmake
[0.160s] -- Up-to-date: /home/ubuntu/Pibot_ROS2_workspace/install/pibot_description/share/pibot_description/cmake/pibot_descriptionConfig-version.cmake
[0.160s] -- Installing: /home/ubuntu/Pibot_ROS2_workspace/install/pibot_description/share/pibot_description/package.xml
[0.161s] Invoked command in '/home/ubuntu/Pibot_ROS2_workspace/build/pibot_description' returned '0': CMAKE_PREFIX_PATH=/opt/ros/humble /usr/bin/cmake --install /home/ubuntu/Pibot_ROS2_workspace/build/pibot_description
