[0.009s] Invoking command in '/home/ubuntu/pibot_ws/build/pibot_cpp_examples': CMAKE_PREFIX_PATH=${CMAKE_PREFIX_PATH}:/home/ubuntu/pibot_ws/install/pibot_py_examples:/opt/ros/humble /usr/bin/cmake --build /home/ubuntu/pibot_ws/build/pibot_cpp_examples -- -j8 -l8
[0.127s] Invoked command in '/home/ubuntu/pibot_ws/build/pibot_cpp_examples' returned '0': CMAKE_PREFIX_PATH=${CMAKE_PREFIX_PATH}:/home/ubuntu/pibot_ws/install/pibot_py_examples:/opt/ros/humble /usr/bin/cmake --build /home/ubuntu/pibot_ws/build/pibot_cpp_examples -- -j8 -l8
[0.132s] Invoking command in '/home/ubuntu/pibot_ws/build/pibot_cpp_examples': CMAKE_PREFIX_PATH=${CMAKE_PREFIX_PATH}:/home/ubuntu/pibot_ws/install/pibot_py_examples:/opt/ros/humble /usr/bin/cmake --install /home/ubuntu/pibot_ws/build/pibot_cpp_examples
[0.135s] -- Install configuration: ""
[0.135s] -- Up-to-date: /home/ubuntu/pibot_ws/install/pibot_cpp_examples/share/ament_index/resource_index/package_run_dependencies/pibot_cpp_examples
[0.136s] -- Up-to-date: /home/ubuntu/pibot_ws/install/pibot_cpp_examples/share/ament_index/resource_index/parent_prefix_path/pibot_cpp_examples
[0.137s] -- Up-to-date: /home/ubuntu/pibot_ws/install/pibot_cpp_examples/share/pibot_cpp_examples/environment/ament_prefix_path.sh
[0.137s] -- Up-to-date: /home/ubuntu/pibot_ws/install/pibot_cpp_examples/share/pibot_cpp_examples/environment/ament_prefix_path.dsv
[0.137s] -- Up-to-date: /home/ubuntu/pibot_ws/install/pibot_cpp_examples/share/pibot_cpp_examples/environment/path.sh
[0.137s] -- Up-to-date: /home/ubuntu/pibot_ws/install/pibot_cpp_examples/share/pibot_cpp_examples/environment/path.dsv
[0.137s] -- Up-to-date: /home/ubuntu/pibot_ws/install/pibot_cpp_examples/share/pibot_cpp_examples/local_setup.bash
[0.138s] -- Up-to-date: /home/ubuntu/pibot_ws/install/pibot_cpp_examples/share/pibot_cpp_examples/local_setup.sh
[0.138s] -- Up-to-date: /home/ubuntu/pibot_ws/install/pibot_cpp_examples/share/pibot_cpp_examples/local_setup.zsh
[0.138s] -- Up-to-date: /home/ubuntu/pibot_ws/install/pibot_cpp_examples/share/pibot_cpp_examples/local_setup.dsv
[0.138s] -- Installing: /home/ubuntu/pibot_ws/install/pibot_cpp_examples/share/pibot_cpp_examples/package.dsv
[0.138s] -- Up-to-date: /home/ubuntu/pibot_ws/install/pibot_cpp_examples/share/ament_index/resource_index/packages/pibot_cpp_examples
[0.138s] -- Up-to-date: /home/ubuntu/pibot_ws/install/pibot_cpp_examples/share/pibot_cpp_examples/cmake/pibot_cpp_examplesConfig.cmake
[0.138s] -- Up-to-date: /home/ubuntu/pibot_ws/install/pibot_cpp_examples/share/pibot_cpp_examples/cmake/pibot_cpp_examplesConfig-version.cmake
[0.138s] -- Up-to-date: /home/ubuntu/pibot_ws/install/pibot_cpp_examples/share/pibot_cpp_examples/package.xml
[0.139s] Invoked command in '/home/ubuntu/pibot_ws/build/pibot_cpp_examples' returned '0': CMAKE_PREFIX_PATH=${CMAKE_PREFIX_PATH}:/home/ubuntu/pibot_ws/install/pibot_py_examples:/opt/ros/humble /usr/bin/cmake --install /home/ubuntu/pibot_ws/build/pibot_cpp_examples
