[0.009s] Invoking command in '/home/ubuntu/Pibot_ROS2_workspace/build/pibot_description': CMAKE_PREFIX_PATH=${CMAKE_PREFIX_PATH}:/home/ubuntu/Pibot_ROS2_workspace/install/pibot_py_examples:/opt/ros/humble /usr/bin/cmake --build /home/ubuntu/Pibot_ROS2_workspace/build/pibot_description -- -j8 -l8
[0.035s] -- Found ament_cmake: 1.3.11 (/opt/ros/humble/share/ament_cmake/cmake)
[0.118s] -- Found urdf: 2.6.1 (/opt/ros/humble/share/urdf/cmake)
[0.168s] -- Found ament_lint_auto: 0.12.12 (/opt/ros/humble/share/ament_lint_auto/cmake)
[0.211s] -- Added test 'flake8' to check Python code syntax and style conventions
[0.212s] -- Added test 'lint_cmake' to check CMake code style
[0.212s] -- Added test 'pep257' to check Python code against some of the docstring style conventions in PEP 257
[0.212s] -- Added test 'xmllint' to check XML markup files
[0.213s] -- Configuring done
[0.217s] -- Generating done
[0.218s] -- Build files have been written to: /home/ubuntu/Pibot_ROS2_workspace/build/pibot_description
[0.230s] Invoked command in '/home/ubuntu/Pibot_ROS2_workspace/build/pibot_description' returned '0': CMAKE_PREFIX_PATH=${CMAKE_PREFIX_PATH}:/home/ubuntu/Pibot_ROS2_workspace/install/pibot_py_examples:/opt/ros/humble /usr/bin/cmake --build /home/ubuntu/Pibot_ROS2_workspace/build/pibot_description -- -j8 -l8
[0.235s] Invoking command in '/home/ubuntu/Pibot_ROS2_workspace/build/pibot_description': CMAKE_PREFIX_PATH=${CMAKE_PREFIX_PATH}:/home/ubuntu/Pibot_ROS2_workspace/install/pibot_py_examples:/opt/ros/humble /usr/bin/cmake --install /home/ubuntu/Pibot_ROS2_workspace/build/pibot_description
[0.238s] -- Install configuration: ""
[0.238s] -- Installing: /home/ubuntu/Pibot_ROS2_workspace/install/pibot_description/share/pibot_description/launch
[0.238s] -- Installing: /home/ubuntu/Pibot_ROS2_workspace/install/pibot_description/share/pibot_description/launch/display.launch.py
[0.238s] -- Installing: /home/ubuntu/Pibot_ROS2_workspace/install/pibot_description/share/pibot_description/launch/gazebo.launch.py
[0.238s] [31mCMake Error at cmake_install.cmake:46 (file):
[0.238s]   file INSTALL cannot find
[0.238s]   "/home/ubuntu/Pibot_ROS2_workspace/src/pibot_description/meshes": No such
[0.238s]   file or directory.
[0.238s] 
[0.238s] [0m
[0.239s] Invoked command in '/home/ubuntu/Pibot_ROS2_workspace/build/pibot_description' returned '1': CMAKE_PREFIX_PATH=${CMAKE_PREFIX_PATH}:/home/ubuntu/Pibot_ROS2_workspace/install/pibot_py_examples:/opt/ros/humble /usr/bin/cmake --install /home/ubuntu/Pibot_ROS2_workspace/build/pibot_description
