-- Found ament_cmake: 1.3.11 (/opt/ros/humble/share/ament_cmake/cmake)
-- Found ament_lint_auto: 0.12.12 (/opt/ros/humble/share/ament_lint_auto/cmake)
-- Added test 'lint_cmake' to check CMake code style
-- Added test 'xmllint' to check XML markup files
-- Configuring done
-- Generating done
-- Build files have been written to: /home/ubuntu/Pibot_ROS2_workspace/build/pibot_description
-- Install configuration: ""
-- Installing: /home/ubuntu/Pibot_ROS2_workspace/install/pibot_description/share/ament_index/resource_index/package_run_dependencies/pibot_description
-- Installing: /home/ubuntu/Pibot_ROS2_workspace/install/pibot_description/share/ament_index/resource_index/parent_prefix_path/pibot_description
-- Installing: /home/ubuntu/Pibot_ROS2_workspace/install/pibot_description/share/pibot_description/environment/ament_prefix_path.sh
-- Installing: /home/ubuntu/Pibot_ROS2_workspace/install/pibot_description/share/pibot_description/environment/ament_prefix_path.dsv
-- Installing: /home/ubuntu/Pibot_ROS2_workspace/install/pibot_description/share/pibot_description/environment/path.sh
-- Installing: /home/ubuntu/Pibot_ROS2_workspace/install/pibot_description/share/pibot_description/environment/path.dsv
-- Installing: /home/ubuntu/Pibot_ROS2_workspace/install/pibot_description/share/pibot_description/local_setup.bash
-- Installing: /home/ubuntu/Pibot_ROS2_workspace/install/pibot_description/share/pibot_description/local_setup.sh
-- Installing: /home/ubuntu/Pibot_ROS2_workspace/install/pibot_description/share/pibot_description/local_setup.zsh
-- Installing: /home/ubuntu/Pibot_ROS2_workspace/install/pibot_description/share/pibot_description/local_setup.dsv
-- Installing: /home/ubuntu/Pibot_ROS2_workspace/install/pibot_description/share/pibot_description/package.dsv
-- Installing: /home/ubuntu/Pibot_ROS2_workspace/install/pibot_description/share/ament_index/resource_index/packages/pibot_description
-- Installing: /home/ubuntu/Pibot_ROS2_workspace/install/pibot_description/share/pibot_description/cmake/pibot_descriptionConfig.cmake
-- Installing: /home/ubuntu/Pibot_ROS2_workspace/install/pibot_description/share/pibot_description/cmake/pibot_descriptionConfig-version.cmake
-- Installing: /home/ubuntu/Pibot_ROS2_workspace/install/pibot_description/share/pibot_description/package.xml
