[0.010s] Invoking command in '/home/ubuntu/pibot_ws/build/pibot_description': CMAKE_PREFIX_PATH=${CMAKE_PREFIX_PATH}:/home/ubuntu/pibot_ws/install/pibot_py_examples:/home/ubuntu/pibot_ws/install/pibot_descripition:/opt/ros/humble /usr/bin/cmake --build /home/ubuntu/pibot_ws/build/pibot_description -- -j8 -l8
[0.025s] -- Found ament_cmake: 1.3.11 (/opt/ros/humble/share/ament_cmake/cmake)
[0.099s] -- Found ament_lint_auto: 0.12.12 (/opt/ros/humble/share/ament_lint_auto/cmake)
[0.134s] -- Added test 'lint_cmake' to check CMake code style
[0.134s] -- Added test 'xmllint' to check XML markup files
[0.134s] -- Configuring done
[0.136s] -- Generating done
[0.138s] -- Build files have been written to: /home/ubuntu/pibot_ws/build/pibot_description
[0.149s] Invoked command in '/home/ubuntu/pibot_ws/build/pibot_description' returned '0': CMAKE_PREFIX_PATH=${CMAKE_PREFIX_PATH}:/home/ubuntu/pibot_ws/install/pibot_py_examples:/home/ubuntu/pibot_ws/install/pibot_descripition:/opt/ros/humble /usr/bin/cmake --build /home/ubuntu/pibot_ws/build/pibot_description -- -j8 -l8
[0.154s] Invoking command in '/home/ubuntu/pibot_ws/build/pibot_description': CMAKE_PREFIX_PATH=${CMAKE_PREFIX_PATH}:/home/ubuntu/pibot_ws/install/pibot_py_examples:/home/ubuntu/pibot_ws/install/pibot_descripition:/opt/ros/humble /usr/bin/cmake --install /home/ubuntu/pibot_ws/build/pibot_description
[0.160s] -- Install configuration: ""
[0.160s] -- Installing: /home/ubuntu/pibot_ws/install/pibot_description/share/pibot_description//urdf
[0.161s] -- Installing: /home/ubuntu/pibot_ws/install/pibot_description/share/pibot_description//urdf/pibot.urdf.xacro
[0.161s] -- Installing: /home/ubuntu/pibot_ws/install/pibot_description/share/pibot_description//meshes
[0.161s] -- Installing: /home/ubuntu/pibot_ws/install/pibot_description/share/pibot_description//meshes/caster_rear_link.STL
[0.162s] -- Installing: /home/ubuntu/pibot_ws/install/pibot_description/share/pibot_description//meshes/imu_link.STL
[0.162s] -- Installing: /home/ubuntu/pibot_ws/install/pibot_description/share/pibot_description//meshes/caster_front_link.STL
[0.163s] -- Installing: /home/ubuntu/pibot_ws/install/pibot_description/share/pibot_description//meshes/wheel_right_link.STL
[0.164s] -- Installing: /home/ubuntu/pibot_ws/install/pibot_description/share/pibot_description//meshes/wheel_left_link.STL
[0.166s] -- Installing: /home/ubuntu/pibot_ws/install/pibot_description/share/pibot_description//meshes/base_link.STL
[0.182s] -- Up-to-date: /home/ubuntu/pibot_ws/install/pibot_description/share/ament_index/resource_index/package_run_dependencies/pibot_description
[0.182s] -- Up-to-date: /home/ubuntu/pibot_ws/install/pibot_description/share/ament_index/resource_index/parent_prefix_path/pibot_description
[0.182s] -- Up-to-date: /home/ubuntu/pibot_ws/install/pibot_description/share/pibot_description/environment/ament_prefix_path.sh
[0.182s] -- Installing: /home/ubuntu/pibot_ws/install/pibot_description/share/pibot_description/environment/ament_prefix_path.dsv
[0.182s] -- Up-to-date: /home/ubuntu/pibot_ws/install/pibot_description/share/pibot_description/environment/path.sh
[0.182s] -- Installing: /home/ubuntu/pibot_ws/install/pibot_description/share/pibot_description/environment/path.dsv
[0.182s] -- Up-to-date: /home/ubuntu/pibot_ws/install/pibot_description/share/pibot_description/local_setup.bash
[0.182s] -- Up-to-date: /home/ubuntu/pibot_ws/install/pibot_description/share/pibot_description/local_setup.sh
[0.182s] -- Up-to-date: /home/ubuntu/pibot_ws/install/pibot_description/share/pibot_description/local_setup.zsh
[0.182s] -- Installing: /home/ubuntu/pibot_ws/install/pibot_description/share/pibot_description/local_setup.dsv
[0.182s] -- Installing: /home/ubuntu/pibot_ws/install/pibot_description/share/pibot_description/package.dsv
[0.182s] -- Up-to-date: /home/ubuntu/pibot_ws/install/pibot_description/share/ament_index/resource_index/packages/pibot_description
[0.182s] -- Up-to-date: /home/ubuntu/pibot_ws/install/pibot_description/share/pibot_description/cmake/pibot_descriptionConfig.cmake
[0.182s] -- Up-to-date: /home/ubuntu/pibot_ws/install/pibot_description/share/pibot_description/cmake/pibot_descriptionConfig-version.cmake
[0.182s] -- Up-to-date: /home/ubuntu/pibot_ws/install/pibot_description/share/pibot_description/package.xml
[0.183s] Invoked command in '/home/ubuntu/pibot_ws/build/pibot_description' returned '0': CMAKE_PREFIX_PATH=${CMAKE_PREFIX_PATH}:/home/ubuntu/pibot_ws/install/pibot_py_examples:/home/ubuntu/pibot_ws/install/pibot_descripition:/opt/ros/humble /usr/bin/cmake --install /home/ubuntu/pibot_ws/build/pibot_description
