-- Install configuration: ""
-- Up-to-date: /home/ubuntu/Pibot_ROS2_workspace/install/pibot_controller/share/pibot_controller/launch
-- Up-to-date: /home/ubuntu/Pibot_ROS2_workspace/install/pibot_controller/share/pibot_controller/launch/controller.launch.py
-- Up-to-date: /home/ubuntu/Pibot_ROS2_workspace/install/pibot_controller/share/pibot_controller/config
-- Up-to-date: /home/ubuntu/Pibot_ROS2_workspace/install/pibot_controller/share/pibot_controller/config/pibot_controllers.yaml
-- Up-to-date: /home/ubuntu/Pibot_ROS2_workspace/install/pibot_controller/share/ament_index/resource_index/package_run_dependencies/pibot_controller
-- Up-to-date: /home/ubuntu/Pibot_ROS2_workspace/install/pibot_controller/share/ament_index/resource_index/parent_prefix_path/pibot_controller
-- Up-to-date: /home/ubuntu/Pibot_ROS2_workspace/install/pibot_controller/share/pibot_controller/environment/ament_prefix_path.sh
-- Up-to-date: /home/ubuntu/Pibot_ROS2_workspace/install/pibot_controller/share/pibot_controller/environment/ament_prefix_path.dsv
-- Up-to-date: /home/ubuntu/Pibot_ROS2_workspace/install/pibot_controller/share/pibot_controller/environment/path.sh
-- Up-to-date: /home/ubuntu/Pibot_ROS2_workspace/install/pibot_controller/share/pibot_controller/environment/path.dsv
-- Up-to-date: /home/ubuntu/Pibot_ROS2_workspace/install/pibot_controller/share/pibot_controller/local_setup.bash
-- Up-to-date: /home/ubuntu/Pibot_ROS2_workspace/install/pibot_controller/share/pibot_controller/local_setup.sh
-- Up-to-date: /home/ubuntu/Pibot_ROS2_workspace/install/pibot_controller/share/pibot_controller/local_setup.zsh
-- Up-to-date: /home/ubuntu/Pibot_ROS2_workspace/install/pibot_controller/share/pibot_controller/local_setup.dsv
-- Installing: /home/ubuntu/Pibot_ROS2_workspace/install/pibot_controller/share/pibot_controller/package.dsv
-- Up-to-date: /home/ubuntu/Pibot_ROS2_workspace/install/pibot_controller/share/ament_index/resource_index/packages/pibot_controller
-- Up-to-date: /home/ubuntu/Pibot_ROS2_workspace/install/pibot_controller/share/pibot_controller/cmake/pibot_controllerConfig.cmake
-- Up-to-date: /home/ubuntu/Pibot_ROS2_workspace/install/pibot_controller/share/pibot_controller/cmake/pibot_controllerConfig-version.cmake
-- Up-to-date: /home/ubuntu/Pibot_ROS2_workspace/install/pibot_controller/share/pibot_controller/package.xml
