[0.009s] Invoking command in '/home/ubuntu/Pibot_ROS2_workspace/build/pibot_description': CMAKE_PREFIX_PATH=/opt/ros/humble /usr/bin/cmake --build /home/ubuntu/Pibot_ROS2_workspace/build/pibot_description -- -j8 -l8
[0.067s] -- Found ament_cmake: 1.3.11 (/opt/ros/humble/share/ament_cmake/cmake)
[0.149s] -- Found urdf: 2.6.1 (/opt/ros/humble/share/urdf/cmake)
[0.193s] -- Found ament_lint_auto: 0.12.12 (/opt/ros/humble/share/ament_lint_auto/cmake)
[0.236s] -- Added test 'flake8' to check Python code syntax and style conventions
[0.237s] -- Added test 'lint_cmake' to check CMake code style
[0.237s] -- Added test 'pep257' to check Python code against some of the docstring style conventions in PEP 257
[0.237s] -- Added test 'xmllint' to check XML markup files
[0.238s] -- Configuring done
[0.240s] -- Generating done
[0.241s] -- Build files have been written to: /home/ubuntu/Pibot_ROS2_workspace/build/pibot_description
[0.252s] Invoked command in '/home/ubuntu/Pibot_ROS2_workspace/build/pibot_description' returned '0': CMAKE_PREFIX_PATH=/opt/ros/humble /usr/bin/cmake --build /home/ubuntu/Pibot_ROS2_workspace/build/pibot_description -- -j8 -l8
[0.257s] Invoking command in '/home/ubuntu/Pibot_ROS2_workspace/build/pibot_description': CMAKE_PREFIX_PATH=/opt/ros/humble /usr/bin/cmake --install /home/ubuntu/Pibot_ROS2_workspace/build/pibot_description
[0.259s] -- Install configuration: ""
[0.259s] -- Up-to-date: /home/ubuntu/Pibot_ROS2_workspace/install/pibot_description/share/pibot_description/launch
[0.260s] -- Up-to-date: /home/ubuntu/Pibot_ROS2_workspace/install/pibot_description/share/pibot_description/launch/display.launch.py
[0.260s] -- Up-to-date: /home/ubuntu/Pibot_ROS2_workspace/install/pibot_description/share/pibot_description/launch/gazebo.launch.py
[0.260s] -- Up-to-date: /home/ubuntu/Pibot_ROS2_workspace/install/pibot_description/share/pibot_description/meshes
[0.260s] -- Up-to-date: /home/ubuntu/Pibot_ROS2_workspace/install/pibot_description/share/pibot_description/meshes/caster_rear_link.STL
[0.260s] -- Up-to-date: /home/ubuntu/Pibot_ROS2_workspace/install/pibot_description/share/pibot_description/meshes/imu_link.STL
[0.260s] -- Up-to-date: /home/ubuntu/Pibot_ROS2_workspace/install/pibot_description/share/pibot_description/meshes/caster_front_link.STL
[0.260s] -- Up-to-date: /home/ubuntu/Pibot_ROS2_workspace/install/pibot_description/share/pibot_description/meshes/wheel_right_link.STL
[0.260s] -- Up-to-date: /home/ubuntu/Pibot_ROS2_workspace/install/pibot_description/share/pibot_description/meshes/wheel_left_link.STL
[0.260s] -- Up-to-date: /home/ubuntu/Pibot_ROS2_workspace/install/pibot_description/share/pibot_description/meshes/base_link.STL
[0.260s] -- Up-to-date: /home/ubuntu/Pibot_ROS2_workspace/install/pibot_description/share/pibot_description/urdf
[0.260s] -- Installing: /home/ubuntu/Pibot_ROS2_workspace/install/pibot_description/share/pibot_description/urdf/pibot_ros2_control.xacro
[0.260s] -- Installing: /home/ubuntu/Pibot_ROS2_workspace/install/pibot_description/share/pibot_description/urdf/pibot_gazebo.xacro
[0.260s] -- Installing: /home/ubuntu/Pibot_ROS2_workspace/install/pibot_description/share/pibot_description/urdf/pibot.urdf.xacro
[0.260s] -- Up-to-date: /home/ubuntu/Pibot_ROS2_workspace/install/pibot_description/share/pibot_description/rviz
[0.260s] -- Up-to-date: /home/ubuntu/Pibot_ROS2_workspace/install/pibot_description/share/pibot_description/rviz/display.rviz
[0.260s] -- Installing: /home/ubuntu/Pibot_ROS2_workspace/install/pibot_description/share/ament_index/resource_index/package_run_dependencies/pibot_description
[0.260s] -- Installing: /home/ubuntu/Pibot_ROS2_workspace/install/pibot_description/share/ament_index/resource_index/parent_prefix_path/pibot_description
[0.261s] -- Up-to-date: /home/ubuntu/Pibot_ROS2_workspace/install/pibot_description/share/pibot_description/environment/ament_prefix_path.sh
[0.261s] -- Installing: /home/ubuntu/Pibot_ROS2_workspace/install/pibot_description/share/pibot_description/environment/ament_prefix_path.dsv
[0.261s] -- Up-to-date: /home/ubuntu/Pibot_ROS2_workspace/install/pibot_description/share/pibot_description/environment/path.sh
[0.261s] -- Installing: /home/ubuntu/Pibot_ROS2_workspace/install/pibot_description/share/pibot_description/environment/path.dsv
[0.261s] -- Up-to-date: /home/ubuntu/Pibot_ROS2_workspace/install/pibot_description/share/pibot_description/local_setup.bash
[0.261s] -- Up-to-date: /home/ubuntu/Pibot_ROS2_workspace/install/pibot_description/share/pibot_description/local_setup.sh
[0.261s] -- Up-to-date: /home/ubuntu/Pibot_ROS2_workspace/install/pibot_description/share/pibot_description/local_setup.zsh
[0.261s] -- Installing: /home/ubuntu/Pibot_ROS2_workspace/install/pibot_description/share/pibot_description/local_setup.dsv
[0.261s] -- Installing: /home/ubuntu/Pibot_ROS2_workspace/install/pibot_description/share/pibot_description/package.dsv
[0.261s] -- Up-to-date: /home/ubuntu/Pibot_ROS2_workspace/install/pibot_description/share/ament_index/resource_index/packages/pibot_description
[0.261s] -- Up-to-date: /home/ubuntu/Pibot_ROS2_workspace/install/pibot_description/share/pibot_description/cmake/pibot_descriptionConfig.cmake
[0.261s] -- Up-to-date: /home/ubuntu/Pibot_ROS2_workspace/install/pibot_description/share/pibot_description/cmake/pibot_descriptionConfig-version.cmake
[0.261s] -- Installing: /home/ubuntu/Pibot_ROS2_workspace/install/pibot_description/share/pibot_description/package.xml
[0.262s] Invoked command in '/home/ubuntu/Pibot_ROS2_workspace/build/pibot_description' returned '0': CMAKE_PREFIX_PATH=/opt/ros/humble /usr/bin/cmake --install /home/ubuntu/Pibot_ROS2_workspace/build/pibot_description
