running egg_info
writing ../../build/pibot_descripition/pibot_descripition.egg-info/PKG-INFO
writing dependency_links to ../../build/pibot_descripition/pibot_descripition.egg-info/dependency_links.txt
writing entry points to ../../build/pibot_descripition/pibot_descripition.egg-info/entry_points.txt
writing requirements to ../../build/pibot_descripition/pibot_descripition.egg-info/requires.txt
writing top-level names to ../../build/pibot_descripition/pibot_descripition.egg-info/top_level.txt
reading manifest file '../../build/pibot_descripition/pibot_descripition.egg-info/SOURCES.txt'
writing manifest file '../../build/pibot_descripition/pibot_descripition.egg-info/SOURCES.txt'
running build
running build_py
copying pibot_descripition/__init__.py -> /home/ubuntu/pibot_ws/build/pibot_descripition/build/lib/pibot_descripition
running install
running install_lib
copying /home/ubuntu/pibot_ws/build/pibot_descripition/build/lib/pibot_descripition/__init__.py -> /home/ubuntu/pibot_ws/install/pibot_descripition/lib/python3.10/site-packages/pibot_descripition
byte-compiling /home/ubuntu/pibot_ws/install/pibot_descripition/lib/python3.10/site-packages/pibot_descripition/__init__.py to __init__.cpython-310.pyc
running install_data
copying resource/pibot_descripition -> /home/ubuntu/pibot_ws/install/pibot_descripition/share/ament_index/resource_index/packages
copying package.xml -> /home/ubuntu/pibot_ws/install/pibot_descripition/share/pibot_descripition
running install_egg_info
removing '/home/ubuntu/pibot_ws/install/pibot_descripition/lib/python3.10/site-packages/pibot_descripition-0.0.0-py3.10.egg-info' (and everything under it)
Copying ../../build/pibot_descripition/pibot_descripition.egg-info to /home/ubuntu/pibot_ws/install/pibot_descripition/lib/python3.10/site-packages/pibot_descripition-0.0.0-py3.10.egg-info
running install_scripts
writing list of installed files to '/home/ubuntu/pibot_ws/build/pibot_descripition/install.log'
