[0.010s] Invoking command in '/home/ubuntu/pibot_ws/build/pibot_description': CMAKE_PREFIX_PATH=${CMAKE_PREFIX_PATH}:/home/ubuntu/pibot_ws/install/pibot_py_examples:/home/ubuntu/pibot_ws/install/pibot_descripition:/opt/ros/humble /usr/bin/cmake /home/ubuntu/pibot_ws/src/pibot_description -DCMAKE_INSTALL_PREFIX=/home/ubuntu/pibot_ws/install/pibot_description
[0.103s] -- The C compiler identification is GNU 11.4.0
[0.179s] -- The CXX compiler identification is GNU 11.4.0
[0.185s] -- Detecting C compiler ABI info
[0.223s] -- Detecting C compiler ABI info - done
[0.228s] -- Check for working C compiler: /usr/bin/cc - skipped
[0.228s] -- Detecting C compile features
[0.229s] -- Detecting C compile features - done
[0.231s] -- Detecting CXX compiler ABI info
[0.271s] -- Detecting CXX compiler ABI info - done
[0.275s] -- Check for working CXX compiler: /usr/bin/c++ - skipped
[0.275s] -- Detecting CXX compile features
[0.275s] -- Detecting CXX compile features - done
[0.284s] -- Found ament_cmake: 1.3.11 (/opt/ros/humble/share/ament_cmake/cmake)
[0.362s] -- Found Python3: /usr/bin/python3 (found version "3.10.12") found components: Interpreter 
[0.423s] -- Found ament_lint_auto: 0.12.12 (/opt/ros/humble/share/ament_lint_auto/cmake)
[0.472s] -- Added test 'lint_cmake' to check CMake code style
[0.473s] -- Added test 'xmllint' to check XML markup files
[0.474s] -- Configuring done
[0.476s] -- Generating done
[0.477s] -- Build files have been written to: /home/ubuntu/pibot_ws/build/pibot_description
