[0.020s] Invoking command in '/home/ubuntu/Pibot_ROS2_workspace/build/pibot_description': CMAKE_PREFIX_PATH=/opt/ros/humble /usr/bin/cmake --build /home/ubuntu/Pibot_ROS2_workspace/build/pibot_description -- -j8 -l8
[0.172s] Invoked command in '/home/ubuntu/Pibot_ROS2_workspace/build/pibot_description' returned '0': CMAKE_PREFIX_PATH=/opt/ros/humble /usr/bin/cmake --build /home/ubuntu/Pibot_ROS2_workspace/build/pibot_description -- -j8 -l8
[0.176s] Invoking command in '/home/ubuntu/Pibot_ROS2_workspace/build/pibot_description': CMAKE_PREFIX_PATH=/opt/ros/humble /usr/bin/cmake --install /home/ubuntu/Pibot_ROS2_workspace/build/pibot_description
[0.179s] -- Install configuration: ""
[0.179s] -- Up-to-date: /home/ubuntu/Pibot_ROS2_workspace/install/pibot_description/share/ament_index/resource_index/package_run_dependencies/pibot_description
[0.179s] -- Up-to-date: /home/ubuntu/Pibot_ROS2_workspace/install/pibot_description/share/ament_index/resource_index/parent_prefix_path/pibot_description
[0.179s] -- Up-to-date: /home/ubuntu/Pibot_ROS2_workspace/install/pibot_description/share/pibot_description/environment/ament_prefix_path.sh
[0.179s] -- Up-to-date: /home/ubuntu/Pibot_ROS2_workspace/install/pibot_description/share/pibot_description/environment/ament_prefix_path.dsv
[0.179s] -- Up-to-date: /home/ubuntu/Pibot_ROS2_workspace/install/pibot_description/share/pibot_description/environment/path.sh
[0.180s] -- Up-to-date: /home/ubuntu/Pibot_ROS2_workspace/install/pibot_description/share/pibot_description/environment/path.dsv
[0.180s] -- Up-to-date: /home/ubuntu/Pibot_ROS2_workspace/install/pibot_description/share/pibot_description/local_setup.bash
[0.180s] -- Up-to-date: /home/ubuntu/Pibot_ROS2_workspace/install/pibot_description/share/pibot_description/local_setup.sh
[0.180s] -- Up-to-date: /home/ubuntu/Pibot_ROS2_workspace/install/pibot_description/share/pibot_description/local_setup.zsh
[0.180s] -- Up-to-date: /home/ubuntu/Pibot_ROS2_workspace/install/pibot_description/share/pibot_description/local_setup.dsv
[0.181s] -- Up-to-date: /home/ubuntu/Pibot_ROS2_workspace/install/pibot_description/share/pibot_description/package.dsv
[0.181s] -- Up-to-date: /home/ubuntu/Pibot_ROS2_workspace/install/pibot_description/share/ament_index/resource_index/packages/pibot_description
[0.181s] -- Up-to-date: /home/ubuntu/Pibot_ROS2_workspace/install/pibot_description/share/pibot_description/cmake/pibot_descriptionConfig.cmake
[0.181s] -- Up-to-date: /home/ubuntu/Pibot_ROS2_workspace/install/pibot_description/share/pibot_description/cmake/pibot_descriptionConfig-version.cmake
[0.181s] -- Up-to-date: /home/ubuntu/Pibot_ROS2_workspace/install/pibot_description/share/pibot_description/package.xml
[0.182s] Invoked command in '/home/ubuntu/Pibot_ROS2_workspace/build/pibot_description' returned '0': CMAKE_PREFIX_PATH=/opt/ros/humble /usr/bin/cmake --install /home/ubuntu/Pibot_ROS2_workspace/build/pibot_description
