[0.065s] DEBUG:colcon:Command line arguments: ['/usr/bin/colcon', 'build']
[0.065s] DEBUG:colcon:Parsed command line arguments: Namespace(log_base=None, log_level=None, verb_name='build', build_base='build', install_base='install', merge_install=False, symlink_install=False, test_result_base=None, continue_on_error=False, executor='parallel', parallel_workers=8, event_handlers=None, ignore_user_meta=False, metas=['./colcon.meta'], base_paths=['.'], packages_ignore=None, packages_ignore_regex=None, paths=None, packages_up_to=None, packages_up_to_regex=None, packages_above=None, packages_above_and_dependencies=None, packages_above_depth=None, packages_select_by_dep=None, packages_skip_by_dep=None, packages_skip_up_to=None, packages_select_build_failed=False, packages_skip_build_finished=False, packages_select_test_failures=False, packages_skip_test_passed=False, packages_select=None, packages_skip=None, packages_select_regex=None, packages_skip_regex=None, packages_start=None, packages_end=None, allow_overriding=[], cmake_args=None, cmake_target=None, cmake_target_skip_unavailable=False, cmake_clean_cache=False, cmake_clean_first=False, cmake_force_configure=False, ament_cmake_args=None, catkin_cmake_args=None, catkin_skip_building_tests=False, mixin_files=None, mixin=None, verb_parser=<colcon_mixin.mixin.mixin_argument.MixinArgumentDecorator object at 0xffff7f75d120>, verb_extension=<colcon_core.verb.build.BuildVerb object at 0xffff7f75cac0>, main=<bound method BuildVerb.main of <colcon_core.verb.build.BuildVerb object at 0xffff7f75cac0>>, mixin_verb=('build',))
[0.149s] Level 1:colcon.colcon_core.package_discovery:discover_packages(colcon_meta) check parameters
[0.149s] Level 1:colcon.colcon_core.package_discovery:discover_packages(recursive) check parameters
[0.149s] Level 1:colcon.colcon_core.package_discovery:discover_packages(ignore) check parameters
[0.149s] Level 1:colcon.colcon_core.package_discovery:discover_packages(path) check parameters
[0.149s] Level 1:colcon.colcon_core.package_discovery:discover_packages(colcon_meta) discover
[0.149s] Level 1:colcon.colcon_core.package_discovery:discover_packages(recursive) discover
[0.149s] INFO:colcon.colcon_core.package_discovery:Crawling recursively for packages in '/home/ubuntu/Pibot_ROS2_workspace'
[0.149s] Level 1:colcon.colcon_core.package_identification:_identify(.) by extensions ['ignore', 'ignore_ament_install']
[0.149s] Level 1:colcon.colcon_core.package_identification:_identify(.) by extension 'ignore'
[0.149s] Level 1:colcon.colcon_core.package_identification:_identify(.) by extension 'ignore_ament_install'
[0.149s] Level 1:colcon.colcon_core.package_identification:_identify(.) by extensions ['colcon_pkg']
[0.149s] Level 1:colcon.colcon_core.package_identification:_identify(.) by extension 'colcon_pkg'
[0.149s] Level 1:colcon.colcon_core.package_identification:_identify(.) by extensions ['colcon_meta']
[0.149s] Level 1:colcon.colcon_core.package_identification:_identify(.) by extension 'colcon_meta'
[0.149s] Level 1:colcon.colcon_core.package_identification:_identify(.) by extensions ['ros']
[0.149s] Level 1:colcon.colcon_core.package_identification:_identify(.) by extension 'ros'
[0.155s] Level 1:colcon.colcon_core.package_identification:_identify(.) by extensions ['cmake', 'python']
[0.155s] Level 1:colcon.colcon_core.package_identification:_identify(.) by extension 'cmake'
[0.155s] Level 1:colcon.colcon_core.package_identification:_identify(.) by extension 'python'
[0.155s] Level 1:colcon.colcon_core.package_identification:_identify(.) by extensions ['python_setup_py']
[0.155s] Level 1:colcon.colcon_core.package_identification:_identify(.) by extension 'python_setup_py'
[0.156s] Level 1:colcon.colcon_core.package_identification:_identify(build) by extensions ['ignore', 'ignore_ament_install']
[0.156s] Level 1:colcon.colcon_core.package_identification:_identify(build) by extension 'ignore'
[0.156s] Level 1:colcon.colcon_core.package_identification:_identify(build) ignored
[0.156s] Level 1:colcon.colcon_core.package_identification:_identify(install) by extensions ['ignore', 'ignore_ament_install']
[0.156s] Level 1:colcon.colcon_core.package_identification:_identify(install) by extension 'ignore'
[0.156s] Level 1:colcon.colcon_core.package_identification:_identify(install) ignored
[0.156s] Level 1:colcon.colcon_core.package_identification:_identify(log) by extensions ['ignore', 'ignore_ament_install']
[0.156s] Level 1:colcon.colcon_core.package_identification:_identify(log) by extension 'ignore'
[0.156s] Level 1:colcon.colcon_core.package_identification:_identify(log) ignored
[0.156s] Level 1:colcon.colcon_core.package_identification:_identify(src) by extensions ['ignore', 'ignore_ament_install']
[0.156s] Level 1:colcon.colcon_core.package_identification:_identify(src) by extension 'ignore'
[0.156s] Level 1:colcon.colcon_core.package_identification:_identify(src) by extension 'ignore_ament_install'
[0.156s] Level 1:colcon.colcon_core.package_identification:_identify(src) by extensions ['colcon_pkg']
[0.156s] Level 1:colcon.colcon_core.package_identification:_identify(src) by extension 'colcon_pkg'
[0.156s] Level 1:colcon.colcon_core.package_identification:_identify(src) by extensions ['colcon_meta']
[0.156s] Level 1:colcon.colcon_core.package_identification:_identify(src) by extension 'colcon_meta'
[0.156s] Level 1:colcon.colcon_core.package_identification:_identify(src) by extensions ['ros']
[0.156s] Level 1:colcon.colcon_core.package_identification:_identify(src) by extension 'ros'
[0.156s] Level 1:colcon.colcon_core.package_identification:_identify(src) by extensions ['cmake', 'python']
[0.156s] Level 1:colcon.colcon_core.package_identification:_identify(src) by extension 'cmake'
[0.156s] Level 1:colcon.colcon_core.package_identification:_identify(src) by extension 'python'
[0.156s] Level 1:colcon.colcon_core.package_identification:_identify(src) by extensions ['python_setup_py']
[0.156s] Level 1:colcon.colcon_core.package_identification:_identify(src) by extension 'python_setup_py'
[0.156s] Level 1:colcon.colcon_core.package_identification:_identify(src/build) by extensions ['ignore', 'ignore_ament_install']
[0.156s] Level 1:colcon.colcon_core.package_identification:_identify(src/build) by extension 'ignore'
[0.156s] Level 1:colcon.colcon_core.package_identification:_identify(src/build) ignored
[0.156s] Level 1:colcon.colcon_core.package_identification:_identify(src/install) by extensions ['ignore', 'ignore_ament_install']
[0.156s] Level 1:colcon.colcon_core.package_identification:_identify(src/install) by extension 'ignore'
[0.156s] Level 1:colcon.colcon_core.package_identification:_identify(src/install) ignored
[0.157s] Level 1:colcon.colcon_core.package_identification:_identify(src/log) by extensions ['ignore', 'ignore_ament_install']
[0.157s] Level 1:colcon.colcon_core.package_identification:_identify(src/log) by extension 'ignore'
[0.157s] Level 1:colcon.colcon_core.package_identification:_identify(src/log) ignored
[0.157s] Level 1:colcon.colcon_core.package_identification:_identify(src/pibot_description) by extensions ['ignore', 'ignore_ament_install']
[0.157s] Level 1:colcon.colcon_core.package_identification:_identify(src/pibot_description) by extension 'ignore'
[0.157s] Level 1:colcon.colcon_core.package_identification:_identify(src/pibot_description) by extension 'ignore_ament_install'
[0.157s] Level 1:colcon.colcon_core.package_identification:_identify(src/pibot_description) by extensions ['colcon_pkg']
[0.157s] Level 1:colcon.colcon_core.package_identification:_identify(src/pibot_description) by extension 'colcon_pkg'
[0.157s] Level 1:colcon.colcon_core.package_identification:_identify(src/pibot_description) by extensions ['colcon_meta']
[0.157s] Level 1:colcon.colcon_core.package_identification:_identify(src/pibot_description) by extension 'colcon_meta'
[0.157s] Level 1:colcon.colcon_core.package_identification:_identify(src/pibot_description) by extensions ['ros']
[0.157s] Level 1:colcon.colcon_core.package_identification:_identify(src/pibot_description) by extension 'ros'
[0.158s] DEBUG:colcon.colcon_core.package_identification:Package 'src/pibot_description' with type 'ros.ament_cmake' and name 'pibot_description'
[0.158s] Level 1:colcon.colcon_core.package_identification:_identify(src/pibot_py_examples) by extensions ['ignore', 'ignore_ament_install']
[0.158s] Level 1:colcon.colcon_core.package_identification:_identify(src/pibot_py_examples) by extension 'ignore'
[0.158s] Level 1:colcon.colcon_core.package_identification:_identify(src/pibot_py_examples) by extension 'ignore_ament_install'
[0.158s] Level 1:colcon.colcon_core.package_identification:_identify(src/pibot_py_examples) by extensions ['colcon_pkg']
[0.158s] Level 1:colcon.colcon_core.package_identification:_identify(src/pibot_py_examples) by extension 'colcon_pkg'
[0.158s] Level 1:colcon.colcon_core.package_identification:_identify(src/pibot_py_examples) by extensions ['colcon_meta']
[0.158s] Level 1:colcon.colcon_core.package_identification:_identify(src/pibot_py_examples) by extension 'colcon_meta'
[0.158s] Level 1:colcon.colcon_core.package_identification:_identify(src/pibot_py_examples) by extensions ['ros']
[0.158s] Level 1:colcon.colcon_core.package_identification:_identify(src/pibot_py_examples) by extension 'ros'
[0.159s] DEBUG:colcon.colcon_core.package_identification:Package 'src/pibot_py_examples' with type 'ros.ament_python' and name 'pibot_py_examples'
[0.159s] Level 1:colcon.colcon_core.package_discovery:discover_packages(recursive) using defaults
[0.159s] Level 1:colcon.colcon_core.package_discovery:discover_packages(ignore) discover
[0.159s] Level 1:colcon.colcon_core.package_discovery:discover_packages(ignore) using defaults
[0.159s] Level 1:colcon.colcon_core.package_discovery:discover_packages(path) discover
[0.159s] Level 1:colcon.colcon_core.package_discovery:discover_packages(path) using defaults
[0.174s] Level 1:colcon.colcon_core.package_discovery:discover_packages(prefix_path) check parameters
[0.174s] Level 1:colcon.colcon_core.package_discovery:discover_packages(prefix_path) discover
[0.175s] DEBUG:colcon.colcon_installed_package_information.package_discovery:Found 271 installed packages in /opt/ros/humble
[0.176s] Level 1:colcon.colcon_core.package_discovery:discover_packages(prefix_path) using defaults
[0.196s] Level 5:colcon.colcon_core.verb:set package 'pibot_description' build argument 'cmake_args' from command line to 'None'
[0.196s] Level 5:colcon.colcon_core.verb:set package 'pibot_description' build argument 'cmake_target' from command line to 'None'
[0.196s] Level 5:colcon.colcon_core.verb:set package 'pibot_description' build argument 'cmake_target_skip_unavailable' from command line to 'False'
[0.196s] Level 5:colcon.colcon_core.verb:set package 'pibot_description' build argument 'cmake_clean_cache' from command line to 'False'
[0.196s] Level 5:colcon.colcon_core.verb:set package 'pibot_description' build argument 'cmake_clean_first' from command line to 'False'
[0.196s] Level 5:colcon.colcon_core.verb:set package 'pibot_description' build argument 'cmake_force_configure' from command line to 'False'
[0.196s] Level 5:colcon.colcon_core.verb:set package 'pibot_description' build argument 'ament_cmake_args' from command line to 'None'
[0.196s] Level 5:colcon.colcon_core.verb:set package 'pibot_description' build argument 'catkin_cmake_args' from command line to 'None'
[0.196s] Level 5:colcon.colcon_core.verb:set package 'pibot_description' build argument 'catkin_skip_building_tests' from command line to 'False'
[0.196s] DEBUG:colcon.colcon_core.verb:Building package 'pibot_description' with the following arguments: {'ament_cmake_args': None, 'build_base': '/home/ubuntu/Pibot_ROS2_workspace/build/pibot_description', 'catkin_cmake_args': None, 'catkin_skip_building_tests': False, 'cmake_args': None, 'cmake_clean_cache': False, 'cmake_clean_first': False, 'cmake_force_configure': False, 'cmake_target': None, 'cmake_target_skip_unavailable': False, 'install_base': '/home/ubuntu/Pibot_ROS2_workspace/install/pibot_description', 'merge_install': False, 'path': '/home/ubuntu/Pibot_ROS2_workspace/src/pibot_description', 'symlink_install': False, 'test_result_base': None}
[0.196s] Level 5:colcon.colcon_core.verb:set package 'pibot_py_examples' build argument 'cmake_args' from command line to 'None'
[0.196s] Level 5:colcon.colcon_core.verb:set package 'pibot_py_examples' build argument 'cmake_target' from command line to 'None'
[0.196s] Level 5:colcon.colcon_core.verb:set package 'pibot_py_examples' build argument 'cmake_target_skip_unavailable' from command line to 'False'
[0.196s] Level 5:colcon.colcon_core.verb:set package 'pibot_py_examples' build argument 'cmake_clean_cache' from command line to 'False'
[0.196s] Level 5:colcon.colcon_core.verb:set package 'pibot_py_examples' build argument 'cmake_clean_first' from command line to 'False'
[0.196s] Level 5:colcon.colcon_core.verb:set package 'pibot_py_examples' build argument 'cmake_force_configure' from command line to 'False'
[0.196s] Level 5:colcon.colcon_core.verb:set package 'pibot_py_examples' build argument 'ament_cmake_args' from command line to 'None'
[0.196s] Level 5:colcon.colcon_core.verb:set package 'pibot_py_examples' build argument 'catkin_cmake_args' from command line to 'None'
[0.196s] Level 5:colcon.colcon_core.verb:set package 'pibot_py_examples' build argument 'catkin_skip_building_tests' from command line to 'False'
[0.196s] DEBUG:colcon.colcon_core.verb:Building package 'pibot_py_examples' with the following arguments: {'ament_cmake_args': None, 'build_base': '/home/ubuntu/Pibot_ROS2_workspace/build/pibot_py_examples', 'catkin_cmake_args': None, 'catkin_skip_building_tests': False, 'cmake_args': None, 'cmake_clean_cache': False, 'cmake_clean_first': False, 'cmake_force_configure': False, 'cmake_target': None, 'cmake_target_skip_unavailable': False, 'install_base': '/home/ubuntu/Pibot_ROS2_workspace/install/pibot_py_examples', 'merge_install': False, 'path': '/home/ubuntu/Pibot_ROS2_workspace/src/pibot_py_examples', 'symlink_install': False, 'test_result_base': None}
[0.196s] INFO:colcon.colcon_core.executor:Executing jobs using 'parallel' executor
[0.197s] DEBUG:colcon.colcon_parallel_executor.executor.parallel:run_until_complete
[0.197s] INFO:colcon.colcon_ros.task.ament_cmake.build:Building ROS package in '/home/ubuntu/Pibot_ROS2_workspace/src/pibot_description' with build type 'ament_cmake'
[0.197s] INFO:colcon.colcon_cmake.task.cmake.build:Building CMake package in '/home/ubuntu/Pibot_ROS2_workspace/src/pibot_description'
[0.198s] INFO:colcon.colcon_core.plugin_system:Skipping extension 'colcon_core.shell.bat': Not used on non-Windows systems
[0.198s] INFO:colcon.colcon_core.shell:Skip shell extension 'powershell' for command environment: Not usable outside of PowerShell
[0.198s] DEBUG:colcon.colcon_core.shell:Skip shell extension 'dsv' for command environment
[0.200s] INFO:colcon.colcon_ros.task.ament_python.build:Building ROS package in '/home/ubuntu/Pibot_ROS2_workspace/src/pibot_py_examples' with build type 'ament_python'
[0.200s] Level 1:colcon.colcon_core.shell:create_environment_hook('pibot_py_examples', 'ament_prefix_path')
[0.201s] INFO:colcon.colcon_core.shell:Creating environment hook '/home/ubuntu/Pibot_ROS2_workspace/install/pibot_py_examples/share/pibot_py_examples/hook/ament_prefix_path.ps1'
[0.201s] INFO:colcon.colcon_core.shell:Creating environment descriptor '/home/ubuntu/Pibot_ROS2_workspace/install/pibot_py_examples/share/pibot_py_examples/hook/ament_prefix_path.dsv'
[0.201s] INFO:colcon.colcon_core.shell:Creating environment hook '/home/ubuntu/Pibot_ROS2_workspace/install/pibot_py_examples/share/pibot_py_examples/hook/ament_prefix_path.sh'
[0.202s] INFO:colcon.colcon_core.shell:Skip shell extension 'powershell' for command environment: Not usable outside of PowerShell
[0.202s] DEBUG:colcon.colcon_core.shell:Skip shell extension 'dsv' for command environment
[0.207s] DEBUG:colcon.colcon_core.event_handler.log_command:Invoking command in '/home/ubuntu/Pibot_ROS2_workspace/build/pibot_description': CMAKE_PREFIX_PATH=/opt/ros/humble /usr/bin/cmake --build /home/ubuntu/Pibot_ROS2_workspace/build/pibot_description -- -j8 -l8
[0.330s] INFO:colcon.colcon_core.task.python.build:Building Python package in '/home/ubuntu/Pibot_ROS2_workspace/src/pibot_py_examples'
[0.330s] INFO:colcon.colcon_core.shell:Skip shell extension 'powershell' for command environment: Not usable outside of PowerShell
[0.330s] DEBUG:colcon.colcon_core.shell:Skip shell extension 'dsv' for command environment
[0.348s] DEBUG:colcon.colcon_core.event_handler.log_command:Invoked command in '/home/ubuntu/Pibot_ROS2_workspace/build/pibot_description' returned '0': CMAKE_PREFIX_PATH=/opt/ros/humble /usr/bin/cmake --build /home/ubuntu/Pibot_ROS2_workspace/build/pibot_description -- -j8 -l8
[0.352s] DEBUG:colcon.colcon_core.event_handler.log_command:Invoking command in '/home/ubuntu/Pibot_ROS2_workspace/build/pibot_description': CMAKE_PREFIX_PATH=/opt/ros/humble /usr/bin/cmake --install /home/ubuntu/Pibot_ROS2_workspace/build/pibot_description
[0.358s] Level 1:colcon.colcon_core.environment:create_environment_scripts_only(pibot_description)
[0.359s] DEBUG:colcon.colcon_core.event_handler.log_command:Invoked command in '/home/ubuntu/Pibot_ROS2_workspace/build/pibot_description' returned '0': CMAKE_PREFIX_PATH=/opt/ros/humble /usr/bin/cmake --install /home/ubuntu/Pibot_ROS2_workspace/build/pibot_description
[0.361s] Level 1:colcon.colcon_core.environment:checking '/home/ubuntu/Pibot_ROS2_workspace/install/pibot_description' for CMake module files
[0.361s] Level 1:colcon.colcon_core.environment:checking '/home/ubuntu/Pibot_ROS2_workspace/install/pibot_description' for CMake config files
[0.361s] Level 1:colcon.colcon_core.shell:create_environment_hook('pibot_description', 'cmake_prefix_path')
[0.362s] INFO:colcon.colcon_core.shell:Creating environment hook '/home/ubuntu/Pibot_ROS2_workspace/install/pibot_description/share/pibot_description/hook/cmake_prefix_path.ps1'
[0.362s] INFO:colcon.colcon_core.shell:Creating environment descriptor '/home/ubuntu/Pibot_ROS2_workspace/install/pibot_description/share/pibot_description/hook/cmake_prefix_path.dsv'
[0.362s] INFO:colcon.colcon_core.shell:Creating environment hook '/home/ubuntu/Pibot_ROS2_workspace/install/pibot_description/share/pibot_description/hook/cmake_prefix_path.sh'
[0.362s] Level 1:colcon.colcon_core.environment:checking '/home/ubuntu/Pibot_ROS2_workspace/install/pibot_description/bin'
[0.362s] Level 1:colcon.colcon_core.environment:checking '/home/ubuntu/Pibot_ROS2_workspace/install/pibot_description/lib/pkgconfig/pibot_description.pc'
[0.362s] Level 1:colcon.colcon_core.environment:checking '/home/ubuntu/Pibot_ROS2_workspace/install/pibot_description/lib/python3.10/site-packages'
[0.362s] Level 1:colcon.colcon_core.environment:checking '/home/ubuntu/Pibot_ROS2_workspace/install/pibot_description/bin'
[0.363s] INFO:colcon.colcon_core.shell:Creating package script '/home/ubuntu/Pibot_ROS2_workspace/install/pibot_description/share/pibot_description/package.ps1'
[0.363s] INFO:colcon.colcon_core.shell:Creating package descriptor '/home/ubuntu/Pibot_ROS2_workspace/install/pibot_description/share/pibot_description/package.dsv'
[0.363s] INFO:colcon.colcon_core.shell:Creating package script '/home/ubuntu/Pibot_ROS2_workspace/install/pibot_description/share/pibot_description/package.sh'
[0.363s] INFO:colcon.colcon_core.shell:Creating package script '/home/ubuntu/Pibot_ROS2_workspace/install/pibot_description/share/pibot_description/package.bash'
[0.364s] INFO:colcon.colcon_core.shell:Creating package script '/home/ubuntu/Pibot_ROS2_workspace/install/pibot_description/share/pibot_description/package.zsh'
[0.364s] Level 1:colcon.colcon_core.environment:create_file_with_runtime_dependencies(/home/ubuntu/Pibot_ROS2_workspace/install/pibot_description/share/colcon-core/packages/pibot_description)
[0.365s] Level 1:colcon.colcon_core.environment:create_environment_scripts_only(pibot_description)
[0.365s] Level 1:colcon.colcon_core.environment:checking '/home/ubuntu/Pibot_ROS2_workspace/install/pibot_description' for CMake module files
[0.365s] Level 1:colcon.colcon_core.environment:checking '/home/ubuntu/Pibot_ROS2_workspace/install/pibot_description' for CMake config files
[0.365s] Level 1:colcon.colcon_core.shell:create_environment_hook('pibot_description', 'cmake_prefix_path')
[0.365s] INFO:colcon.colcon_core.shell:Creating environment hook '/home/ubuntu/Pibot_ROS2_workspace/install/pibot_description/share/pibot_description/hook/cmake_prefix_path.ps1'
[0.365s] INFO:colcon.colcon_core.shell:Creating environment descriptor '/home/ubuntu/Pibot_ROS2_workspace/install/pibot_description/share/pibot_description/hook/cmake_prefix_path.dsv'
[0.365s] INFO:colcon.colcon_core.shell:Creating environment hook '/home/ubuntu/Pibot_ROS2_workspace/install/pibot_description/share/pibot_description/hook/cmake_prefix_path.sh'
[0.366s] Level 1:colcon.colcon_core.environment:checking '/home/ubuntu/Pibot_ROS2_workspace/install/pibot_description/bin'
[0.366s] Level 1:colcon.colcon_core.environment:checking '/home/ubuntu/Pibot_ROS2_workspace/install/pibot_description/lib/pkgconfig/pibot_description.pc'
[0.366s] Level 1:colcon.colcon_core.environment:checking '/home/ubuntu/Pibot_ROS2_workspace/install/pibot_description/lib/python3.10/site-packages'
[0.366s] Level 1:colcon.colcon_core.environment:checking '/home/ubuntu/Pibot_ROS2_workspace/install/pibot_description/bin'
[0.366s] INFO:colcon.colcon_core.shell:Creating package script '/home/ubuntu/Pibot_ROS2_workspace/install/pibot_description/share/pibot_description/package.ps1'
[0.366s] INFO:colcon.colcon_core.shell:Creating package descriptor '/home/ubuntu/Pibot_ROS2_workspace/install/pibot_description/share/pibot_description/package.dsv'
[0.366s] INFO:colcon.colcon_core.shell:Creating package script '/home/ubuntu/Pibot_ROS2_workspace/install/pibot_description/share/pibot_description/package.sh'
[0.366s] INFO:colcon.colcon_core.shell:Creating package script '/home/ubuntu/Pibot_ROS2_workspace/install/pibot_description/share/pibot_description/package.bash'
[0.367s] INFO:colcon.colcon_core.shell:Creating package script '/home/ubuntu/Pibot_ROS2_workspace/install/pibot_description/share/pibot_description/package.zsh'
[0.367s] Level 1:colcon.colcon_core.environment:create_file_with_runtime_dependencies(/home/ubuntu/Pibot_ROS2_workspace/install/pibot_description/share/colcon-core/packages/pibot_description)
[0.480s] DEBUG:colcon.colcon_core.event_handler.log_command:Invoking command in '/home/ubuntu/Pibot_ROS2_workspace/src/pibot_py_examples': PYTHONPATH=/home/ubuntu/Pibot_ROS2_workspace/build/pibot_py_examples/prefix_override:/usr/lib/python3/dist-packages/colcon_core/task/python/colcon_distutils_commands:/home/ubuntu/Pibot_ROS2_workspace/install/pibot_py_examples/lib/python3.10/site-packages:${PYTHONPATH} /usr/bin/python3 -W ignore:setup.py install is deprecated -W ignore:easy_install command is deprecated setup.py egg_info --egg-base ../../build/pibot_py_examples build --build-base /home/ubuntu/Pibot_ROS2_workspace/build/pibot_py_examples/build install --record /home/ubuntu/Pibot_ROS2_workspace/build/pibot_py_examples/install.log --single-version-externally-managed install_data
[0.605s] Level 1:colcon.colcon_core.environment:checking '/home/ubuntu/Pibot_ROS2_workspace/install/pibot_py_examples' for CMake module files
[0.605s] DEBUG:colcon.colcon_core.event_handler.log_command:Invoked command in '/home/ubuntu/Pibot_ROS2_workspace/src/pibot_py_examples' returned '0': PYTHONPATH=/home/ubuntu/Pibot_ROS2_workspace/build/pibot_py_examples/prefix_override:/usr/lib/python3/dist-packages/colcon_core/task/python/colcon_distutils_commands:/home/ubuntu/Pibot_ROS2_workspace/install/pibot_py_examples/lib/python3.10/site-packages:${PYTHONPATH} /usr/bin/python3 -W ignore:setup.py install is deprecated -W ignore:easy_install command is deprecated setup.py egg_info --egg-base ../../build/pibot_py_examples build --build-base /home/ubuntu/Pibot_ROS2_workspace/build/pibot_py_examples/build install --record /home/ubuntu/Pibot_ROS2_workspace/build/pibot_py_examples/install.log --single-version-externally-managed install_data
[0.605s] Level 1:colcon.colcon_core.environment:checking '/home/ubuntu/Pibot_ROS2_workspace/install/pibot_py_examples' for CMake config files
[0.605s] Level 1:colcon.colcon_core.environment:checking '/home/ubuntu/Pibot_ROS2_workspace/install/pibot_py_examples/lib'
[0.606s] Level 1:colcon.colcon_core.environment:checking '/home/ubuntu/Pibot_ROS2_workspace/install/pibot_py_examples/bin'
[0.606s] Level 1:colcon.colcon_core.environment:checking '/home/ubuntu/Pibot_ROS2_workspace/install/pibot_py_examples/lib/pkgconfig/pibot_py_examples.pc'
[0.606s] Level 1:colcon.colcon_core.environment:checking '/home/ubuntu/Pibot_ROS2_workspace/install/pibot_py_examples/lib/python3.10/site-packages'
[0.606s] Level 1:colcon.colcon_core.shell:create_environment_hook('pibot_py_examples', 'pythonpath')
[0.606s] INFO:colcon.colcon_core.shell:Creating environment hook '/home/ubuntu/Pibot_ROS2_workspace/install/pibot_py_examples/share/pibot_py_examples/hook/pythonpath.ps1'
[0.606s] INFO:colcon.colcon_core.shell:Creating environment descriptor '/home/ubuntu/Pibot_ROS2_workspace/install/pibot_py_examples/share/pibot_py_examples/hook/pythonpath.dsv'
[0.606s] INFO:colcon.colcon_core.shell:Creating environment hook '/home/ubuntu/Pibot_ROS2_workspace/install/pibot_py_examples/share/pibot_py_examples/hook/pythonpath.sh'
[0.607s] Level 1:colcon.colcon_core.environment:checking '/home/ubuntu/Pibot_ROS2_workspace/install/pibot_py_examples/bin'
[0.607s] Level 1:colcon.colcon_core.environment:create_environment_scripts_only(pibot_py_examples)
[0.607s] INFO:colcon.colcon_core.shell:Creating package script '/home/ubuntu/Pibot_ROS2_workspace/install/pibot_py_examples/share/pibot_py_examples/package.ps1'
[0.607s] INFO:colcon.colcon_core.shell:Creating package descriptor '/home/ubuntu/Pibot_ROS2_workspace/install/pibot_py_examples/share/pibot_py_examples/package.dsv'
[0.607s] INFO:colcon.colcon_core.shell:Creating package script '/home/ubuntu/Pibot_ROS2_workspace/install/pibot_py_examples/share/pibot_py_examples/package.sh'
[0.607s] INFO:colcon.colcon_core.shell:Creating package script '/home/ubuntu/Pibot_ROS2_workspace/install/pibot_py_examples/share/pibot_py_examples/package.bash'
[0.607s] INFO:colcon.colcon_core.shell:Creating package script '/home/ubuntu/Pibot_ROS2_workspace/install/pibot_py_examples/share/pibot_py_examples/package.zsh'
[0.608s] Level 1:colcon.colcon_core.environment:create_file_with_runtime_dependencies(/home/ubuntu/Pibot_ROS2_workspace/install/pibot_py_examples/share/colcon-core/packages/pibot_py_examples)
[0.608s] DEBUG:colcon.colcon_parallel_executor.executor.parallel:closing loop
[0.608s] DEBUG:colcon.colcon_parallel_executor.executor.parallel:loop closed
[0.608s] DEBUG:colcon.colcon_parallel_executor.executor.parallel:run_until_complete finished with '0'
[0.608s] DEBUG:colcon.colcon_core.event_reactor:joining thread
[0.611s] INFO:colcon.colcon_core.plugin_system:Skipping extension 'colcon_notification.desktop_notification.terminal_notifier': Not used on non-Darwin systems
[0.611s] INFO:colcon.colcon_core.plugin_system:Skipping extension 'colcon_notification.desktop_notification.win32': Not used on non-Windows systems
[0.611s] INFO:colcon.colcon_notification.desktop_notification:Sending desktop notification using 'notify2'
[0.738s] DEBUG:colcon.colcon_core.event_reactor:joined thread
[0.738s] INFO:colcon.colcon_core.shell:Creating prefix script '/home/ubuntu/Pibot_ROS2_workspace/install/local_setup.ps1'
[0.739s] INFO:colcon.colcon_core.shell:Creating prefix util module '/home/ubuntu/Pibot_ROS2_workspace/install/_local_setup_util_ps1.py'
[0.740s] INFO:colcon.colcon_core.shell:Creating prefix chain script '/home/ubuntu/Pibot_ROS2_workspace/install/setup.ps1'
[0.740s] INFO:colcon.colcon_core.shell:Creating prefix script '/home/ubuntu/Pibot_ROS2_workspace/install/local_setup.sh'
[0.741s] INFO:colcon.colcon_core.shell:Creating prefix util module '/home/ubuntu/Pibot_ROS2_workspace/install/_local_setup_util_sh.py'
[0.741s] INFO:colcon.colcon_core.shell:Creating prefix chain script '/home/ubuntu/Pibot_ROS2_workspace/install/setup.sh'
[0.741s] INFO:colcon.colcon_core.shell:Creating prefix script '/home/ubuntu/Pibot_ROS2_workspace/install/local_setup.bash'
[0.742s] INFO:colcon.colcon_core.shell:Creating prefix chain script '/home/ubuntu/Pibot_ROS2_workspace/install/setup.bash'
[0.742s] INFO:colcon.colcon_core.shell:Creating prefix script '/home/ubuntu/Pibot_ROS2_workspace/install/local_setup.zsh'
[0.742s] INFO:colcon.colcon_core.shell:Creating prefix chain script '/home/ubuntu/Pibot_ROS2_workspace/install/setup.zsh'
