[0.062s] DEBUG:colcon:Command line arguments: ['/usr/bin/colcon', 'build']
[0.062s] DEBUG:colcon:Parsed command line arguments: Namespace(log_base=None, log_level=None, verb_name='build', build_base='build', install_base='install', merge_install=False, symlink_install=False, test_result_base=None, continue_on_error=False, executor='parallel', parallel_workers=8, event_handlers=None, ignore_user_meta=False, metas=['./colcon.meta'], base_paths=['.'], packages_ignore=None, packages_ignore_regex=None, paths=None, packages_up_to=None, packages_up_to_regex=None, packages_above=None, packages_above_and_dependencies=None, packages_above_depth=None, packages_select_by_dep=None, packages_skip_by_dep=None, packages_skip_up_to=None, packages_select_build_failed=False, packages_skip_build_finished=False, packages_select_test_failures=False, packages_skip_test_passed=False, packages_select=None, packages_skip=None, packages_select_regex=None, packages_skip_regex=None, packages_start=None, packages_end=None, allow_overriding=[], cmake_args=None, cmake_target=None, cmake_target_skip_unavailable=False, cmake_clean_cache=False, cmake_clean_first=False, cmake_force_configure=False, ament_cmake_args=None, catkin_cmake_args=None, catkin_skip_building_tests=False, mixin_files=None, mixin=None, verb_parser=<colcon_mixin.mixin.mixin_argument.MixinArgumentDecorator object at 0xffffb7d59b40>, verb_extension=<colcon_core.verb.build.BuildVerb object at 0xffffb7d594e0>, main=<bound method BuildVerb.main of <colcon_core.verb.build.BuildVerb object at 0xffffb7d594e0>>, mixin_verb=('build',))
[0.141s] Level 1:colcon.colcon_core.package_discovery:discover_packages(colcon_meta) check parameters
[0.141s] Level 1:colcon.colcon_core.package_discovery:discover_packages(recursive) check parameters
[0.141s] Level 1:colcon.colcon_core.package_discovery:discover_packages(ignore) check parameters
[0.141s] Level 1:colcon.colcon_core.package_discovery:discover_packages(path) check parameters
[0.141s] Level 1:colcon.colcon_core.package_discovery:discover_packages(colcon_meta) discover
[0.141s] Level 1:colcon.colcon_core.package_discovery:discover_packages(recursive) discover
[0.141s] INFO:colcon.colcon_core.package_discovery:Crawling recursively for packages in '/home/ubuntu/Pibot_ROS2_workspace/src/pibot_controller'
[0.141s] Level 1:colcon.colcon_core.package_identification:_identify(.) by extensions ['ignore', 'ignore_ament_install']
[0.142s] Level 1:colcon.colcon_core.package_identification:_identify(.) by extension 'ignore'
[0.142s] Level 1:colcon.colcon_core.package_identification:_identify(.) by extension 'ignore_ament_install'
[0.142s] Level 1:colcon.colcon_core.package_identification:_identify(.) by extensions ['colcon_pkg']
[0.142s] Level 1:colcon.colcon_core.package_identification:_identify(.) by extension 'colcon_pkg'
[0.142s] Level 1:colcon.colcon_core.package_identification:_identify(.) by extensions ['colcon_meta']
[0.142s] Level 1:colcon.colcon_core.package_identification:_identify(.) by extension 'colcon_meta'
[0.142s] Level 1:colcon.colcon_core.package_identification:_identify(.) by extensions ['ros']
[0.142s] Level 1:colcon.colcon_core.package_identification:_identify(.) by extension 'ros'
[0.149s] DEBUG:colcon.colcon_core.package_identification:Package '.' with type 'ros.ament_cmake' and name 'pibot_controller'
[0.149s] Level 1:colcon.colcon_core.package_discovery:discover_packages(recursive) using defaults
[0.149s] Level 1:colcon.colcon_core.package_discovery:discover_packages(ignore) discover
[0.149s] Level 1:colcon.colcon_core.package_discovery:discover_packages(ignore) using defaults
[0.149s] Level 1:colcon.colcon_core.package_discovery:discover_packages(path) discover
[0.149s] Level 1:colcon.colcon_core.package_discovery:discover_packages(path) using defaults
[0.167s] Level 1:colcon.colcon_core.package_discovery:discover_packages(prefix_path) check parameters
[0.167s] Level 1:colcon.colcon_core.package_discovery:discover_packages(prefix_path) discover
[0.168s] DEBUG:colcon.colcon_installed_package_information.package_discovery:Found 336 installed packages in /opt/ros/humble
[0.169s] Level 1:colcon.colcon_core.package_discovery:discover_packages(prefix_path) using defaults
[0.192s] Level 5:colcon.colcon_core.verb:set package 'pibot_controller' build argument 'cmake_args' from command line to 'None'
[0.192s] Level 5:colcon.colcon_core.verb:set package 'pibot_controller' build argument 'cmake_target' from command line to 'None'
[0.192s] Level 5:colcon.colcon_core.verb:set package 'pibot_controller' build argument 'cmake_target_skip_unavailable' from command line to 'False'
[0.192s] Level 5:colcon.colcon_core.verb:set package 'pibot_controller' build argument 'cmake_clean_cache' from command line to 'False'
[0.192s] Level 5:colcon.colcon_core.verb:set package 'pibot_controller' build argument 'cmake_clean_first' from command line to 'False'
[0.192s] Level 5:colcon.colcon_core.verb:set package 'pibot_controller' build argument 'cmake_force_configure' from command line to 'False'
[0.192s] Level 5:colcon.colcon_core.verb:set package 'pibot_controller' build argument 'ament_cmake_args' from command line to 'None'
[0.192s] Level 5:colcon.colcon_core.verb:set package 'pibot_controller' build argument 'catkin_cmake_args' from command line to 'None'
[0.192s] Level 5:colcon.colcon_core.verb:set package 'pibot_controller' build argument 'catkin_skip_building_tests' from command line to 'False'
[0.192s] DEBUG:colcon.colcon_core.verb:Building package 'pibot_controller' with the following arguments: {'ament_cmake_args': None, 'build_base': '/home/ubuntu/Pibot_ROS2_workspace/src/pibot_controller/build/pibot_controller', 'catkin_cmake_args': None, 'catkin_skip_building_tests': False, 'cmake_args': None, 'cmake_clean_cache': False, 'cmake_clean_first': False, 'cmake_force_configure': False, 'cmake_target': None, 'cmake_target_skip_unavailable': False, 'install_base': '/home/ubuntu/Pibot_ROS2_workspace/src/pibot_controller/install/pibot_controller', 'merge_install': False, 'path': '/home/ubuntu/Pibot_ROS2_workspace/src/pibot_controller', 'symlink_install': False, 'test_result_base': None}
[0.192s] INFO:colcon.colcon_core.executor:Executing jobs using 'parallel' executor
[0.193s] DEBUG:colcon.colcon_parallel_executor.executor.parallel:run_until_complete
[0.193s] INFO:colcon.colcon_ros.task.ament_cmake.build:Building ROS package in '/home/ubuntu/Pibot_ROS2_workspace/src/pibot_controller' with build type 'ament_cmake'
[0.193s] INFO:colcon.colcon_cmake.task.cmake.build:Building CMake package in '/home/ubuntu/Pibot_ROS2_workspace/src/pibot_controller'
[0.194s] INFO:colcon.colcon_core.plugin_system:Skipping extension 'colcon_core.shell.bat': Not used on non-Windows systems
[0.194s] INFO:colcon.colcon_core.shell:Skip shell extension 'powershell' for command environment: Not usable outside of PowerShell
[0.194s] DEBUG:colcon.colcon_core.shell:Skip shell extension 'dsv' for command environment
[0.199s] DEBUG:colcon.colcon_core.event_handler.log_command:Invoking command in '/home/ubuntu/Pibot_ROS2_workspace/src/pibot_controller/build/pibot_controller': CMAKE_PREFIX_PATH=/opt/ros/humble /usr/bin/cmake /home/ubuntu/Pibot_ROS2_workspace/src/pibot_controller -DCMAKE_INSTALL_PREFIX=/home/ubuntu/Pibot_ROS2_workspace/src/pibot_controller/install/pibot_controller
[0.539s] DEBUG:colcon.colcon_core.event_handler.log_command:Invoked command in '/home/ubuntu/Pibot_ROS2_workspace/src/pibot_controller/build/pibot_controller' returned '0': CMAKE_PREFIX_PATH=/opt/ros/humble /usr/bin/cmake /home/ubuntu/Pibot_ROS2_workspace/src/pibot_controller -DCMAKE_INSTALL_PREFIX=/home/ubuntu/Pibot_ROS2_workspace/src/pibot_controller/install/pibot_controller
[0.539s] DEBUG:colcon.colcon_core.event_handler.log_command:Invoking command in '/home/ubuntu/Pibot_ROS2_workspace/src/pibot_controller/build/pibot_controller': CMAKE_PREFIX_PATH=/opt/ros/humble /usr/bin/cmake --build /home/ubuntu/Pibot_ROS2_workspace/src/pibot_controller/build/pibot_controller -- -j8 -l8
[0.553s] DEBUG:colcon.colcon_core.event_handler.log_command:Invoked command in '/home/ubuntu/Pibot_ROS2_workspace/src/pibot_controller/build/pibot_controller' returned '0': CMAKE_PREFIX_PATH=/opt/ros/humble /usr/bin/cmake --build /home/ubuntu/Pibot_ROS2_workspace/src/pibot_controller/build/pibot_controller -- -j8 -l8
[0.557s] DEBUG:colcon.colcon_core.event_handler.log_command:Invoking command in '/home/ubuntu/Pibot_ROS2_workspace/src/pibot_controller/build/pibot_controller': CMAKE_PREFIX_PATH=/opt/ros/humble /usr/bin/cmake --install /home/ubuntu/Pibot_ROS2_workspace/src/pibot_controller/build/pibot_controller
[0.562s] Level 1:colcon.colcon_core.environment:create_environment_scripts_only(pibot_controller)
[0.562s] DEBUG:colcon.colcon_core.event_handler.log_command:Invoked command in '/home/ubuntu/Pibot_ROS2_workspace/src/pibot_controller/build/pibot_controller' returned '0': CMAKE_PREFIX_PATH=/opt/ros/humble /usr/bin/cmake --install /home/ubuntu/Pibot_ROS2_workspace/src/pibot_controller/build/pibot_controller
[0.563s] Level 1:colcon.colcon_core.environment:checking '/home/ubuntu/Pibot_ROS2_workspace/src/pibot_controller/install/pibot_controller' for CMake module files
[0.564s] Level 1:colcon.colcon_core.environment:checking '/home/ubuntu/Pibot_ROS2_workspace/src/pibot_controller/install/pibot_controller' for CMake config files
[0.564s] Level 1:colcon.colcon_core.shell:create_environment_hook('pibot_controller', 'cmake_prefix_path')
[0.564s] INFO:colcon.colcon_core.shell:Creating environment hook '/home/ubuntu/Pibot_ROS2_workspace/src/pibot_controller/install/pibot_controller/share/pibot_controller/hook/cmake_prefix_path.ps1'
[0.564s] INFO:colcon.colcon_core.shell:Creating environment descriptor '/home/ubuntu/Pibot_ROS2_workspace/src/pibot_controller/install/pibot_controller/share/pibot_controller/hook/cmake_prefix_path.dsv'
[0.564s] INFO:colcon.colcon_core.shell:Creating environment hook '/home/ubuntu/Pibot_ROS2_workspace/src/pibot_controller/install/pibot_controller/share/pibot_controller/hook/cmake_prefix_path.sh'
[0.565s] Level 1:colcon.colcon_core.environment:checking '/home/ubuntu/Pibot_ROS2_workspace/src/pibot_controller/install/pibot_controller/bin'
[0.565s] Level 1:colcon.colcon_core.environment:checking '/home/ubuntu/Pibot_ROS2_workspace/src/pibot_controller/install/pibot_controller/lib/pkgconfig/pibot_controller.pc'
[0.565s] Level 1:colcon.colcon_core.environment:checking '/home/ubuntu/Pibot_ROS2_workspace/src/pibot_controller/install/pibot_controller/lib/python3.10/site-packages'
[0.565s] Level 1:colcon.colcon_core.environment:checking '/home/ubuntu/Pibot_ROS2_workspace/src/pibot_controller/install/pibot_controller/bin'
[0.565s] INFO:colcon.colcon_core.shell:Creating package script '/home/ubuntu/Pibot_ROS2_workspace/src/pibot_controller/install/pibot_controller/share/pibot_controller/package.ps1'
[0.565s] INFO:colcon.colcon_core.shell:Creating package descriptor '/home/ubuntu/Pibot_ROS2_workspace/src/pibot_controller/install/pibot_controller/share/pibot_controller/package.dsv'
[0.566s] INFO:colcon.colcon_core.shell:Creating package script '/home/ubuntu/Pibot_ROS2_workspace/src/pibot_controller/install/pibot_controller/share/pibot_controller/package.sh'
[0.566s] INFO:colcon.colcon_core.shell:Creating package script '/home/ubuntu/Pibot_ROS2_workspace/src/pibot_controller/install/pibot_controller/share/pibot_controller/package.bash'
[0.566s] INFO:colcon.colcon_core.shell:Creating package script '/home/ubuntu/Pibot_ROS2_workspace/src/pibot_controller/install/pibot_controller/share/pibot_controller/package.zsh'
[0.566s] Level 1:colcon.colcon_core.environment:create_file_with_runtime_dependencies(/home/ubuntu/Pibot_ROS2_workspace/src/pibot_controller/install/pibot_controller/share/colcon-core/packages/pibot_controller)
[0.567s] Level 1:colcon.colcon_core.environment:create_environment_scripts_only(pibot_controller)
[0.567s] Level 1:colcon.colcon_core.environment:checking '/home/ubuntu/Pibot_ROS2_workspace/src/pibot_controller/install/pibot_controller' for CMake module files
[0.567s] Level 1:colcon.colcon_core.environment:checking '/home/ubuntu/Pibot_ROS2_workspace/src/pibot_controller/install/pibot_controller' for CMake config files
[0.567s] Level 1:colcon.colcon_core.shell:create_environment_hook('pibot_controller', 'cmake_prefix_path')
[0.567s] INFO:colcon.colcon_core.shell:Creating environment hook '/home/ubuntu/Pibot_ROS2_workspace/src/pibot_controller/install/pibot_controller/share/pibot_controller/hook/cmake_prefix_path.ps1'
[0.567s] INFO:colcon.colcon_core.shell:Creating environment descriptor '/home/ubuntu/Pibot_ROS2_workspace/src/pibot_controller/install/pibot_controller/share/pibot_controller/hook/cmake_prefix_path.dsv'
[0.567s] INFO:colcon.colcon_core.shell:Creating environment hook '/home/ubuntu/Pibot_ROS2_workspace/src/pibot_controller/install/pibot_controller/share/pibot_controller/hook/cmake_prefix_path.sh'
[0.568s] Level 1:colcon.colcon_core.environment:checking '/home/ubuntu/Pibot_ROS2_workspace/src/pibot_controller/install/pibot_controller/bin'
[0.568s] Level 1:colcon.colcon_core.environment:checking '/home/ubuntu/Pibot_ROS2_workspace/src/pibot_controller/install/pibot_controller/lib/pkgconfig/pibot_controller.pc'
[0.568s] Level 1:colcon.colcon_core.environment:checking '/home/ubuntu/Pibot_ROS2_workspace/src/pibot_controller/install/pibot_controller/lib/python3.10/site-packages'
[0.568s] Level 1:colcon.colcon_core.environment:checking '/home/ubuntu/Pibot_ROS2_workspace/src/pibot_controller/install/pibot_controller/bin'
[0.568s] INFO:colcon.colcon_core.shell:Creating package script '/home/ubuntu/Pibot_ROS2_workspace/src/pibot_controller/install/pibot_controller/share/pibot_controller/package.ps1'
[0.568s] INFO:colcon.colcon_core.shell:Creating package descriptor '/home/ubuntu/Pibot_ROS2_workspace/src/pibot_controller/install/pibot_controller/share/pibot_controller/package.dsv'
[0.568s] INFO:colcon.colcon_core.shell:Creating package script '/home/ubuntu/Pibot_ROS2_workspace/src/pibot_controller/install/pibot_controller/share/pibot_controller/package.sh'
[0.568s] INFO:colcon.colcon_core.shell:Creating package script '/home/ubuntu/Pibot_ROS2_workspace/src/pibot_controller/install/pibot_controller/share/pibot_controller/package.bash'
[0.568s] INFO:colcon.colcon_core.shell:Creating package script '/home/ubuntu/Pibot_ROS2_workspace/src/pibot_controller/install/pibot_controller/share/pibot_controller/package.zsh'
[0.569s] Level 1:colcon.colcon_core.environment:create_file_with_runtime_dependencies(/home/ubuntu/Pibot_ROS2_workspace/src/pibot_controller/install/pibot_controller/share/colcon-core/packages/pibot_controller)
[0.569s] DEBUG:colcon.colcon_parallel_executor.executor.parallel:closing loop
[0.569s] DEBUG:colcon.colcon_parallel_executor.executor.parallel:loop closed
[0.569s] DEBUG:colcon.colcon_parallel_executor.executor.parallel:run_until_complete finished with '0'
[0.569s] DEBUG:colcon.colcon_core.event_reactor:joining thread
[0.572s] INFO:colcon.colcon_core.plugin_system:Skipping extension 'colcon_notification.desktop_notification.terminal_notifier': Not used on non-Darwin systems
[0.572s] INFO:colcon.colcon_core.plugin_system:Skipping extension 'colcon_notification.desktop_notification.win32': Not used on non-Windows systems
[0.572s] INFO:colcon.colcon_notification.desktop_notification:Sending desktop notification using 'notify2'
[0.678s] DEBUG:colcon.colcon_core.event_reactor:joined thread
[0.678s] INFO:colcon.colcon_core.shell:Creating prefix script '/home/ubuntu/Pibot_ROS2_workspace/src/pibot_controller/install/local_setup.ps1'
[0.679s] INFO:colcon.colcon_core.shell:Creating prefix util module '/home/ubuntu/Pibot_ROS2_workspace/src/pibot_controller/install/_local_setup_util_ps1.py'
[0.680s] INFO:colcon.colcon_core.shell:Creating prefix chain script '/home/ubuntu/Pibot_ROS2_workspace/src/pibot_controller/install/setup.ps1'
[0.680s] INFO:colcon.colcon_core.shell:Creating prefix script '/home/ubuntu/Pibot_ROS2_workspace/src/pibot_controller/install/local_setup.sh'
[0.680s] INFO:colcon.colcon_core.shell:Creating prefix util module '/home/ubuntu/Pibot_ROS2_workspace/src/pibot_controller/install/_local_setup_util_sh.py'
[0.681s] INFO:colcon.colcon_core.shell:Creating prefix chain script '/home/ubuntu/Pibot_ROS2_workspace/src/pibot_controller/install/setup.sh'
[0.681s] INFO:colcon.colcon_core.shell:Creating prefix script '/home/ubuntu/Pibot_ROS2_workspace/src/pibot_controller/install/local_setup.bash'
[0.681s] INFO:colcon.colcon_core.shell:Creating prefix chain script '/home/ubuntu/Pibot_ROS2_workspace/src/pibot_controller/install/setup.bash'
[0.682s] INFO:colcon.colcon_core.shell:Creating prefix script '/home/ubuntu/Pibot_ROS2_workspace/src/pibot_controller/install/local_setup.zsh'
[0.682s] INFO:colcon.colcon_core.shell:Creating prefix chain script '/home/ubuntu/Pibot_ROS2_workspace/src/pibot_controller/install/setup.zsh'
