[0.385s] Invoking command in '/home/ubuntu/Pibot_ROS2_workspace/src/pibot_py_examples': PYTHONPATH=/home/ubuntu/Pibot_ROS2_workspace/build/pibot_py_examples/prefix_override:/usr/lib/python3/dist-packages/colcon_core/task/python/colcon_distutils_commands:/home/ubuntu/Pibot_ROS2_workspace/install/pibot_py_examples/lib/python3.10/site-packages:${PYTHONPATH} /usr/bin/python3 -W ignore:setup.py install is deprecated -W ignore:easy_install command is deprecated setup.py egg_info --egg-base ../../build/pibot_py_examples build --build-base /home/ubuntu/Pibot_ROS2_workspace/build/pibot_py_examples/build install --record /home/ubuntu/Pibot_ROS2_workspace/build/pibot_py_examples/install.log --single-version-externally-managed install_data
[0.487s] running egg_info
[0.487s] writing ../../build/pibot_py_examples/pibot_py_examples.egg-info/PKG-INFO
[0.488s] writing dependency_links to ../../build/pibot_py_examples/pibot_py_examples.egg-info/dependency_links.txt
[0.488s] writing entry points to ../../build/pibot_py_examples/pibot_py_examples.egg-info/entry_points.txt
[0.488s] writing requirements to ../../build/pibot_py_examples/pibot_py_examples.egg-info/requires.txt
[0.488s] writing top-level names to ../../build/pibot_py_examples/pibot_py_examples.egg-info/top_level.txt
[0.489s] reading manifest file '../../build/pibot_py_examples/pibot_py_examples.egg-info/SOURCES.txt'
[0.489s] writing manifest file '../../build/pibot_py_examples/pibot_py_examples.egg-info/SOURCES.txt'
[0.489s] running build
[0.489s] running build_py
[0.489s] running install
[0.489s] running install_lib
[0.490s] running install_data
[0.490s] running install_egg_info
[0.491s] removing '/home/ubuntu/Pibot_ROS2_workspace/install/pibot_py_examples/lib/python3.10/site-packages/pibot_py_examples-0.0.0-py3.10.egg-info' (and everything under it)
[0.491s] Copying ../../build/pibot_py_examples/pibot_py_examples.egg-info to /home/ubuntu/Pibot_ROS2_workspace/install/pibot_py_examples/lib/python3.10/site-packages/pibot_py_examples-0.0.0-py3.10.egg-info
[0.492s] running install_scripts
[0.501s] writing list of installed files to '/home/ubuntu/Pibot_ROS2_workspace/build/pibot_py_examples/install.log'
[0.513s] Invoked command in '/home/ubuntu/Pibot_ROS2_workspace/src/pibot_py_examples' returned '0': PYTHONPATH=/home/ubuntu/Pibot_ROS2_workspace/build/pibot_py_examples/prefix_override:/usr/lib/python3/dist-packages/colcon_core/task/python/colcon_distutils_commands:/home/ubuntu/Pibot_ROS2_workspace/install/pibot_py_examples/lib/python3.10/site-packages:${PYTHONPATH} /usr/bin/python3 -W ignore:setup.py install is deprecated -W ignore:easy_install command is deprecated setup.py egg_info --egg-base ../../build/pibot_py_examples build --build-base /home/ubuntu/Pibot_ROS2_workspace/build/pibot_py_examples/build install --record /home/ubuntu/Pibot_ROS2_workspace/build/pibot_py_examples/install.log --single-version-externally-managed install_data
