[0.011s] Invoking command in '/home/ubuntu/Pibot_ROS2_workspace/build/pibot_description': CMAKE_PREFIX_PATH=${CMAKE_PREFIX_PATH}:/home/ubuntu/Pibot_ROS2_workspace/install/pibot_py_examples:/opt/ros/humble /usr/bin/cmake --build /home/ubuntu/Pibot_ROS2_workspace/build/pibot_description -- -j8 -l8
[0.131s] Invoked command in '/home/ubuntu/Pibot_ROS2_workspace/build/pibot_description' returned '0': CMAKE_PREFIX_PATH=${CMAKE_PREFIX_PATH}:/home/ubuntu/Pibot_ROS2_workspace/install/pibot_py_examples:/opt/ros/humble /usr/bin/cmake --build /home/ubuntu/Pibot_ROS2_workspace/build/pibot_description -- -j8 -l8
[0.136s] Invoking command in '/home/ubuntu/Pibot_ROS2_workspace/build/pibot_description': CMAKE_PREFIX_PATH=${CMAKE_PREFIX_PATH}:/home/ubuntu/Pibot_ROS2_workspace/install/pibot_py_examples:/opt/ros/humble /usr/bin/cmake --install /home/ubuntu/Pibot_ROS2_workspace/build/pibot_description
[0.139s] -- Install configuration: ""
[0.140s] -- Up-to-date: /home/ubuntu/Pibot_ROS2_workspace/install/pibot_description/share/pibot_description/launch
[0.140s] -- Up-to-date: /home/ubuntu/Pibot_ROS2_workspace/install/pibot_description/share/pibot_description/launch/display.launch.py
[0.141s] -- Up-to-date: /home/ubuntu/Pibot_ROS2_workspace/install/pibot_description/share/pibot_description/launch/gazebo.launch.py
[0.141s] -- Up-to-date: /home/ubuntu/Pibot_ROS2_workspace/install/pibot_description/share/pibot_description/meshes
[0.141s] -- Up-to-date: /home/ubuntu/Pibot_ROS2_workspace/install/pibot_description/share/pibot_description/meshes/caster_rear_link.STL
[0.141s] -- Up-to-date: /home/ubuntu/Pibot_ROS2_workspace/install/pibot_description/share/pibot_description/meshes/imu_link.STL
[0.142s] -- Up-to-date: /home/ubuntu/Pibot_ROS2_workspace/install/pibot_description/share/pibot_description/meshes/caster_front_link.STL
[0.142s] -- Up-to-date: /home/ubuntu/Pibot_ROS2_workspace/install/pibot_description/share/pibot_description/meshes/wheel_right_link.STL
[0.142s] -- Up-to-date: /home/ubuntu/Pibot_ROS2_workspace/install/pibot_description/share/pibot_description/meshes/wheel_left_link.STL
[0.142s] -- Up-to-date: /home/ubuntu/Pibot_ROS2_workspace/install/pibot_description/share/pibot_description/meshes/base_link.STL
[0.142s] -- Up-to-date: /home/ubuntu/Pibot_ROS2_workspace/install/pibot_description/share/pibot_description/urdf
[0.142s] -- Up-to-date: /home/ubuntu/Pibot_ROS2_workspace/install/pibot_description/share/pibot_description/urdf/pibot_ros2_control.xacro
[0.142s] -- Up-to-date: /home/ubuntu/Pibot_ROS2_workspace/install/pibot_description/share/pibot_description/urdf/pibot_gazebo.xacro
[0.142s] -- Installing: /home/ubuntu/Pibot_ROS2_workspace/install/pibot_description/share/pibot_description/urdf/pibot.urdf.xacro
[0.142s] -- Up-to-date: /home/ubuntu/Pibot_ROS2_workspace/install/pibot_description/share/pibot_description/rviz
[0.143s] -- Up-to-date: /home/ubuntu/Pibot_ROS2_workspace/install/pibot_description/share/pibot_description/rviz/display.rviz
[0.143s] -- Up-to-date: /home/ubuntu/Pibot_ROS2_workspace/install/pibot_description/share/ament_index/resource_index/package_run_dependencies/pibot_description
[0.144s] -- Up-to-date: /home/ubuntu/Pibot_ROS2_workspace/install/pibot_description/share/ament_index/resource_index/parent_prefix_path/pibot_description
[0.144s] -- Up-to-date: /home/ubuntu/Pibot_ROS2_workspace/install/pibot_description/share/pibot_description/environment/ament_prefix_path.sh
[0.144s] -- Up-to-date: /home/ubuntu/Pibot_ROS2_workspace/install/pibot_description/share/pibot_description/environment/ament_prefix_path.dsv
[0.144s] -- Up-to-date: /home/ubuntu/Pibot_ROS2_workspace/install/pibot_description/share/pibot_description/environment/path.sh
[0.144s] -- Up-to-date: /home/ubuntu/Pibot_ROS2_workspace/install/pibot_description/share/pibot_description/environment/path.dsv
[0.144s] -- Up-to-date: /home/ubuntu/Pibot_ROS2_workspace/install/pibot_description/share/pibot_description/local_setup.bash
[0.144s] -- Up-to-date: /home/ubuntu/Pibot_ROS2_workspace/install/pibot_description/share/pibot_description/local_setup.sh
[0.145s] -- Up-to-date: /home/ubuntu/Pibot_ROS2_workspace/install/pibot_description/share/pibot_description/local_setup.zsh
[0.145s] -- Up-to-date: /home/ubuntu/Pibot_ROS2_workspace/install/pibot_description/share/pibot_description/local_setup.dsv
[0.145s] -- Installing: /home/ubuntu/Pibot_ROS2_workspace/install/pibot_description/share/pibot_description/package.dsv
[0.145s] -- Up-to-date: /home/ubuntu/Pibot_ROS2_workspace/install/pibot_description/share/ament_index/resource_index/packages/pibot_description
[0.145s] -- Up-to-date: /home/ubuntu/Pibot_ROS2_workspace/install/pibot_description/share/pibot_description/cmake/pibot_descriptionConfig.cmake
[0.145s] -- Up-to-date: /home/ubuntu/Pibot_ROS2_workspace/install/pibot_description/share/pibot_description/cmake/pibot_descriptionConfig-version.cmake
[0.145s] -- Up-to-date: /home/ubuntu/Pibot_ROS2_workspace/install/pibot_description/share/pibot_description/package.xml
[0.154s] Invoked command in '/home/ubuntu/Pibot_ROS2_workspace/build/pibot_description' returned '0': CMAKE_PREFIX_PATH=${CMAKE_PREFIX_PATH}:/home/ubuntu/Pibot_ROS2_workspace/install/pibot_py_examples:/opt/ros/humble /usr/bin/cmake --install /home/ubuntu/Pibot_ROS2_workspace/build/pibot_description
