[0.490s] Invoking command in '/home/ubuntu/pibot_ws/pibot_py_examples': PYTHONPATH=/home/ubuntu/pibot_ws/build/pibot_py_examples/prefix_override:/usr/lib/python3/dist-packages/colcon_core/task/python/colcon_distutils_commands:/home/ubuntu/pibot_ws/install/pibot_py_examples/lib/python3.10/site-packages:${PYTHONPATH} /usr/bin/python3 -W ignore:setup.py install is deprecated -W ignore:easy_install command is deprecated setup.py egg_info --egg-base ../build/pibot_py_examples build --build-base /home/ubuntu/pibot_ws/build/pibot_py_examples/build install --record /home/ubuntu/pibot_ws/build/pibot_py_examples/install.log --single-version-externally-managed install_data
[0.607s] running egg_info
[0.608s] writing ../build/pibot_py_examples/pibot_py_examples.egg-info/PKG-INFO
[0.608s] writing dependency_links to ../build/pibot_py_examples/pibot_py_examples.egg-info/dependency_links.txt
[0.608s] writing entry points to ../build/pibot_py_examples/pibot_py_examples.egg-info/entry_points.txt
[0.609s] writing requirements to ../build/pibot_py_examples/pibot_py_examples.egg-info/requires.txt
[0.609s] writing top-level names to ../build/pibot_py_examples/pibot_py_examples.egg-info/top_level.txt
[0.609s] reading manifest file '../build/pibot_py_examples/pibot_py_examples.egg-info/SOURCES.txt'
[0.610s] writing manifest file '../build/pibot_py_examples/pibot_py_examples.egg-info/SOURCES.txt'
[0.610s] running build
[0.611s] running build_py
[0.611s] copying pibot_py_examples/simple_publisher.py -> /home/ubuntu/pibot_ws/build/pibot_py_examples/build/lib/pibot_py_examples
[0.611s] running install
[0.611s] running install_lib
[0.612s] copying /home/ubuntu/pibot_ws/build/pibot_py_examples/build/lib/pibot_py_examples/simple_publisher.py -> /home/ubuntu/pibot_ws/install/pibot_py_examples/lib/python3.10/site-packages/pibot_py_examples
[0.612s] byte-compiling /home/ubuntu/pibot_ws/install/pibot_py_examples/lib/python3.10/site-packages/pibot_py_examples/simple_publisher.py to simple_publisher.cpython-310.pyc
[0.612s] running install_data
[0.612s] running install_egg_info
[0.613s] removing '/home/ubuntu/pibot_ws/install/pibot_py_examples/lib/python3.10/site-packages/pibot_py_examples-0.0.0-py3.10.egg-info' (and everything under it)
[0.613s] Copying ../build/pibot_py_examples/pibot_py_examples.egg-info to /home/ubuntu/pibot_ws/install/pibot_py_examples/lib/python3.10/site-packages/pibot_py_examples-0.0.0-py3.10.egg-info
[0.614s] running install_scripts
[0.623s] Installing simple_publisher script to /home/ubuntu/pibot_ws/install/pibot_py_examples/lib/pibot_py_examples
[0.623s] writing list of installed files to '/home/ubuntu/pibot_ws/build/pibot_py_examples/install.log'
[0.641s] Invoked command in '/home/ubuntu/pibot_ws/pibot_py_examples' returned '0': PYTHONPATH=/home/ubuntu/pibot_ws/build/pibot_py_examples/prefix_override:/usr/lib/python3/dist-packages/colcon_core/task/python/colcon_distutils_commands:/home/ubuntu/pibot_ws/install/pibot_py_examples/lib/python3.10/site-packages:${PYTHONPATH} /usr/bin/python3 -W ignore:setup.py install is deprecated -W ignore:easy_install command is deprecated setup.py egg_info --egg-base ../build/pibot_py_examples build --build-base /home/ubuntu/pibot_ws/build/pibot_py_examples/build install --record /home/ubuntu/pibot_ws/build/pibot_py_examples/install.log --single-version-externally-managed install_data
