[0.344s] Invoking command in '/home/ubuntu/Pibot_ROS2_workspace/src/pibot_py_examples': PYTHONPATH=/home/ubuntu/Pibot_ROS2_workspace/build/pibot_py_examples/prefix_override:/usr/lib/python3/dist-packages/colcon_core/task/python/colcon_distutils_commands:/home/ubuntu/Pibot_ROS2_workspace/install/pibot_py_examples/lib/python3.10/site-packages:${PYTHONPATH} /usr/bin/python3 -W ignore:setup.py install is deprecated -W ignore:easy_install command is deprecated setup.py egg_info --egg-base ../../build/pibot_py_examples build --build-base /home/ubuntu/Pibot_ROS2_workspace/build/pibot_py_examples/build install --record /home/ubuntu/Pibot_ROS2_workspace/build/pibot_py_examples/install.log --single-version-externally-managed install_data
[0.467s] running egg_info
[0.467s] creating ../../build/pibot_py_examples/pibot_py_examples.egg-info
[0.468s] writing ../../build/pibot_py_examples/pibot_py_examples.egg-info/PKG-INFO
[0.468s] writing dependency_links to ../../build/pibot_py_examples/pibot_py_examples.egg-info/dependency_links.txt
[0.468s] writing entry points to ../../build/pibot_py_examples/pibot_py_examples.egg-info/entry_points.txt
[0.468s] writing requirements to ../../build/pibot_py_examples/pibot_py_examples.egg-info/requires.txt
[0.468s] writing top-level names to ../../build/pibot_py_examples/pibot_py_examples.egg-info/top_level.txt
[0.468s] writing manifest file '../../build/pibot_py_examples/pibot_py_examples.egg-info/SOURCES.txt'
[0.468s] reading manifest file '../../build/pibot_py_examples/pibot_py_examples.egg-info/SOURCES.txt'
[0.469s] writing manifest file '../../build/pibot_py_examples/pibot_py_examples.egg-info/SOURCES.txt'
[0.469s] running build
[0.469s] running build_py
[0.469s] creating /home/ubuntu/Pibot_ROS2_workspace/build/pibot_py_examples/build
[0.469s] creating /home/ubuntu/Pibot_ROS2_workspace/build/pibot_py_examples/build/lib
[0.469s] creating /home/ubuntu/Pibot_ROS2_workspace/build/pibot_py_examples/build/lib/pibot_py_examples
[0.469s] copying pibot_py_examples/__init__.py -> /home/ubuntu/Pibot_ROS2_workspace/build/pibot_py_examples/build/lib/pibot_py_examples
[0.469s] running install
[0.469s] running install_lib
[0.470s] creating /home/ubuntu/Pibot_ROS2_workspace/install/pibot_py_examples/lib/python3.10/site-packages/pibot_py_examples
[0.470s] copying /home/ubuntu/Pibot_ROS2_workspace/build/pibot_py_examples/build/lib/pibot_py_examples/__init__.py -> /home/ubuntu/Pibot_ROS2_workspace/install/pibot_py_examples/lib/python3.10/site-packages/pibot_py_examples
[0.470s] byte-compiling /home/ubuntu/Pibot_ROS2_workspace/install/pibot_py_examples/lib/python3.10/site-packages/pibot_py_examples/__init__.py to __init__.cpython-310.pyc
[0.470s] running install_data
[0.470s] creating /home/ubuntu/Pibot_ROS2_workspace/install/pibot_py_examples/share/ament_index
[0.471s] creating /home/ubuntu/Pibot_ROS2_workspace/install/pibot_py_examples/share/ament_index/resource_index
[0.471s] creating /home/ubuntu/Pibot_ROS2_workspace/install/pibot_py_examples/share/ament_index/resource_index/packages
[0.471s] copying resource/pibot_py_examples -> /home/ubuntu/Pibot_ROS2_workspace/install/pibot_py_examples/share/ament_index/resource_index/packages
[0.471s] copying package.xml -> /home/ubuntu/Pibot_ROS2_workspace/install/pibot_py_examples/share/pibot_py_examples
[0.471s] running install_egg_info
[0.472s] Copying ../../build/pibot_py_examples/pibot_py_examples.egg-info to /home/ubuntu/Pibot_ROS2_workspace/install/pibot_py_examples/lib/python3.10/site-packages/pibot_py_examples-0.0.0-py3.10.egg-info
[0.472s] running install_scripts
[0.482s] writing list of installed files to '/home/ubuntu/Pibot_ROS2_workspace/build/pibot_py_examples/install.log'
